-- Install configuration: ""
-- Up-to-date: /media/carl/ros/d2lros2/chapt2/nav2_Ws/src/install/fishbot_navigation2/share/fishbot_navigation2/launch
-- Installing: /media/carl/ros/d2lros2/chapt2/nav2_Ws/src/install/fishbot_navigation2/share/fishbot_navigation2/launch/navigation2.launch.py
-- Up-to-date: /media/carl/ros/d2lros2/chapt2/nav2_Ws/src/install/fishbot_navigation2/share/fishbot_navigation2/param
-- Up-to-date: /media/carl/ros/d2lros2/chapt2/nav2_Ws/src/install/fishbot_navigation2/share/fishbot_navigation2/maps
-- Up-to-date: /media/carl/ros/d2lros2/chapt2/nav2_Ws/src/install/fishbot_navigation2/share/fishbot_navigation2/maps/my_map.pgm
-- Up-to-date: /media/carl/ros/d2lros2/chapt2/nav2_Ws/src/install/fishbot_navigation2/share/fishbot_navigation2/maps/fishbot.rviz
-- Up-to-date: /media/carl/ros/d2lros2/chapt2/nav2_Ws/src/install/fishbot_navigation2/share/fishbot_navigation2/maps/my_map.yaml
-- Up-to-date: /media/carl/ros/d2lros2/chapt2/nav2_Ws/src/install/fishbot_navigation2/share/fishbot_navigation2/maps/fishbot_map.png
-- Up-to-date: /media/carl/ros/d2lros2/chapt2/nav2_Ws/src/install/fishbot_navigation2/share/fishbot_navigation2/maps/fishbot_map.pgm
-- Up-to-date: /media/carl/ros/d2lros2/chapt2/nav2_Ws/src/install/fishbot_navigation2/share/fishbot_navigation2/maps/fishbot_map.yaml
-- Up-to-date: /media/carl/ros/d2lros2/chapt2/nav2_Ws/src/install/fishbot_navigation2/share/ament_index/resource_index/package_run_dependencies/fishbot_navigation2
-- Up-to-date: /media/carl/ros/d2lros2/chapt2/nav2_Ws/src/install/fishbot_navigation2/share/ament_index/resource_index/parent_prefix_path/fishbot_navigation2
-- Up-to-date: /media/carl/ros/d2lros2/chapt2/nav2_Ws/src/install/fishbot_navigation2/share/fishbot_navigation2/environment/ament_prefix_path.sh
-- Up-to-date: /media/carl/ros/d2lros2/chapt2/nav2_Ws/src/install/fishbot_navigation2/share/fishbot_navigation2/environment/ament_prefix_path.dsv
-- Up-to-date: /media/carl/ros/d2lros2/chapt2/nav2_Ws/src/install/fishbot_navigation2/share/fishbot_navigation2/environment/path.sh
-- Up-to-date: /media/carl/ros/d2lros2/chapt2/nav2_Ws/src/install/fishbot_navigation2/share/fishbot_navigation2/environment/path.dsv
-- Up-to-date: /media/carl/ros/d2lros2/chapt2/nav2_Ws/src/install/fishbot_navigation2/share/fishbot_navigation2/local_setup.bash
-- Up-to-date: /media/carl/ros/d2lros2/chapt2/nav2_Ws/src/install/fishbot_navigation2/share/fishbot_navigation2/local_setup.sh
-- Up-to-date: /media/carl/ros/d2lros2/chapt2/nav2_Ws/src/install/fishbot_navigation2/share/fishbot_navigation2/local_setup.zsh
-- Up-to-date: /media/carl/ros/d2lros2/chapt2/nav2_Ws/src/install/fishbot_navigation2/share/fishbot_navigation2/local_setup.dsv
-- Up-to-date: /media/carl/ros/d2lros2/chapt2/nav2_Ws/src/install/fishbot_navigation2/share/fishbot_navigation2/package.dsv
-- Up-to-date: /media/carl/ros/d2lros2/chapt2/nav2_Ws/src/install/fishbot_navigation2/share/ament_index/resource_index/packages/fishbot_navigation2
-- Up-to-date: /media/carl/ros/d2lros2/chapt2/nav2_Ws/src/install/fishbot_navigation2/share/fishbot_navigation2/cmake/fishbot_navigation2Config.cmake
-- Up-to-date: /media/carl/ros/d2lros2/chapt2/nav2_Ws/src/install/fishbot_navigation2/share/fishbot_navigation2/cmake/fishbot_navigation2Config-version.cmake
-- Up-to-date: /media/carl/ros/d2lros2/chapt2/nav2_Ws/src/install/fishbot_navigation2/share/fishbot_navigation2/package.xml
