[0.010s] Invoking command in '/home/carl/Desktop/d2lros2/chapt2/chapt4_ws/src/build/robot_control_interfaces': CMAKE_PREFIX_PATH=/opt/ros/humble /usr/bin/cmake /home/carl/Desktop/d2lros2/chapt2/chapt4_ws/src/robot_control_interfaces -DCMAKE_INSTALL_PREFIX=/home/carl/Desktop/d2lros2/chapt2/chapt4_ws/src/install/robot_control_interfaces
[0.046s] -- The C compiler identification is GNU 11.3.0
[0.085s] -- The CXX compiler identification is GNU 11.3.0
[0.089s] -- Detecting C compiler ABI info
[0.133s] -- Detecting C compiler ABI info - done
[0.139s] -- Check for working C compiler: /usr/bin/cc - skipped
[0.139s] -- Detecting C compile features
[0.139s] -- Detecting C compile features - done
[0.141s] -- Detecting CXX compiler ABI info
[0.194s] -- Detecting CXX compiler ABI info - done
[0.200s] -- Check for working CXX compiler: /usr/bin/c++ - skipped
[0.200s] -- Detecting CXX compile features
[0.201s] -- Detecting CXX compile features - done
[0.202s] -- Found ament_cmake: 1.3.3 (/opt/ros/humble/share/ament_cmake/cmake)
[0.326s] -- Found Python3: /usr/bin/python3.10 (found version "3.10.6") found components: Interpreter 
[0.385s] -- Found rosidl_default_generators: 1.2.0 (/opt/ros/humble/share/rosidl_default_generators/cmake)
[0.387s] -- Using all available rosidl_typesupport_c: rosidl_typesupport_fastrtps_c;rosidl_typesupport_introspection_c
[0.391s] -- Found rosidl_adapter: 3.1.4 (/opt/ros/humble/share/rosidl_adapter/cmake)
[0.421s] -- Using all available rosidl_typesupport_cpp: rosidl_typesupport_fastrtps_cpp;rosidl_typesupport_introspection_cpp
[0.728s] -- Found ament_cmake_ros: 0.10.0 (/opt/ros/humble/share/ament_cmake_ros/cmake)
[0.873s] -- Using all available rosidl_typesupport_c: rosidl_typesupport_fastrtps_c;rosidl_typesupport_introspection_c
[1.060s] -- Using all available rosidl_typesupport_cpp: rosidl_typesupport_fastrtps_cpp;rosidl_typesupport_introspection_cpp
[1.077s] -- Found PythonInterp: /usr/bin/python3 (found suitable version "3.10.6", minimum required is "3.6") 
[1.078s] -- Found python_cmake_module: 0.10.0 (/opt/ros/humble/share/python_cmake_module/cmake)
[1.096s] -- Found PythonLibs: /usr/lib/x86_64-linux-gnu/libpython3.10.so (found suitable version "3.10.6", minimum required is "3.5") 
[1.097s] -- Using PYTHON_EXECUTABLE: /usr/bin/python3
[1.097s] -- Using PYTHON_INCLUDE_DIRS: /usr/include/python3.10
[1.097s] -- Using PYTHON_LIBRARIES: /usr/lib/x86_64-linux-gnu/libpython3.10.so
[1.114s] -- Found PythonExtra: .so  
[1.144s] -- Found ament_lint_auto: 0.12.5 (/opt/ros/humble/share/ament_lint_auto/cmake)
[1.157s] -- Added test 'lint_cmake' to check CMake code style
[1.158s] -- Added test 'xmllint' to check XML markup files
[1.160s] -- Configuring done
[1.184s] -- Generating done
[1.186s] -- Build files have been written to: /home/carl/Desktop/d2lros2/chapt2/chapt4_ws/src/build/robot_control_interfaces
[1.190s] Invoked command in '/home/carl/Desktop/d2lros2/chapt2/chapt4_ws/src/build/robot_control_interfaces' returned '0': CMAKE_PREFIX_PATH=/opt/ros/humble /usr/bin/cmake /home/carl/Desktop/d2lros2/chapt2/chapt4_ws/src/robot_control_interfaces -DCMAKE_INSTALL_PREFIX=/home/carl/Desktop/d2lros2/chapt2/chapt4_ws/src/install/robot_control_interfaces
[1.191s] Invoking command in '/home/carl/Desktop/d2lros2/chapt2/chapt4_ws/src/build/robot_control_interfaces': CMAKE_PREFIX_PATH=/opt/ros/humble /usr/bin/cmake --build /home/carl/Desktop/d2lros2/chapt2/chapt4_ws/src/build/robot_control_interfaces -- -j8 -l8
[1.217s] [  3%] [34m[1mGenerating C code for ROS interfaces[0m
[1.223s] [  6%] [34m[1mGenerating C++ code for ROS interfaces[0m
[1.229s] [  6%] Built target ament_cmake_python_copy_robot_control_interfaces
[1.438s] running egg_info
[1.439s] creating robot_control_interfaces.egg-info
[1.440s] writing robot_control_interfaces.egg-info/PKG-INFO
[1.440s] writing dependency_links to robot_control_interfaces.egg-info/dependency_links.txt
[1.440s] writing top-level names to robot_control_interfaces.egg-info/top_level.txt
[1.440s] writing manifest file 'robot_control_interfaces.egg-info/SOURCES.txt'
[1.442s] reading manifest file 'robot_control_interfaces.egg-info/SOURCES.txt'
[1.442s] writing manifest file 'robot_control_interfaces.egg-info/SOURCES.txt'
[1.468s] [  6%] Built target ament_cmake_python_build_robot_control_interfaces_egg
[1.641s] [  9%] [32mBuilding C object CMakeFiles/robot_control_interfaces__rosidl_generator_c.dir/rosidl_generator_c/robot_control_interfaces/action/detail/move_robot__functions.c.o[0m
[1.641s] [  9%] Built target robot_control_interfaces__cpp
[1.648s] [ 16%] [34m[1mGenerating C++ introspection for ROS interfaces[0m
[1.648s] [ 16%] [34m[1mGenerating C++ type support for eProsima Fast-RTPS[0m
[1.648s] [ 19%] [34m[1mGenerating C++ type support dispatch for ROS interfaces[0m
[1.749s] [ 22%] [32m[1mLinking C shared library librobot_control_interfaces__rosidl_generator_c.so[0m
[1.776s] [ 22%] Built target robot_control_interfaces__rosidl_generator_c
[1.784s] [ 32%] [34m[1mGenerating C type support for eProsima Fast-RTPS[0m
[1.785s] [ 32%] [34m[1mGenerating C type support dispatch for ROS interfaces[0m
[1.785s] [ 32%] [34m[1mGenerating C introspection for ROS interfaces[0m
[1.982s] [ 35%] [32mBuilding CXX object CMakeFiles/robot_control_interfaces__rosidl_typesupport_cpp.dir/rosidl_typesupport_cpp/robot_control_interfaces/action/move_robot__type_support.cpp.o[0m
[1.999s] [ 38%] [32mBuilding CXX object CMakeFiles/robot_control_interfaces__rosidl_typesupport_introspection_cpp.dir/rosidl_typesupport_introspection_cpp/robot_control_interfaces/action/detail/move_robot__type_support.cpp.o[0m
[2.075s] [ 41%] [32mBuilding CXX object CMakeFiles/robot_control_interfaces__rosidl_typesupport_fastrtps_cpp.dir/rosidl_typesupport_fastrtps_cpp/robot_control_interfaces/action/detail/dds_fastrtps/move_robot__type_support.cpp.o[0m
[2.174s] [ 45%] [32mBuilding C object CMakeFiles/robot_control_interfaces__rosidl_typesupport_introspection_c.dir/rosidl_typesupport_introspection_c/robot_control_interfaces/action/detail/move_robot__type_support.c.o[0m
[2.234s] [ 48%] [32m[1mLinking C shared library librobot_control_interfaces__rosidl_typesupport_introspection_c.so[0m
[2.241s] [ 51%] [32mBuilding CXX object CMakeFiles/robot_control_interfaces__rosidl_typesupport_c.dir/rosidl_typesupport_c/robot_control_interfaces/action/move_robot__type_support.cpp.o[0m
[2.266s] [ 51%] Built target robot_control_interfaces__rosidl_typesupport_introspection_c
[2.274s] [ 54%] [32m[1mLinking CXX shared library librobot_control_interfaces__rosidl_typesupport_c.so[0m
[2.306s] [ 54%] Built target robot_control_interfaces__rosidl_typesupport_c
[2.373s] [ 58%] [32mBuilding CXX object CMakeFiles/robot_control_interfaces__rosidl_typesupport_fastrtps_c.dir/rosidl_typesupport_fastrtps_c/robot_control_interfaces/action/detail/move_robot__type_support_c.cpp.o[0m
[2.483s] [ 61%] [32m[1mLinking CXX shared library librobot_control_interfaces__rosidl_typesupport_cpp.so[0m
[2.514s] [ 61%] Built target robot_control_interfaces__rosidl_typesupport_cpp
[2.555s] [ 64%] [32m[1mLinking CXX shared library librobot_control_interfaces__rosidl_typesupport_fastrtps_cpp.so[0m
[2.566s] [ 67%] [32m[1mLinking CXX shared library librobot_control_interfaces__rosidl_typesupport_introspection_cpp.so[0m
[2.627s] [ 67%] Built target robot_control_interfaces__rosidl_typesupport_fastrtps_cpp
[2.633s] [ 67%] Built target robot_control_interfaces__rosidl_typesupport_introspection_cpp
[2.690s] [ 70%] [32m[1mLinking CXX shared library librobot_control_interfaces__rosidl_typesupport_fastrtps_c.so[0m
[2.752s] [ 70%] Built target robot_control_interfaces__rosidl_typesupport_fastrtps_c
[2.764s] [ 70%] Built target robot_control_interfaces
[2.776s] [ 74%] [34m[1mGenerating Python code for ROS interfaces[0m
[3.437s] [ 74%] Built target robot_control_interfaces__py
[3.449s] [ 77%] [32mBuilding C object CMakeFiles/robot_control_interfaces__rosidl_generator_py.dir/rosidl_generator_py/robot_control_interfaces/action/_move_robot_s.c.o[0m
[3.558s] [ 80%] [32m[1mLinking C shared library rosidl_generator_py/robot_control_interfaces/librobot_control_interfaces__rosidl_generator_py.so[0m
[3.585s] [ 80%] Built target robot_control_interfaces__rosidl_generator_py
[3.598s] [ 90%] [32mBuilding C object CMakeFiles/robot_control_interfaces__rosidl_typesupport_c__pyext.dir/rosidl_generator_py/robot_control_interfaces/_robot_control_interfaces_s.ep.rosidl_typesupport_c.c.o[0m
[3.598s] [ 90%] [32mBuilding C object CMakeFiles/robot_control_interfaces__rosidl_typesupport_fastrtps_c__pyext.dir/rosidl_generator_py/robot_control_interfaces/_robot_control_interfaces_s.ep.rosidl_typesupport_fastrtps_c.c.o[0m
[3.598s] [ 90%] [32mBuilding C object CMakeFiles/robot_control_interfaces__rosidl_typesupport_introspection_c__pyext.dir/rosidl_generator_py/robot_control_interfaces/_robot_control_interfaces_s.ep.rosidl_typesupport_introspection_c.c.o[0m
[3.694s] [ 93%] [32m[1mLinking C shared library rosidl_generator_py/robot_control_interfaces/robot_control_interfaces_s__rosidl_typesupport_c.cpython-310-x86_64-linux-gnu.so[0m
[3.694s] [ 96%] [32m[1mLinking C shared library rosidl_generator_py/robot_control_interfaces/robot_control_interfaces_s__rosidl_typesupport_fastrtps_c.cpython-310-x86_64-linux-gnu.so[0m
[3.699s] [100%] [32m[1mLinking C shared library rosidl_generator_py/robot_control_interfaces/robot_control_interfaces_s__rosidl_typesupport_introspection_c.cpython-310-x86_64-linux-gnu.so[0m
[3.724s] [100%] Built target robot_control_interfaces__rosidl_typesupport_c__pyext
[3.725s] [100%] Built target robot_control_interfaces__rosidl_typesupport_fastrtps_c__pyext
[3.729s] [100%] Built target robot_control_interfaces__rosidl_typesupport_introspection_c__pyext
[3.737s] Invoked command in '/home/carl/Desktop/d2lros2/chapt2/chapt4_ws/src/build/robot_control_interfaces' returned '0': CMAKE_PREFIX_PATH=/opt/ros/humble /usr/bin/cmake --build /home/carl/Desktop/d2lros2/chapt2/chapt4_ws/src/build/robot_control_interfaces -- -j8 -l8
[3.772s] Invoking command in '/home/carl/Desktop/d2lros2/chapt2/chapt4_ws/src/build/robot_control_interfaces': CMAKE_PREFIX_PATH=/opt/ros/humble /usr/bin/cmake --install /home/carl/Desktop/d2lros2/chapt2/chapt4_ws/src/build/robot_control_interfaces
[3.778s] -- Install configuration: ""
[3.778s] -- Installing: /home/carl/Desktop/d2lros2/chapt2/chapt4_ws/src/install/robot_control_interfaces/share/ament_index/resource_index/rosidl_interfaces/robot_control_interfaces
[3.778s] -- Installing: /home/carl/Desktop/d2lros2/chapt2/chapt4_ws/src/install/robot_control_interfaces/include/robot_control_interfaces/robot_control_interfaces
[3.778s] -- Installing: /home/carl/Desktop/d2lros2/chapt2/chapt4_ws/src/install/robot_control_interfaces/include/robot_control_interfaces/robot_control_interfaces/msg
[3.778s] -- Installing: /home/carl/Desktop/d2lros2/chapt2/chapt4_ws/src/install/robot_control_interfaces/include/robot_control_interfaces/robot_control_interfaces/msg/rosidl_generator_c__visibility_control.h
[3.778s] -- Installing: /home/carl/Desktop/d2lros2/chapt2/chapt4_ws/src/install/robot_control_interfaces/include/robot_control_interfaces/robot_control_interfaces/action
[3.778s] -- Installing: /home/carl/Desktop/d2lros2/chapt2/chapt4_ws/src/install/robot_control_interfaces/include/robot_control_interfaces/robot_control_interfaces/action/move_robot.h
[3.778s] -- Installing: /home/carl/Desktop/d2lros2/chapt2/chapt4_ws/src/install/robot_control_interfaces/include/robot_control_interfaces/robot_control_interfaces/action/detail
[3.778s] -- Installing: /home/carl/Desktop/d2lros2/chapt2/chapt4_ws/src/install/robot_control_interfaces/include/robot_control_interfaces/robot_control_interfaces/action/detail/move_robot__struct.h
[3.778s] -- Installing: /home/carl/Desktop/d2lros2/chapt2/chapt4_ws/src/install/robot_control_interfaces/include/robot_control_interfaces/robot_control_interfaces/action/detail/move_robot__type_support.h
[3.779s] -- Installing: /home/carl/Desktop/d2lros2/chapt2/chapt4_ws/src/install/robot_control_interfaces/include/robot_control_interfaces/robot_control_interfaces/action/detail/move_robot__functions.c
[3.779s] -- Installing: /home/carl/Desktop/d2lros2/chapt2/chapt4_ws/src/install/robot_control_interfaces/include/robot_control_interfaces/robot_control_interfaces/action/detail/move_robot__functions.h
[3.779s] -- Installing: /home/carl/Desktop/d2lros2/chapt2/chapt4_ws/src/install/robot_control_interfaces/share/robot_control_interfaces/environment/library_path.sh
[3.779s] -- Installing: /home/carl/Desktop/d2lros2/chapt2/chapt4_ws/src/install/robot_control_interfaces/share/robot_control_interfaces/environment/library_path.dsv
[3.779s] -- Installing: /home/carl/Desktop/d2lros2/chapt2/chapt4_ws/src/install/robot_control_interfaces/lib/librobot_control_interfaces__rosidl_generator_c.so
[3.779s] -- Set runtime path of "/home/carl/Desktop/d2lros2/chapt2/chapt4_ws/src/install/robot_control_interfaces/lib/librobot_control_interfaces__rosidl_generator_c.so" to ""
[3.779s] -- Up-to-date: /home/carl/Desktop/d2lros2/chapt2/chapt4_ws/src/install/robot_control_interfaces/include/robot_control_interfaces/robot_control_interfaces
[3.779s] -- Up-to-date: /home/carl/Desktop/d2lros2/chapt2/chapt4_ws/src/install/robot_control_interfaces/include/robot_control_interfaces/robot_control_interfaces/msg
[3.779s] -- Installing: /home/carl/Desktop/d2lros2/chapt2/chapt4_ws/src/install/robot_control_interfaces/include/robot_control_interfaces/robot_control_interfaces/msg/rosidl_typesupport_fastrtps_c__visibility_control.h
[3.780s] -- Up-to-date: /home/carl/Desktop/d2lros2/chapt2/chapt4_ws/src/install/robot_control_interfaces/include/robot_control_interfaces/robot_control_interfaces/action
[3.780s] -- Up-to-date: /home/carl/Desktop/d2lros2/chapt2/chapt4_ws/src/install/robot_control_interfaces/include/robot_control_interfaces/robot_control_interfaces/action/detail
[3.780s] -- Installing: /home/carl/Desktop/d2lros2/chapt2/chapt4_ws/src/install/robot_control_interfaces/include/robot_control_interfaces/robot_control_interfaces/action/detail/move_robot__rosidl_typesupport_fastrtps_c.h
[3.780s] -- Installing: /home/carl/Desktop/d2lros2/chapt2/chapt4_ws/src/install/robot_control_interfaces/lib/librobot_control_interfaces__rosidl_typesupport_fastrtps_c.so
[3.780s] -- Set runtime path of "/home/carl/Desktop/d2lros2/chapt2/chapt4_ws/src/install/robot_control_interfaces/lib/librobot_control_interfaces__rosidl_typesupport_fastrtps_c.so" to ""
[3.780s] -- Up-to-date: /home/carl/Desktop/d2lros2/chapt2/chapt4_ws/src/install/robot_control_interfaces/include/robot_control_interfaces/robot_control_interfaces
[3.780s] -- Up-to-date: /home/carl/Desktop/d2lros2/chapt2/chapt4_ws/src/install/robot_control_interfaces/include/robot_control_interfaces/robot_control_interfaces/msg
[3.780s] -- Installing: /home/carl/Desktop/d2lros2/chapt2/chapt4_ws/src/install/robot_control_interfaces/include/robot_control_interfaces/robot_control_interfaces/msg/rosidl_typesupport_introspection_c__visibility_control.h
[3.780s] -- Up-to-date: /home/carl/Desktop/d2lros2/chapt2/chapt4_ws/src/install/robot_control_interfaces/include/robot_control_interfaces/robot_control_interfaces/action
[3.780s] -- Up-to-date: /home/carl/Desktop/d2lros2/chapt2/chapt4_ws/src/install/robot_control_interfaces/include/robot_control_interfaces/robot_control_interfaces/action/detail
[3.781s] -- Installing: /home/carl/Desktop/d2lros2/chapt2/chapt4_ws/src/install/robot_control_interfaces/include/robot_control_interfaces/robot_control_interfaces/action/detail/move_robot__rosidl_typesupport_introspection_c.h
[3.781s] -- Installing: /home/carl/Desktop/d2lros2/chapt2/chapt4_ws/src/install/robot_control_interfaces/include/robot_control_interfaces/robot_control_interfaces/action/detail/move_robot__type_support.c
[3.781s] -- Installing: /home/carl/Desktop/d2lros2/chapt2/chapt4_ws/src/install/robot_control_interfaces/lib/librobot_control_interfaces__rosidl_typesupport_introspection_c.so
[3.781s] -- Set runtime path of "/home/carl/Desktop/d2lros2/chapt2/chapt4_ws/src/install/robot_control_interfaces/lib/librobot_control_interfaces__rosidl_typesupport_introspection_c.so" to ""
[3.781s] -- Installing: /home/carl/Desktop/d2lros2/chapt2/chapt4_ws/src/install/robot_control_interfaces/lib/librobot_control_interfaces__rosidl_typesupport_c.so
[3.781s] -- Set runtime path of "/home/carl/Desktop/d2lros2/chapt2/chapt4_ws/src/install/robot_control_interfaces/lib/librobot_control_interfaces__rosidl_typesupport_c.so" to ""
[3.781s] -- Up-to-date: /home/carl/Desktop/d2lros2/chapt2/chapt4_ws/src/install/robot_control_interfaces/include/robot_control_interfaces/robot_control_interfaces
[3.781s] -- Up-to-date: /home/carl/Desktop/d2lros2/chapt2/chapt4_ws/src/install/robot_control_interfaces/include/robot_control_interfaces/robot_control_interfaces/action
[3.781s] -- Installing: /home/carl/Desktop/d2lros2/chapt2/chapt4_ws/src/install/robot_control_interfaces/include/robot_control_interfaces/robot_control_interfaces/action/move_robot.hpp
[3.781s] -- Up-to-date: /home/carl/Desktop/d2lros2/chapt2/chapt4_ws/src/install/robot_control_interfaces/include/robot_control_interfaces/robot_control_interfaces/action/detail
[3.782s] -- Installing: /home/carl/Desktop/d2lros2/chapt2/chapt4_ws/src/install/robot_control_interfaces/include/robot_control_interfaces/robot_control_interfaces/action/detail/move_robot__struct.hpp
[3.782s] -- Installing: /home/carl/Desktop/d2lros2/chapt2/chapt4_ws/src/install/robot_control_interfaces/include/robot_control_interfaces/robot_control_interfaces/action/detail/move_robot__builder.hpp
[3.782s] -- Installing: /home/carl/Desktop/d2lros2/chapt2/chapt4_ws/src/install/robot_control_interfaces/include/robot_control_interfaces/robot_control_interfaces/action/detail/move_robot__traits.hpp
[3.782s] -- Up-to-date: /home/carl/Desktop/d2lros2/chapt2/chapt4_ws/src/install/robot_control_interfaces/include/robot_control_interfaces/robot_control_interfaces
[3.782s] -- Up-to-date: /home/carl/Desktop/d2lros2/chapt2/chapt4_ws/src/install/robot_control_interfaces/include/robot_control_interfaces/robot_control_interfaces/msg
[3.782s] -- Installing: /home/carl/Desktop/d2lros2/chapt2/chapt4_ws/src/install/robot_control_interfaces/include/robot_control_interfaces/robot_control_interfaces/msg/rosidl_typesupport_fastrtps_cpp__visibility_control.h
[3.782s] -- Up-to-date: /home/carl/Desktop/d2lros2/chapt2/chapt4_ws/src/install/robot_control_interfaces/include/robot_control_interfaces/robot_control_interfaces/action
[3.782s] -- Up-to-date: /home/carl/Desktop/d2lros2/chapt2/chapt4_ws/src/install/robot_control_interfaces/include/robot_control_interfaces/robot_control_interfaces/action/detail
[3.782s] -- Installing: /home/carl/Desktop/d2lros2/chapt2/chapt4_ws/src/install/robot_control_interfaces/include/robot_control_interfaces/robot_control_interfaces/action/detail/dds_fastrtps
[3.782s] -- Installing: /home/carl/Desktop/d2lros2/chapt2/chapt4_ws/src/install/robot_control_interfaces/include/robot_control_interfaces/robot_control_interfaces/action/detail/move_robot__rosidl_typesupport_fastrtps_cpp.hpp
[3.782s] -- Installing: /home/carl/Desktop/d2lros2/chapt2/chapt4_ws/src/install/robot_control_interfaces/lib/librobot_control_interfaces__rosidl_typesupport_fastrtps_cpp.so
[3.783s] -- Set runtime path of "/home/carl/Desktop/d2lros2/chapt2/chapt4_ws/src/install/robot_control_interfaces/lib/librobot_control_interfaces__rosidl_typesupport_fastrtps_cpp.so" to ""
[3.783s] -- Up-to-date: /home/carl/Desktop/d2lros2/chapt2/chapt4_ws/src/install/robot_control_interfaces/include/robot_control_interfaces/robot_control_interfaces
[3.783s] -- Up-to-date: /home/carl/Desktop/d2lros2/chapt2/chapt4_ws/src/install/robot_control_interfaces/include/robot_control_interfaces/robot_control_interfaces/action
[3.783s] -- Up-to-date: /home/carl/Desktop/d2lros2/chapt2/chapt4_ws/src/install/robot_control_interfaces/include/robot_control_interfaces/robot_control_interfaces/action/detail
[3.783s] -- Installing: /home/carl/Desktop/d2lros2/chapt2/chapt4_ws/src/install/robot_control_interfaces/include/robot_control_interfaces/robot_control_interfaces/action/detail/move_robot__type_support.cpp
[3.783s] -- Installing: /home/carl/Desktop/d2lros2/chapt2/chapt4_ws/src/install/robot_control_interfaces/include/robot_control_interfaces/robot_control_interfaces/action/detail/move_robot__rosidl_typesupport_introspection_cpp.hpp
[3.783s] -- Installing: /home/carl/Desktop/d2lros2/chapt2/chapt4_ws/src/install/robot_control_interfaces/lib/librobot_control_interfaces__rosidl_typesupport_introspection_cpp.so
[3.783s] -- Set runtime path of "/home/carl/Desktop/d2lros2/chapt2/chapt4_ws/src/install/robot_control_interfaces/lib/librobot_control_interfaces__rosidl_typesupport_introspection_cpp.so" to ""
[3.783s] -- Installing: /home/carl/Desktop/d2lros2/chapt2/chapt4_ws/src/install/robot_control_interfaces/lib/librobot_control_interfaces__rosidl_typesupport_cpp.so
[3.783s] -- Set runtime path of "/home/carl/Desktop/d2lros2/chapt2/chapt4_ws/src/install/robot_control_interfaces/lib/librobot_control_interfaces__rosidl_typesupport_cpp.so" to ""
[3.783s] -- Installing: /home/carl/Desktop/d2lros2/chapt2/chapt4_ws/src/install/robot_control_interfaces/share/robot_control_interfaces/environment/pythonpath.sh
[3.784s] -- Installing: /home/carl/Desktop/d2lros2/chapt2/chapt4_ws/src/install/robot_control_interfaces/share/robot_control_interfaces/environment/pythonpath.dsv
[3.784s] -- Installing: /home/carl/Desktop/d2lros2/chapt2/chapt4_ws/src/install/robot_control_interfaces/local/lib/python3.10/dist-packages/robot_control_interfaces-0.0.0-py3.10.egg-info
[3.784s] -- Installing: /home/carl/Desktop/d2lros2/chapt2/chapt4_ws/src/install/robot_control_interfaces/local/lib/python3.10/dist-packages/robot_control_interfaces-0.0.0-py3.10.egg-info/PKG-INFO
[3.784s] -- Installing: /home/carl/Desktop/d2lros2/chapt2/chapt4_ws/src/install/robot_control_interfaces/local/lib/python3.10/dist-packages/robot_control_interfaces-0.0.0-py3.10.egg-info/top_level.txt
[3.784s] -- Installing: /home/carl/Desktop/d2lros2/chapt2/chapt4_ws/src/install/robot_control_interfaces/local/lib/python3.10/dist-packages/robot_control_interfaces-0.0.0-py3.10.egg-info/dependency_links.txt
[3.784s] -- Installing: /home/carl/Desktop/d2lros2/chapt2/chapt4_ws/src/install/robot_control_interfaces/local/lib/python3.10/dist-packages/robot_control_interfaces-0.0.0-py3.10.egg-info/SOURCES.txt
[3.784s] -- Installing: /home/carl/Desktop/d2lros2/chapt2/chapt4_ws/src/install/robot_control_interfaces/local/lib/python3.10/dist-packages/robot_control_interfaces
[3.784s] -- Installing: /home/carl/Desktop/d2lros2/chapt2/chapt4_ws/src/install/robot_control_interfaces/local/lib/python3.10/dist-packages/robot_control_interfaces/__init__.py
[3.784s] -- Installing: /home/carl/Desktop/d2lros2/chapt2/chapt4_ws/src/install/robot_control_interfaces/local/lib/python3.10/dist-packages/robot_control_interfaces/action
[3.784s] -- Installing: /home/carl/Desktop/d2lros2/chapt2/chapt4_ws/src/install/robot_control_interfaces/local/lib/python3.10/dist-packages/robot_control_interfaces/action/__init__.py
[3.784s] -- Installing: /home/carl/Desktop/d2lros2/chapt2/chapt4_ws/src/install/robot_control_interfaces/local/lib/python3.10/dist-packages/robot_control_interfaces/action/_move_robot_s.c
[3.785s] -- Installing: /home/carl/Desktop/d2lros2/chapt2/chapt4_ws/src/install/robot_control_interfaces/local/lib/python3.10/dist-packages/robot_control_interfaces/action/_move_robot.py
[3.785s] -- Installing: /home/carl/Desktop/d2lros2/chapt2/chapt4_ws/src/install/robot_control_interfaces/local/lib/python3.10/dist-packages/robot_control_interfaces/librobot_control_interfaces__rosidl_generator_py.so
[3.785s] -- Installing: /home/carl/Desktop/d2lros2/chapt2/chapt4_ws/src/install/robot_control_interfaces/local/lib/python3.10/dist-packages/robot_control_interfaces/robot_control_interfaces_s__rosidl_typesupport_introspection_c.cpython-310-x86_64-linux-gnu.so
[3.785s] -- Installing: /home/carl/Desktop/d2lros2/chapt2/chapt4_ws/src/install/robot_control_interfaces/local/lib/python3.10/dist-packages/robot_control_interfaces/_robot_control_interfaces_s.ep.rosidl_typesupport_c.c
[3.785s] -- Installing: /home/carl/Desktop/d2lros2/chapt2/chapt4_ws/src/install/robot_control_interfaces/local/lib/python3.10/dist-packages/robot_control_interfaces/robot_control_interfaces_s__rosidl_typesupport_c.cpython-310-x86_64-linux-gnu.so
[3.785s] -- Installing: /home/carl/Desktop/d2lros2/chapt2/chapt4_ws/src/install/robot_control_interfaces/local/lib/python3.10/dist-packages/robot_control_interfaces/_robot_control_interfaces_s.ep.rosidl_typesupport_introspection_c.c
[3.785s] -- Installing: /home/carl/Desktop/d2lros2/chapt2/chapt4_ws/src/install/robot_control_interfaces/local/lib/python3.10/dist-packages/robot_control_interfaces/robot_control_interfaces_s__rosidl_typesupport_fastrtps_c.cpython-310-x86_64-linux-gnu.so
[3.785s] -- Installing: /home/carl/Desktop/d2lros2/chapt2/chapt4_ws/src/install/robot_control_interfaces/local/lib/python3.10/dist-packages/robot_control_interfaces/_robot_control_interfaces_s.ep.rosidl_typesupport_fastrtps_c.c
[3.816s] Listing '/home/carl/Desktop/d2lros2/chapt2/chapt4_ws/src/install/robot_control_interfaces/local/lib/python3.10/dist-packages/robot_control_interfaces'...
[3.816s] Compiling '/home/carl/Desktop/d2lros2/chapt2/chapt4_ws/src/install/robot_control_interfaces/local/lib/python3.10/dist-packages/robot_control_interfaces/__init__.py'...
[3.817s] Listing '/home/carl/Desktop/d2lros2/chapt2/chapt4_ws/src/install/robot_control_interfaces/local/lib/python3.10/dist-packages/robot_control_interfaces/action'...
[3.817s] Compiling '/home/carl/Desktop/d2lros2/chapt2/chapt4_ws/src/install/robot_control_interfaces/local/lib/python3.10/dist-packages/robot_control_interfaces/action/__init__.py'...
[3.817s] Compiling '/home/carl/Desktop/d2lros2/chapt2/chapt4_ws/src/install/robot_control_interfaces/local/lib/python3.10/dist-packages/robot_control_interfaces/action/_move_robot.py'...
[3.821s] -- Installing: /home/carl/Desktop/d2lros2/chapt2/chapt4_ws/src/install/robot_control_interfaces/local/lib/python3.10/dist-packages/robot_control_interfaces/robot_control_interfaces_s__rosidl_typesupport_fastrtps_c.cpython-310-x86_64-linux-gnu.so
[3.821s] -- Set runtime path of "/home/carl/Desktop/d2lros2/chapt2/chapt4_ws/src/install/robot_control_interfaces/local/lib/python3.10/dist-packages/robot_control_interfaces/robot_control_interfaces_s__rosidl_typesupport_fastrtps_c.cpython-310-x86_64-linux-gnu.so" to ""
[3.821s] -- Installing: /home/carl/Desktop/d2lros2/chapt2/chapt4_ws/src/install/robot_control_interfaces/local/lib/python3.10/dist-packages/robot_control_interfaces/robot_control_interfaces_s__rosidl_typesupport_introspection_c.cpython-310-x86_64-linux-gnu.so
[3.822s] -- Set runtime path of "/home/carl/Desktop/d2lros2/chapt2/chapt4_ws/src/install/robot_control_interfaces/local/lib/python3.10/dist-packages/robot_control_interfaces/robot_control_interfaces_s__rosidl_typesupport_introspection_c.cpython-310-x86_64-linux-gnu.so" to ""
[3.822s] -- Installing: /home/carl/Desktop/d2lros2/chapt2/chapt4_ws/src/install/robot_control_interfaces/local/lib/python3.10/dist-packages/robot_control_interfaces/robot_control_interfaces_s__rosidl_typesupport_c.cpython-310-x86_64-linux-gnu.so
[3.822s] -- Set runtime path of "/home/carl/Desktop/d2lros2/chapt2/chapt4_ws/src/install/robot_control_interfaces/local/lib/python3.10/dist-packages/robot_control_interfaces/robot_control_interfaces_s__rosidl_typesupport_c.cpython-310-x86_64-linux-gnu.so" to ""
[3.822s] -- Installing: /home/carl/Desktop/d2lros2/chapt2/chapt4_ws/src/install/robot_control_interfaces/lib/librobot_control_interfaces__rosidl_generator_py.so
[3.823s] -- Set runtime path of "/home/carl/Desktop/d2lros2/chapt2/chapt4_ws/src/install/robot_control_interfaces/lib/librobot_control_interfaces__rosidl_generator_py.so" to ""
[3.823s] -- Installing: /home/carl/Desktop/d2lros2/chapt2/chapt4_ws/src/install/robot_control_interfaces/share/robot_control_interfaces/action/MoveRobot.idl
[3.823s] -- Installing: /home/carl/Desktop/d2lros2/chapt2/chapt4_ws/src/install/robot_control_interfaces/share/robot_control_interfaces/action/MoveRobot.action
[3.823s] -- Installing: /home/carl/Desktop/d2lros2/chapt2/chapt4_ws/src/install/robot_control_interfaces/share/ament_index/resource_index/package_run_dependencies/robot_control_interfaces
[3.823s] -- Installing: /home/carl/Desktop/d2lros2/chapt2/chapt4_ws/src/install/robot_control_interfaces/share/ament_index/resource_index/parent_prefix_path/robot_control_interfaces
[3.823s] -- Installing: /home/carl/Desktop/d2lros2/chapt2/chapt4_ws/src/install/robot_control_interfaces/share/robot_control_interfaces/environment/ament_prefix_path.sh
[3.824s] -- Installing: /home/carl/Desktop/d2lros2/chapt2/chapt4_ws/src/install/robot_control_interfaces/share/robot_control_interfaces/environment/ament_prefix_path.dsv
[3.824s] -- Installing: /home/carl/Desktop/d2lros2/chapt2/chapt4_ws/src/install/robot_control_interfaces/share/robot_control_interfaces/environment/path.sh
[3.824s] -- Installing: /home/carl/Desktop/d2lros2/chapt2/chapt4_ws/src/install/robot_control_interfaces/share/robot_control_interfaces/environment/path.dsv
[3.824s] -- Installing: /home/carl/Desktop/d2lros2/chapt2/chapt4_ws/src/install/robot_control_interfaces/share/robot_control_interfaces/local_setup.bash
[3.824s] -- Installing: /home/carl/Desktop/d2lros2/chapt2/chapt4_ws/src/install/robot_control_interfaces/share/robot_control_interfaces/local_setup.sh
[3.824s] -- Installing: /home/carl/Desktop/d2lros2/chapt2/chapt4_ws/src/install/robot_control_interfaces/share/robot_control_interfaces/local_setup.zsh
[3.824s] -- Installing: /home/carl/Desktop/d2lros2/chapt2/chapt4_ws/src/install/robot_control_interfaces/share/robot_control_interfaces/local_setup.dsv
[3.825s] -- Installing: /home/carl/Desktop/d2lros2/chapt2/chapt4_ws/src/install/robot_control_interfaces/share/robot_control_interfaces/package.dsv
[3.825s] -- Installing: /home/carl/Desktop/d2lros2/chapt2/chapt4_ws/src/install/robot_control_interfaces/share/ament_index/resource_index/packages/robot_control_interfaces
[3.825s] -- Installing: /home/carl/Desktop/d2lros2/chapt2/chapt4_ws/src/install/robot_control_interfaces/share/robot_control_interfaces/cmake/export_robot_control_interfaces__rosidl_generator_cExport.cmake
[3.825s] -- Installing: /home/carl/Desktop/d2lros2/chapt2/chapt4_ws/src/install/robot_control_interfaces/share/robot_control_interfaces/cmake/export_robot_control_interfaces__rosidl_generator_cExport-noconfig.cmake
[3.825s] -- Installing: /home/carl/Desktop/d2lros2/chapt2/chapt4_ws/src/install/robot_control_interfaces/share/robot_control_interfaces/cmake/export_robot_control_interfaces__rosidl_typesupport_fastrtps_cExport.cmake
[3.825s] -- Installing: /home/carl/Desktop/d2lros2/chapt2/chapt4_ws/src/install/robot_control_interfaces/share/robot_control_interfaces/cmake/export_robot_control_interfaces__rosidl_typesupport_fastrtps_cExport-noconfig.cmake
[3.825s] -- Installing: /home/carl/Desktop/d2lros2/chapt2/chapt4_ws/src/install/robot_control_interfaces/share/robot_control_interfaces/cmake/robot_control_interfaces__rosidl_typesupport_introspection_cExport.cmake
[3.826s] -- Installing: /home/carl/Desktop/d2lros2/chapt2/chapt4_ws/src/install/robot_control_interfaces/share/robot_control_interfaces/cmake/robot_control_interfaces__rosidl_typesupport_introspection_cExport-noconfig.cmake
[3.826s] -- Installing: /home/carl/Desktop/d2lros2/chapt2/chapt4_ws/src/install/robot_control_interfaces/share/robot_control_interfaces/cmake/robot_control_interfaces__rosidl_typesupport_cExport.cmake
[3.826s] -- Installing: /home/carl/Desktop/d2lros2/chapt2/chapt4_ws/src/install/robot_control_interfaces/share/robot_control_interfaces/cmake/robot_control_interfaces__rosidl_typesupport_cExport-noconfig.cmake
[3.826s] -- Installing: /home/carl/Desktop/d2lros2/chapt2/chapt4_ws/src/install/robot_control_interfaces/share/robot_control_interfaces/cmake/export_robot_control_interfaces__rosidl_generator_cppExport.cmake
[3.826s] -- Installing: /home/carl/Desktop/d2lros2/chapt2/chapt4_ws/src/install/robot_control_interfaces/share/robot_control_interfaces/cmake/export_robot_control_interfaces__rosidl_typesupport_fastrtps_cppExport.cmake
[3.826s] -- Installing: /home/carl/Desktop/d2lros2/chapt2/chapt4_ws/src/install/robot_control_interfaces/share/robot_control_interfaces/cmake/export_robot_control_interfaces__rosidl_typesupport_fastrtps_cppExport-noconfig.cmake
[3.827s] -- Installing: /home/carl/Desktop/d2lros2/chapt2/chapt4_ws/src/install/robot_control_interfaces/share/robot_control_interfaces/cmake/robot_control_interfaces__rosidl_typesupport_introspection_cppExport.cmake
[3.827s] -- Installing: /home/carl/Desktop/d2lros2/chapt2/chapt4_ws/src/install/robot_control_interfaces/share/robot_control_interfaces/cmake/robot_control_interfaces__rosidl_typesupport_introspection_cppExport-noconfig.cmake
[3.827s] -- Installing: /home/carl/Desktop/d2lros2/chapt2/chapt4_ws/src/install/robot_control_interfaces/share/robot_control_interfaces/cmake/robot_control_interfaces__rosidl_typesupport_cppExport.cmake
[3.827s] -- Installing: /home/carl/Desktop/d2lros2/chapt2/chapt4_ws/src/install/robot_control_interfaces/share/robot_control_interfaces/cmake/robot_control_interfaces__rosidl_typesupport_cppExport-noconfig.cmake
[3.827s] -- Installing: /home/carl/Desktop/d2lros2/chapt2/chapt4_ws/src/install/robot_control_interfaces/share/robot_control_interfaces/cmake/export_robot_control_interfaces__rosidl_generator_pyExport.cmake
[3.827s] -- Installing: /home/carl/Desktop/d2lros2/chapt2/chapt4_ws/src/install/robot_control_interfaces/share/robot_control_interfaces/cmake/export_robot_control_interfaces__rosidl_generator_pyExport-noconfig.cmake
[3.827s] -- Installing: /home/carl/Desktop/d2lros2/chapt2/chapt4_ws/src/install/robot_control_interfaces/share/robot_control_interfaces/cmake/rosidl_cmake-extras.cmake
[3.828s] -- Installing: /home/carl/Desktop/d2lros2/chapt2/chapt4_ws/src/install/robot_control_interfaces/share/robot_control_interfaces/cmake/ament_cmake_export_dependencies-extras.cmake
[3.828s] -- Installing: /home/carl/Desktop/d2lros2/chapt2/chapt4_ws/src/install/robot_control_interfaces/share/robot_control_interfaces/cmake/ament_cmake_export_include_directories-extras.cmake
[3.828s] -- Installing: /home/carl/Desktop/d2lros2/chapt2/chapt4_ws/src/install/robot_control_interfaces/share/robot_control_interfaces/cmake/ament_cmake_export_libraries-extras.cmake
[3.828s] -- Installing: /home/carl/Desktop/d2lros2/chapt2/chapt4_ws/src/install/robot_control_interfaces/share/robot_control_interfaces/cmake/ament_cmake_export_targets-extras.cmake
[3.828s] -- Installing: /home/carl/Desktop/d2lros2/chapt2/chapt4_ws/src/install/robot_control_interfaces/share/robot_control_interfaces/cmake/rosidl_cmake_export_typesupport_targets-extras.cmake
[3.828s] -- Installing: /home/carl/Desktop/d2lros2/chapt2/chapt4_ws/src/install/robot_control_interfaces/share/robot_control_interfaces/cmake/rosidl_cmake_export_typesupport_libraries-extras.cmake
[3.828s] -- Installing: /home/carl/Desktop/d2lros2/chapt2/chapt4_ws/src/install/robot_control_interfaces/share/robot_control_interfaces/cmake/robot_control_interfacesConfig.cmake
[3.828s] -- Installing: /home/carl/Desktop/d2lros2/chapt2/chapt4_ws/src/install/robot_control_interfaces/share/robot_control_interfaces/cmake/robot_control_interfacesConfig-version.cmake
[3.829s] -- Installing: /home/carl/Desktop/d2lros2/chapt2/chapt4_ws/src/install/robot_control_interfaces/share/robot_control_interfaces/package.xml
[3.832s] Invoked command in '/home/carl/Desktop/d2lros2/chapt2/chapt4_ws/src/build/robot_control_interfaces' returned '0': CMAKE_PREFIX_PATH=/opt/ros/humble /usr/bin/cmake --install /home/carl/Desktop/d2lros2/chapt2/chapt4_ws/src/build/robot_control_interfaces
