[0.011s] Invoking command in '/media/carl/ros/d2lros2/chapt2/nav2_Ws/src/build/fishbot_navigation2': /usr/bin/cmake /media/carl/ros/d2lros2/chapt2/nav2_Ws/src/fishbot_navigation2 -DCMAKE_INSTALL_PREFIX=/media/carl/ros/d2lros2/chapt2/nav2_Ws/src/install/fishbot_navigation2
[0.097s] -- The C compiler identification is GNU 11.3.0
[0.177s] -- The CXX compiler identification is GNU 11.3.0
[0.187s] -- Detecting C compiler ABI info
[0.235s] -- Detecting C compiler ABI info - done
[0.241s] -- Check for working C compiler: /usr/bin/cc - skipped
[0.242s] -- Detecting C compile features
[0.242s] -- Detecting C compile features - done
[0.245s] -- Detecting CXX compiler ABI info
[0.299s] -- Detecting CXX compiler ABI info - done
[0.305s] -- Check for working CXX compiler: /usr/bin/c++ - skipped
[0.306s] -- Detecting CXX compile features
[0.306s] -- Detecting CXX compile features - done
[0.308s] -- Found ament_cmake: 1.3.3 (/opt/ros/humble/share/ament_cmake/cmake)
[0.437s] -- Found Python3: /usr/bin/python3.10 (found version "3.10.6") found components: Interpreter 
[0.517s] -- Found nav2_bringup: 1.1.5 (/opt/ros/humble/share/nav2_bringup/cmake)
[0.519s] -- Found ament_lint_auto: 0.12.5 (/opt/ros/humble/share/ament_lint_auto/cmake)
[0.561s] Error parsing '/media/carl/ros/d2lros2/chapt2/nav2_Ws/src/fishbot_navigation2/package.xml':
[0.597s] Traceback (most recent call last):
[0.597s]   File "/opt/ros/humble/share/ament_cmake_core/cmake/core/package_xml_2_cmake.py", line 150, in <module>
[0.597s]     main()
[0.597s]   File "/opt/ros/humble/share/ament_cmake_core/cmake/core/package_xml_2_cmake.py", line 53, in main
[0.597s]     raise e
[0.597s]   File "/opt/ros/humble/share/ament_cmake_core/cmake/core/package_xml_2_cmake.py", line 49, in main
[0.597s]     package = parse_package_string(
[0.597s]   File "/usr/lib/python3/dist-packages/catkin_pkg/package.py", line 786, in parse_package_string
[0.597s]     raise InvalidPackage('Error(s):%s' % (''.join(['\n- %s' % e for e in errors])), filename)
[0.597s] catkin_pkg.package.InvalidPackage: Error(s) in package '/media/carl/ros/d2lros2/chapt2/nav2_Ws/src/fishbot_navigation2/package.xml':
[0.598s] Error(s):
[0.598s] - The generic dependency on 'nav2_bringup' is redundant with: exec_depend
[0.610s] [31mCMake Error at /opt/ros/humble/share/ament_cmake_core/cmake/core/ament_package_xml.cmake:95 (message):
[0.610s]   execute_process(/usr/bin/python3.10
[0.610s]   /opt/ros/humble/share/ament_cmake_core/cmake/core/package_xml_2_cmake.py
[0.610s]   /media/carl/ros/d2lros2/chapt2/nav2_Ws/src/fishbot_navigation2/package.xml
[0.610s]   /media/carl/ros/d2lros2/chapt2/nav2_Ws/src/build/fishbot_navigation2/ament_cmake_core/package.cmake)
[0.611s]   returned error code 1
[0.611s] Call Stack (most recent call first):
[0.611s]   /opt/ros/humble/share/ament_cmake_core/cmake/core/ament_package_xml.cmake:49 (_ament_package_xml)
[0.611s]   /opt/ros/humble/share/ament_lint_auto/cmake/ament_lint_auto_find_test_dependencies.cmake:31 (ament_package_xml)
[0.611s]   CMakeLists.txt:21 (ament_lint_auto_find_test_dependencies)
[0.611s] 
[0.611s] [0m
[0.611s] -- Configuring incomplete, errors occurred!
[0.611s] See also "/media/carl/ros/d2lros2/chapt2/nav2_Ws/src/build/fishbot_navigation2/CMakeFiles/CMakeOutput.log".
[0.614s] Invoked command in '/media/carl/ros/d2lros2/chapt2/nav2_Ws/src/build/fishbot_navigation2' returned '1': /usr/bin/cmake /media/carl/ros/d2lros2/chapt2/nav2_Ws/src/fishbot_navigation2 -DCMAKE_INSTALL_PREFIX=/media/carl/ros/d2lros2/chapt2/nav2_Ws/src/install/fishbot_navigation2
