[0.521s] Invoking command in '/home/carl/Desktop/d2lros2/chapt2/chapt8_ws/src/fishbot_description': CONDA_PROMPT_MODIFIER=(base) PYTHONPATH=/home/carl/Desktop/d2lros2/chapt2/chapt8_ws/src/build/fishbot_description/prefix_override:/home/carl/Desktop/d2lros2/chapt2/chapt8_ws/src/install/fishbot_description/lib/python3.10/site-packages:${PYTHONPATH} /usr/bin/python3 setup.py egg_info --egg-base ../build/fishbot_description build --build-base /home/carl/Desktop/d2lros2/chapt2/chapt8_ws/src/build/fishbot_description/build install --record /home/carl/Desktop/d2lros2/chapt2/chapt8_ws/src/build/fishbot_description/install.log --single-version-externally-managed
[0.723s] running egg_info
[0.724s] writing ../build/fishbot_description/fishbot_description.egg-info/PKG-INFO
[0.724s] writing dependency_links to ../build/fishbot_description/fishbot_description.egg-info/dependency_links.txt
[0.724s] writing entry points to ../build/fishbot_description/fishbot_description.egg-info/entry_points.txt
[0.724s] writing requirements to ../build/fishbot_description/fishbot_description.egg-info/requires.txt
[0.724s] writing top-level names to ../build/fishbot_description/fishbot_description.egg-info/top_level.txt
[0.726s] reading manifest file '../build/fishbot_description/fishbot_description.egg-info/SOURCES.txt'
[0.727s] writing manifest file '../build/fishbot_description/fishbot_description.egg-info/SOURCES.txt'
[0.727s] running build
[0.727s] running build_py
[0.728s] copying fishbot_description/rotate_wheel.py -> /home/carl/Desktop/d2lros2/chapt2/chapt8_ws/src/build/fishbot_description/build/lib/fishbot_description
[0.728s] running install
[0.728s] running install_lib
[0.729s] copying /home/carl/Desktop/d2lros2/chapt2/chapt8_ws/src/build/fishbot_description/build/lib/fishbot_description/rotate_wheel.py -> /home/carl/Desktop/d2lros2/chapt2/chapt8_ws/src/install/fishbot_description/lib/python3.10/site-packages/fishbot_description
[0.730s] byte-compiling /home/carl/Desktop/d2lros2/chapt2/chapt8_ws/src/install/fishbot_description/lib/python3.10/site-packages/fishbot_description/rotate_wheel.py to rotate_wheel.cpython-310.pyc
[0.730s] running install_data
[0.731s] running install_egg_info
[0.733s] removing '/home/carl/Desktop/d2lros2/chapt2/chapt8_ws/src/install/fishbot_description/lib/python3.10/site-packages/fishbot_description-0.0.0-py3.10.egg-info' (and everything under it)
[0.733s] Copying ../build/fishbot_description/fishbot_description.egg-info to /home/carl/Desktop/d2lros2/chapt2/chapt8_ws/src/install/fishbot_description/lib/python3.10/site-packages/fishbot_description-0.0.0-py3.10.egg-info
[0.734s] running install_scripts
[0.749s] Installing rotate_wheel script to /home/carl/Desktop/d2lros2/chapt2/chapt8_ws/src/install/fishbot_description/lib/fishbot_description
[0.749s] writing list of installed files to '/home/carl/Desktop/d2lros2/chapt2/chapt8_ws/src/build/fishbot_description/install.log'
[0.768s] Invoked command in '/home/carl/Desktop/d2lros2/chapt2/chapt8_ws/src/fishbot_description' returned '0': CONDA_PROMPT_MODIFIER=(base) PYTHONPATH=/home/carl/Desktop/d2lros2/chapt2/chapt8_ws/src/build/fishbot_description/prefix_override:/home/carl/Desktop/d2lros2/chapt2/chapt8_ws/src/install/fishbot_description/lib/python3.10/site-packages:${PYTHONPATH} /usr/bin/python3 setup.py egg_info --egg-base ../build/fishbot_description build --build-base /home/carl/Desktop/d2lros2/chapt2/chapt8_ws/src/build/fishbot_description/build install --record /home/carl/Desktop/d2lros2/chapt2/chapt8_ws/src/build/fishbot_description/install.log --single-version-externally-managed
