[0.236s] DEBUG:colcon:Command line arguments: ['/usr/bin/colcon', 'build', '--packages-up-to', 'example_action_rclpy']
[0.236s] DEBUG:colcon:Parsed command line arguments: Namespace(log_base=None, log_level=None, verb_name='build', build_base='build', install_base='install', merge_install=False, symlink_install=False, test_result_base=None, continue_on_error=False, executor='parallel', parallel_workers=8, event_handlers=None, ignore_user_meta=False, metas=['./colcon.meta'], base_paths=['.'], packages_ignore=None, packages_ignore_regex=None, paths=None, packages_up_to=['example_action_rclpy'], packages_up_to_regex=None, packages_above=None, packages_above_and_dependencies=None, packages_above_depth=None, packages_select_by_dep=None, packages_skip_by_dep=None, packages_skip_up_to=None, packages_select_build_failed=False, packages_skip_build_finished=False, packages_select_test_failures=False, packages_skip_test_passed=False, packages_select=None, packages_skip=None, packages_select_regex=None, packages_skip_regex=None, packages_start=None, packages_end=None, allow_overriding=[], cmake_args=None, cmake_target=None, cmake_target_skip_unavailable=False, cmake_clean_cache=False, cmake_clean_first=False, cmake_force_configure=False, ament_cmake_args=None, catkin_cmake_args=None, catkin_skip_building_tests=False, verb_parser=<colcon_defaults.argument_parser.defaults.DefaultArgumentsDecorator object at 0x7fa20d215810>, verb_extension=<colcon_core.verb.build.BuildVerb object at 0x7fa20da0bbe0>, main=<bound method BuildVerb.main of <colcon_core.verb.build.BuildVerb object at 0x7fa20da0bbe0>>)
[0.264s] Level 1:colcon.colcon_core.package_discovery:discover_packages(colcon_meta) check parameters
[0.264s] Level 1:colcon.colcon_core.package_discovery:discover_packages(recursive) check parameters
[0.264s] Level 1:colcon.colcon_core.package_discovery:discover_packages(ignore) check parameters
[0.264s] Level 1:colcon.colcon_core.package_discovery:discover_packages(path) check parameters
[0.264s] Level 1:colcon.colcon_core.package_discovery:discover_packages(colcon_meta) discover
[0.264s] Level 1:colcon.colcon_core.package_discovery:discover_packages(recursive) discover
[0.264s] INFO:colcon.colcon_core.package_discovery:Crawling recursively for packages in '/home/carl/Desktop/d2lros2/chapt2/chapt4_ws/src'
[0.264s] Level 1:colcon.colcon_core.package_identification:_identify(.) by extensions ['ignore', 'ignore_ament_install']
[0.264s] Level 1:colcon.colcon_core.package_identification:_identify(.) by extension 'ignore'
[0.264s] Level 1:colcon.colcon_core.package_identification:_identify(.) by extension 'ignore_ament_install'
[0.265s] Level 1:colcon.colcon_core.package_identification:_identify(.) by extensions ['colcon_pkg']
[0.265s] Level 1:colcon.colcon_core.package_identification:_identify(.) by extension 'colcon_pkg'
[0.265s] Level 1:colcon.colcon_core.package_identification:_identify(.) by extensions ['colcon_meta']
[0.265s] Level 1:colcon.colcon_core.package_identification:_identify(.) by extension 'colcon_meta'
[0.265s] Level 1:colcon.colcon_core.package_identification:_identify(.) by extensions ['ros']
[0.265s] Level 1:colcon.colcon_core.package_identification:_identify(.) by extension 'ros'
[0.273s] Level 1:colcon.colcon_core.package_identification:_identify(.) by extensions ['cmake', 'python']
[0.273s] Level 1:colcon.colcon_core.package_identification:_identify(.) by extension 'cmake'
[0.274s] Level 1:colcon.colcon_core.package_identification:_identify(.) by extension 'python'
[0.274s] Level 1:colcon.colcon_core.package_identification:_identify(.) by extensions ['python_setup_py']
[0.274s] Level 1:colcon.colcon_core.package_identification:_identify(.) by extension 'python_setup_py'
[0.274s] Level 1:colcon.colcon_core.package_identification:_identify(build) by extensions ['ignore', 'ignore_ament_install']
[0.274s] Level 1:colcon.colcon_core.package_identification:_identify(build) by extension 'ignore'
[0.274s] Level 1:colcon.colcon_core.package_identification:_identify(build) ignored
[0.274s] Level 1:colcon.colcon_core.package_identification:_identify(example_action_rclpy) by extensions ['ignore', 'ignore_ament_install']
[0.274s] Level 1:colcon.colcon_core.package_identification:_identify(example_action_rclpy) by extension 'ignore'
[0.274s] Level 1:colcon.colcon_core.package_identification:_identify(example_action_rclpy) by extension 'ignore_ament_install'
[0.274s] Level 1:colcon.colcon_core.package_identification:_identify(example_action_rclpy) by extensions ['colcon_pkg']
[0.274s] Level 1:colcon.colcon_core.package_identification:_identify(example_action_rclpy) by extension 'colcon_pkg'
[0.274s] Level 1:colcon.colcon_core.package_identification:_identify(example_action_rclpy) by extensions ['colcon_meta']
[0.274s] Level 1:colcon.colcon_core.package_identification:_identify(example_action_rclpy) by extension 'colcon_meta'
[0.274s] Level 1:colcon.colcon_core.package_identification:_identify(example_action_rclpy) by extensions ['ros']
[0.274s] Level 1:colcon.colcon_core.package_identification:_identify(example_action_rclpy) by extension 'ros'
[0.277s] DEBUG:colcon.colcon_core.package_identification:Package 'example_action_rclpy' with type 'ros.ament_python' and name 'example_action_rclpy'
[0.277s] Level 1:colcon.colcon_core.package_identification:_identify(install) by extensions ['ignore', 'ignore_ament_install']
[0.277s] Level 1:colcon.colcon_core.package_identification:_identify(install) by extension 'ignore'
[0.277s] Level 1:colcon.colcon_core.package_identification:_identify(install) ignored
[0.278s] Level 1:colcon.colcon_core.package_identification:_identify(log) by extensions ['ignore', 'ignore_ament_install']
[0.278s] Level 1:colcon.colcon_core.package_identification:_identify(log) by extension 'ignore'
[0.278s] Level 1:colcon.colcon_core.package_identification:_identify(log) ignored
[0.278s] Level 1:colcon.colcon_core.package_identification:_identify(robot_control_interfaces) by extensions ['ignore', 'ignore_ament_install']
[0.278s] Level 1:colcon.colcon_core.package_identification:_identify(robot_control_interfaces) by extension 'ignore'
[0.278s] Level 1:colcon.colcon_core.package_identification:_identify(robot_control_interfaces) by extension 'ignore_ament_install'
[0.278s] Level 1:colcon.colcon_core.package_identification:_identify(robot_control_interfaces) by extensions ['colcon_pkg']
[0.278s] Level 1:colcon.colcon_core.package_identification:_identify(robot_control_interfaces) by extension 'colcon_pkg'
[0.278s] Level 1:colcon.colcon_core.package_identification:_identify(robot_control_interfaces) by extensions ['colcon_meta']
[0.278s] Level 1:colcon.colcon_core.package_identification:_identify(robot_control_interfaces) by extension 'colcon_meta'
[0.278s] Level 1:colcon.colcon_core.package_identification:_identify(robot_control_interfaces) by extensions ['ros']
[0.278s] Level 1:colcon.colcon_core.package_identification:_identify(robot_control_interfaces) by extension 'ros'
[0.279s] DEBUG:colcon.colcon_core.package_identification:Package 'robot_control_interfaces' with type 'ros.ament_cmake' and name 'robot_control_interfaces'
[0.279s] Level 1:colcon.colcon_core.package_discovery:discover_packages(recursive) using defaults
[0.279s] Level 1:colcon.colcon_core.package_discovery:discover_packages(ignore) discover
[0.279s] Level 1:colcon.colcon_core.package_discovery:discover_packages(ignore) using defaults
[0.279s] Level 1:colcon.colcon_core.package_discovery:discover_packages(path) discover
[0.279s] Level 1:colcon.colcon_core.package_discovery:discover_packages(path) using defaults
[0.297s] Level 1:colcon.colcon_core.package_discovery:discover_packages(prefix_path) check parameters
[0.297s] Level 1:colcon.colcon_core.package_discovery:discover_packages(prefix_path) discover
[0.300s] DEBUG:colcon.colcon_installed_package_information.package_discovery:Found 270 installed packages in /opt/ros/humble
[0.301s] Level 1:colcon.colcon_core.package_discovery:discover_packages(prefix_path) using defaults
[0.348s] Level 5:colcon.colcon_core.verb:set package 'robot_control_interfaces' build argument 'cmake_args' from command line to 'None'
[0.348s] Level 5:colcon.colcon_core.verb:set package 'robot_control_interfaces' build argument 'cmake_target' from command line to 'None'
[0.348s] Level 5:colcon.colcon_core.verb:set package 'robot_control_interfaces' build argument 'cmake_target_skip_unavailable' from command line to 'False'
[0.348s] Level 5:colcon.colcon_core.verb:set package 'robot_control_interfaces' build argument 'cmake_clean_cache' from command line to 'False'
[0.348s] Level 5:colcon.colcon_core.verb:set package 'robot_control_interfaces' build argument 'cmake_clean_first' from command line to 'False'
[0.348s] Level 5:colcon.colcon_core.verb:set package 'robot_control_interfaces' build argument 'cmake_force_configure' from command line to 'False'
[0.348s] Level 5:colcon.colcon_core.verb:set package 'robot_control_interfaces' build argument 'ament_cmake_args' from command line to 'None'
[0.348s] Level 5:colcon.colcon_core.verb:set package 'robot_control_interfaces' build argument 'catkin_cmake_args' from command line to 'None'
[0.349s] Level 5:colcon.colcon_core.verb:set package 'robot_control_interfaces' build argument 'catkin_skip_building_tests' from command line to 'False'
[0.349s] DEBUG:colcon.colcon_core.verb:Building package 'robot_control_interfaces' with the following arguments: {'ament_cmake_args': None, 'build_base': '/home/carl/Desktop/d2lros2/chapt2/chapt4_ws/src/build/robot_control_interfaces', 'catkin_cmake_args': None, 'catkin_skip_building_tests': False, 'cmake_args': None, 'cmake_clean_cache': False, 'cmake_clean_first': False, 'cmake_force_configure': False, 'cmake_target': None, 'cmake_target_skip_unavailable': False, 'install_base': '/home/carl/Desktop/d2lros2/chapt2/chapt4_ws/src/install/robot_control_interfaces', 'merge_install': False, 'path': '/home/carl/Desktop/d2lros2/chapt2/chapt4_ws/src/robot_control_interfaces', 'symlink_install': False, 'test_result_base': None}
[0.349s] Level 5:colcon.colcon_core.verb:set package 'example_action_rclpy' build argument 'cmake_args' from command line to 'None'
[0.349s] Level 5:colcon.colcon_core.verb:set package 'example_action_rclpy' build argument 'cmake_target' from command line to 'None'
[0.349s] Level 5:colcon.colcon_core.verb:set package 'example_action_rclpy' build argument 'cmake_target_skip_unavailable' from command line to 'False'
[0.349s] Level 5:colcon.colcon_core.verb:set package 'example_action_rclpy' build argument 'cmake_clean_cache' from command line to 'False'
[0.349s] Level 5:colcon.colcon_core.verb:set package 'example_action_rclpy' build argument 'cmake_clean_first' from command line to 'False'
[0.349s] Level 5:colcon.colcon_core.verb:set package 'example_action_rclpy' build argument 'cmake_force_configure' from command line to 'False'
[0.349s] Level 5:colcon.colcon_core.verb:set package 'example_action_rclpy' build argument 'ament_cmake_args' from command line to 'None'
[0.350s] Level 5:colcon.colcon_core.verb:set package 'example_action_rclpy' build argument 'catkin_cmake_args' from command line to 'None'
[0.350s] Level 5:colcon.colcon_core.verb:set package 'example_action_rclpy' build argument 'catkin_skip_building_tests' from command line to 'False'
[0.350s] DEBUG:colcon.colcon_core.verb:Building package 'example_action_rclpy' with the following arguments: {'ament_cmake_args': None, 'build_base': '/home/carl/Desktop/d2lros2/chapt2/chapt4_ws/src/build/example_action_rclpy', 'catkin_cmake_args': None, 'catkin_skip_building_tests': False, 'cmake_args': None, 'cmake_clean_cache': False, 'cmake_clean_first': False, 'cmake_force_configure': False, 'cmake_target': None, 'cmake_target_skip_unavailable': False, 'install_base': '/home/carl/Desktop/d2lros2/chapt2/chapt4_ws/src/install/example_action_rclpy', 'merge_install': False, 'path': '/home/carl/Desktop/d2lros2/chapt2/chapt4_ws/src/example_action_rclpy', 'symlink_install': False, 'test_result_base': None}
[0.350s] INFO:colcon.colcon_core.executor:Executing jobs using 'parallel' executor
[0.352s] DEBUG:colcon.colcon_parallel_executor.executor.parallel:run_until_complete
[0.353s] INFO:colcon.colcon_ros.task.ament_cmake.build:Building ROS package in '/home/carl/Desktop/d2lros2/chapt2/chapt4_ws/src/robot_control_interfaces' with build type 'ament_cmake'
[0.353s] INFO:colcon.colcon_cmake.task.cmake.build:Building CMake package in '/home/carl/Desktop/d2lros2/chapt2/chapt4_ws/src/robot_control_interfaces'
[0.356s] INFO:colcon.colcon_core.plugin_system:Skipping extension 'colcon_core.shell.bat': Not used on non-Windows systems
[0.356s] INFO:colcon.colcon_core.shell:Skip shell extension 'powershell' for command environment: Not usable outside of PowerShell
[0.356s] DEBUG:colcon.colcon_core.shell:Skip shell extension 'dsv' for command environment
[0.363s] DEBUG:colcon.colcon_core.event_handler.log_command:Invoking command in '/home/carl/Desktop/d2lros2/chapt2/chapt4_ws/src/build/robot_control_interfaces': CMAKE_PREFIX_PATH=/opt/ros/humble /usr/bin/cmake /home/carl/Desktop/d2lros2/chapt2/chapt4_ws/src/robot_control_interfaces -DCMAKE_INSTALL_PREFIX=/home/carl/Desktop/d2lros2/chapt2/chapt4_ws/src/install/robot_control_interfaces
[1.543s] DEBUG:colcon.colcon_core.event_handler.log_command:Invoked command in '/home/carl/Desktop/d2lros2/chapt2/chapt4_ws/src/build/robot_control_interfaces' returned '0': CMAKE_PREFIX_PATH=/opt/ros/humble /usr/bin/cmake /home/carl/Desktop/d2lros2/chapt2/chapt4_ws/src/robot_control_interfaces -DCMAKE_INSTALL_PREFIX=/home/carl/Desktop/d2lros2/chapt2/chapt4_ws/src/install/robot_control_interfaces
[1.545s] DEBUG:colcon.colcon_core.event_handler.log_command:Invoking command in '/home/carl/Desktop/d2lros2/chapt2/chapt4_ws/src/build/robot_control_interfaces': CMAKE_PREFIX_PATH=/opt/ros/humble /usr/bin/cmake --build /home/carl/Desktop/d2lros2/chapt2/chapt4_ws/src/build/robot_control_interfaces -- -j8 -l8
[4.090s] DEBUG:colcon.colcon_core.event_handler.log_command:Invoked command in '/home/carl/Desktop/d2lros2/chapt2/chapt4_ws/src/build/robot_control_interfaces' returned '0': CMAKE_PREFIX_PATH=/opt/ros/humble /usr/bin/cmake --build /home/carl/Desktop/d2lros2/chapt2/chapt4_ws/src/build/robot_control_interfaces -- -j8 -l8
[4.126s] DEBUG:colcon.colcon_core.event_handler.log_command:Invoking command in '/home/carl/Desktop/d2lros2/chapt2/chapt4_ws/src/build/robot_control_interfaces': CMAKE_PREFIX_PATH=/opt/ros/humble /usr/bin/cmake --install /home/carl/Desktop/d2lros2/chapt2/chapt4_ws/src/build/robot_control_interfaces
[4.184s] Level 1:colcon.colcon_core.environment:create_environment_scripts_only(robot_control_interfaces)
[4.185s] DEBUG:colcon.colcon_core.event_handler.log_command:Invoked command in '/home/carl/Desktop/d2lros2/chapt2/chapt4_ws/src/build/robot_control_interfaces' returned '0': CMAKE_PREFIX_PATH=/opt/ros/humble /usr/bin/cmake --install /home/carl/Desktop/d2lros2/chapt2/chapt4_ws/src/build/robot_control_interfaces
[4.189s] Level 1:colcon.colcon_core.environment:checking '/home/carl/Desktop/d2lros2/chapt2/chapt4_ws/src/install/robot_control_interfaces' for CMake module files
[4.189s] Level 1:colcon.colcon_core.environment:checking '/home/carl/Desktop/d2lros2/chapt2/chapt4_ws/src/install/robot_control_interfaces' for CMake config files
[4.189s] Level 1:colcon.colcon_core.shell:create_environment_hook('robot_control_interfaces', 'cmake_prefix_path')
[4.191s] INFO:colcon.colcon_core.shell:Creating environment hook '/home/carl/Desktop/d2lros2/chapt2/chapt4_ws/src/install/robot_control_interfaces/share/robot_control_interfaces/hook/cmake_prefix_path.ps1'
[4.191s] INFO:colcon.colcon_core.shell:Creating environment descriptor '/home/carl/Desktop/d2lros2/chapt2/chapt4_ws/src/install/robot_control_interfaces/share/robot_control_interfaces/hook/cmake_prefix_path.dsv'
[4.191s] INFO:colcon.colcon_core.shell:Creating environment hook '/home/carl/Desktop/d2lros2/chapt2/chapt4_ws/src/install/robot_control_interfaces/share/robot_control_interfaces/hook/cmake_prefix_path.sh'
[4.192s] Level 1:colcon.colcon_core.environment:checking '/home/carl/Desktop/d2lros2/chapt2/chapt4_ws/src/install/robot_control_interfaces/lib'
[4.192s] Level 1:colcon.colcon_core.shell:create_environment_hook('robot_control_interfaces', 'ld_library_path_lib')
[4.193s] INFO:colcon.colcon_core.shell:Creating environment hook '/home/carl/Desktop/d2lros2/chapt2/chapt4_ws/src/install/robot_control_interfaces/share/robot_control_interfaces/hook/ld_library_path_lib.ps1'
[4.193s] INFO:colcon.colcon_core.shell:Creating environment descriptor '/home/carl/Desktop/d2lros2/chapt2/chapt4_ws/src/install/robot_control_interfaces/share/robot_control_interfaces/hook/ld_library_path_lib.dsv'
[4.194s] INFO:colcon.colcon_core.shell:Creating environment hook '/home/carl/Desktop/d2lros2/chapt2/chapt4_ws/src/install/robot_control_interfaces/share/robot_control_interfaces/hook/ld_library_path_lib.sh'
[4.194s] Level 1:colcon.colcon_core.environment:checking '/home/carl/Desktop/d2lros2/chapt2/chapt4_ws/src/install/robot_control_interfaces/bin'
[4.194s] Level 1:colcon.colcon_core.environment:checking '/home/carl/Desktop/d2lros2/chapt2/chapt4_ws/src/install/robot_control_interfaces/lib/pkgconfig/robot_control_interfaces.pc'
[4.194s] Level 1:colcon.colcon_core.environment:checking '/home/carl/Desktop/d2lros2/chapt2/chapt4_ws/src/install/robot_control_interfaces/lib/python3.10/site-packages'
[4.194s] Level 1:colcon.colcon_core.environment:checking '/home/carl/Desktop/d2lros2/chapt2/chapt4_ws/src/install/robot_control_interfaces/bin'
[4.195s] INFO:colcon.colcon_core.shell:Creating package script '/home/carl/Desktop/d2lros2/chapt2/chapt4_ws/src/install/robot_control_interfaces/share/robot_control_interfaces/package.ps1'
[4.196s] INFO:colcon.colcon_core.shell:Creating package descriptor '/home/carl/Desktop/d2lros2/chapt2/chapt4_ws/src/install/robot_control_interfaces/share/robot_control_interfaces/package.dsv'
[4.196s] INFO:colcon.colcon_core.shell:Creating package script '/home/carl/Desktop/d2lros2/chapt2/chapt4_ws/src/install/robot_control_interfaces/share/robot_control_interfaces/package.sh'
[4.197s] INFO:colcon.colcon_core.shell:Creating package script '/home/carl/Desktop/d2lros2/chapt2/chapt4_ws/src/install/robot_control_interfaces/share/robot_control_interfaces/package.bash'
[4.197s] INFO:colcon.colcon_core.shell:Creating package script '/home/carl/Desktop/d2lros2/chapt2/chapt4_ws/src/install/robot_control_interfaces/share/robot_control_interfaces/package.zsh'
[4.198s] Level 1:colcon.colcon_core.environment:create_file_with_runtime_dependencies(/home/carl/Desktop/d2lros2/chapt2/chapt4_ws/src/install/robot_control_interfaces/share/colcon-core/packages/robot_control_interfaces)
[4.227s] Level 1:colcon.colcon_core.environment:create_environment_scripts_only(robot_control_interfaces)
[4.229s] Level 1:colcon.colcon_core.environment:checking '/home/carl/Desktop/d2lros2/chapt2/chapt4_ws/src/install/robot_control_interfaces' for CMake module files
[4.229s] Level 1:colcon.colcon_core.environment:checking '/home/carl/Desktop/d2lros2/chapt2/chapt4_ws/src/install/robot_control_interfaces' for CMake config files
[4.230s] Level 1:colcon.colcon_core.shell:create_environment_hook('robot_control_interfaces', 'cmake_prefix_path')
[4.231s] INFO:colcon.colcon_core.shell:Creating environment hook '/home/carl/Desktop/d2lros2/chapt2/chapt4_ws/src/install/robot_control_interfaces/share/robot_control_interfaces/hook/cmake_prefix_path.ps1'
[4.231s] INFO:colcon.colcon_core.shell:Creating environment descriptor '/home/carl/Desktop/d2lros2/chapt2/chapt4_ws/src/install/robot_control_interfaces/share/robot_control_interfaces/hook/cmake_prefix_path.dsv'
[4.231s] INFO:colcon.colcon_core.shell:Creating environment hook '/home/carl/Desktop/d2lros2/chapt2/chapt4_ws/src/install/robot_control_interfaces/share/robot_control_interfaces/hook/cmake_prefix_path.sh'
[4.231s] Level 1:colcon.colcon_core.environment:checking '/home/carl/Desktop/d2lros2/chapt2/chapt4_ws/src/install/robot_control_interfaces/lib'
[4.232s] Level 1:colcon.colcon_core.shell:create_environment_hook('robot_control_interfaces', 'ld_library_path_lib')
[4.233s] INFO:colcon.colcon_core.shell:Creating environment hook '/home/carl/Desktop/d2lros2/chapt2/chapt4_ws/src/install/robot_control_interfaces/share/robot_control_interfaces/hook/ld_library_path_lib.ps1'
[4.233s] INFO:colcon.colcon_core.shell:Creating environment descriptor '/home/carl/Desktop/d2lros2/chapt2/chapt4_ws/src/install/robot_control_interfaces/share/robot_control_interfaces/hook/ld_library_path_lib.dsv'
[4.233s] INFO:colcon.colcon_core.shell:Creating environment hook '/home/carl/Desktop/d2lros2/chapt2/chapt4_ws/src/install/robot_control_interfaces/share/robot_control_interfaces/hook/ld_library_path_lib.sh'
[4.233s] Level 1:colcon.colcon_core.environment:checking '/home/carl/Desktop/d2lros2/chapt2/chapt4_ws/src/install/robot_control_interfaces/bin'
[4.233s] Level 1:colcon.colcon_core.environment:checking '/home/carl/Desktop/d2lros2/chapt2/chapt4_ws/src/install/robot_control_interfaces/lib/pkgconfig/robot_control_interfaces.pc'
[4.233s] Level 1:colcon.colcon_core.environment:checking '/home/carl/Desktop/d2lros2/chapt2/chapt4_ws/src/install/robot_control_interfaces/lib/python3.10/site-packages'
[4.234s] Level 1:colcon.colcon_core.environment:checking '/home/carl/Desktop/d2lros2/chapt2/chapt4_ws/src/install/robot_control_interfaces/bin'
[4.235s] INFO:colcon.colcon_core.shell:Creating package script '/home/carl/Desktop/d2lros2/chapt2/chapt4_ws/src/install/robot_control_interfaces/share/robot_control_interfaces/package.ps1'
[4.235s] INFO:colcon.colcon_core.shell:Creating package descriptor '/home/carl/Desktop/d2lros2/chapt2/chapt4_ws/src/install/robot_control_interfaces/share/robot_control_interfaces/package.dsv'
[4.235s] INFO:colcon.colcon_core.shell:Creating package script '/home/carl/Desktop/d2lros2/chapt2/chapt4_ws/src/install/robot_control_interfaces/share/robot_control_interfaces/package.sh'
[4.236s] INFO:colcon.colcon_core.shell:Creating package script '/home/carl/Desktop/d2lros2/chapt2/chapt4_ws/src/install/robot_control_interfaces/share/robot_control_interfaces/package.bash'
[4.236s] INFO:colcon.colcon_core.shell:Creating package script '/home/carl/Desktop/d2lros2/chapt2/chapt4_ws/src/install/robot_control_interfaces/share/robot_control_interfaces/package.zsh'
[4.237s] Level 1:colcon.colcon_core.environment:create_file_with_runtime_dependencies(/home/carl/Desktop/d2lros2/chapt2/chapt4_ws/src/install/robot_control_interfaces/share/colcon-core/packages/robot_control_interfaces)
[4.237s] INFO:colcon.colcon_ros.task.ament_python.build:Building ROS package in '/home/carl/Desktop/d2lros2/chapt2/chapt4_ws/src/example_action_rclpy' with build type 'ament_python'
[4.237s] Level 1:colcon.colcon_core.shell:create_environment_hook('example_action_rclpy', 'ament_prefix_path')
[4.238s] INFO:colcon.colcon_core.shell:Creating environment hook '/home/carl/Desktop/d2lros2/chapt2/chapt4_ws/src/install/example_action_rclpy/share/example_action_rclpy/hook/ament_prefix_path.ps1'
[4.238s] INFO:colcon.colcon_core.shell:Creating environment descriptor '/home/carl/Desktop/d2lros2/chapt2/chapt4_ws/src/install/example_action_rclpy/share/example_action_rclpy/hook/ament_prefix_path.dsv'
[4.239s] INFO:colcon.colcon_core.shell:Creating environment hook '/home/carl/Desktop/d2lros2/chapt2/chapt4_ws/src/install/example_action_rclpy/share/example_action_rclpy/hook/ament_prefix_path.sh'
[4.240s] INFO:colcon.colcon_core.shell:Skip shell extension 'powershell' for command environment: Not usable outside of PowerShell
[4.240s] DEBUG:colcon.colcon_core.shell:Skip shell extension 'dsv' for command environment
[4.450s] INFO:colcon.colcon_core.task.python.build:Building Python package in '/home/carl/Desktop/d2lros2/chapt2/chapt4_ws/src/example_action_rclpy'
[4.451s] INFO:colcon.colcon_core.shell:Skip shell extension 'powershell' for command environment: Not usable outside of PowerShell
[4.451s] DEBUG:colcon.colcon_core.shell:Skip shell extension 'dsv' for command environment
[4.722s] DEBUG:colcon.colcon_core.event_handler.log_command:Invoking command in '/home/carl/Desktop/d2lros2/chapt2/chapt4_ws/src/example_action_rclpy': AMENT_PREFIX_PATH=/home/carl/Desktop/d2lros2/chapt2/chapt4_ws/src/install/robot_control_interfaces:${AMENT_PREFIX_PATH} CMAKE_PREFIX_PATH=/home/carl/Desktop/d2lros2/chapt2/chapt4_ws/src/install/robot_control_interfaces LD_LIBRARY_PATH=/home/carl/Desktop/d2lros2/chapt2/chapt4_ws/src/install/robot_control_interfaces/lib:${LD_LIBRARY_PATH} PYTHONPATH=/home/carl/Desktop/d2lros2/chapt2/chapt4_ws/src/build/example_action_rclpy/prefix_override:/home/carl/Desktop/d2lros2/chapt2/chapt4_ws/src/install/example_action_rclpy/lib/python3.10/site-packages:/home/carl/Desktop/d2lros2/chapt2/chapt4_ws/src/install/robot_control_interfaces/local/lib/python3.10/dist-packages:${PYTHONPATH} /usr/bin/python3 setup.py egg_info --egg-base ../build/example_action_rclpy build --build-base /home/carl/Desktop/d2lros2/chapt2/chapt4_ws/src/build/example_action_rclpy/build install --record /home/carl/Desktop/d2lros2/chapt2/chapt4_ws/src/build/example_action_rclpy/install.log --single-version-externally-managed
[4.944s] Level 1:colcon.colcon_core.environment:checking '/home/carl/Desktop/d2lros2/chapt2/chapt4_ws/src/install/example_action_rclpy' for CMake module files
[4.945s] DEBUG:colcon.colcon_core.event_handler.log_command:Invoked command in '/home/carl/Desktop/d2lros2/chapt2/chapt4_ws/src/example_action_rclpy' returned '0': AMENT_PREFIX_PATH=/home/carl/Desktop/d2lros2/chapt2/chapt4_ws/src/install/robot_control_interfaces:${AMENT_PREFIX_PATH} CMAKE_PREFIX_PATH=/home/carl/Desktop/d2lros2/chapt2/chapt4_ws/src/install/robot_control_interfaces LD_LIBRARY_PATH=/home/carl/Desktop/d2lros2/chapt2/chapt4_ws/src/install/robot_control_interfaces/lib:${LD_LIBRARY_PATH} PYTHONPATH=/home/carl/Desktop/d2lros2/chapt2/chapt4_ws/src/build/example_action_rclpy/prefix_override:/home/carl/Desktop/d2lros2/chapt2/chapt4_ws/src/install/example_action_rclpy/lib/python3.10/site-packages:/home/carl/Desktop/d2lros2/chapt2/chapt4_ws/src/install/robot_control_interfaces/local/lib/python3.10/dist-packages:${PYTHONPATH} /usr/bin/python3 setup.py egg_info --egg-base ../build/example_action_rclpy build --build-base /home/carl/Desktop/d2lros2/chapt2/chapt4_ws/src/build/example_action_rclpy/build install --record /home/carl/Desktop/d2lros2/chapt2/chapt4_ws/src/build/example_action_rclpy/install.log --single-version-externally-managed
[4.945s] Level 1:colcon.colcon_core.environment:checking '/home/carl/Desktop/d2lros2/chapt2/chapt4_ws/src/install/example_action_rclpy' for CMake config files
[4.945s] Level 1:colcon.colcon_core.environment:checking '/home/carl/Desktop/d2lros2/chapt2/chapt4_ws/src/install/example_action_rclpy/lib'
[4.945s] Level 1:colcon.colcon_core.environment:checking '/home/carl/Desktop/d2lros2/chapt2/chapt4_ws/src/install/example_action_rclpy/bin'
[4.945s] Level 1:colcon.colcon_core.environment:checking '/home/carl/Desktop/d2lros2/chapt2/chapt4_ws/src/install/example_action_rclpy/lib/pkgconfig/example_action_rclpy.pc'
[4.945s] Level 1:colcon.colcon_core.environment:checking '/home/carl/Desktop/d2lros2/chapt2/chapt4_ws/src/install/example_action_rclpy/lib/python3.10/site-packages'
[4.945s] Level 1:colcon.colcon_core.shell:create_environment_hook('example_action_rclpy', 'pythonpath')
[4.946s] INFO:colcon.colcon_core.shell:Creating environment hook '/home/carl/Desktop/d2lros2/chapt2/chapt4_ws/src/install/example_action_rclpy/share/example_action_rclpy/hook/pythonpath.ps1'
[4.947s] INFO:colcon.colcon_core.shell:Creating environment descriptor '/home/carl/Desktop/d2lros2/chapt2/chapt4_ws/src/install/example_action_rclpy/share/example_action_rclpy/hook/pythonpath.dsv'
[4.947s] INFO:colcon.colcon_core.shell:Creating environment hook '/home/carl/Desktop/d2lros2/chapt2/chapt4_ws/src/install/example_action_rclpy/share/example_action_rclpy/hook/pythonpath.sh'
[4.947s] Level 1:colcon.colcon_core.environment:checking '/home/carl/Desktop/d2lros2/chapt2/chapt4_ws/src/install/example_action_rclpy/bin'
[4.947s] Level 1:colcon.colcon_core.environment:create_environment_scripts_only(example_action_rclpy)
[4.948s] INFO:colcon.colcon_core.shell:Creating package script '/home/carl/Desktop/d2lros2/chapt2/chapt4_ws/src/install/example_action_rclpy/share/example_action_rclpy/package.ps1'
[4.949s] INFO:colcon.colcon_core.shell:Creating package descriptor '/home/carl/Desktop/d2lros2/chapt2/chapt4_ws/src/install/example_action_rclpy/share/example_action_rclpy/package.dsv'
[4.949s] INFO:colcon.colcon_core.shell:Creating package script '/home/carl/Desktop/d2lros2/chapt2/chapt4_ws/src/install/example_action_rclpy/share/example_action_rclpy/package.sh'
[4.949s] INFO:colcon.colcon_core.shell:Creating package script '/home/carl/Desktop/d2lros2/chapt2/chapt4_ws/src/install/example_action_rclpy/share/example_action_rclpy/package.bash'
[4.949s] INFO:colcon.colcon_core.shell:Creating package script '/home/carl/Desktop/d2lros2/chapt2/chapt4_ws/src/install/example_action_rclpy/share/example_action_rclpy/package.zsh'
[4.950s] Level 1:colcon.colcon_core.environment:create_file_with_runtime_dependencies(/home/carl/Desktop/d2lros2/chapt2/chapt4_ws/src/install/example_action_rclpy/share/colcon-core/packages/example_action_rclpy)
[4.950s] DEBUG:colcon.colcon_parallel_executor.executor.parallel:closing loop
[4.950s] DEBUG:colcon.colcon_parallel_executor.executor.parallel:loop closed
[4.950s] DEBUG:colcon.colcon_parallel_executor.executor.parallel:run_until_complete finished with '0'
[4.950s] DEBUG:colcon.colcon_core.event_reactor:joining thread
[4.954s] INFO:colcon.colcon_core.plugin_system:Skipping extension 'colcon_notification.desktop_notification.terminal_notifier': Not used on non-Darwin systems
[4.954s] INFO:colcon.colcon_core.plugin_system:Skipping extension 'colcon_notification.desktop_notification.win32': Not used on non-Windows systems
[4.954s] INFO:colcon.colcon_notification.desktop_notification:Sending desktop notification using 'notify2'
[4.969s] DEBUG:colcon.colcon_core.event_reactor:joined thread
[4.971s] INFO:colcon.colcon_core.shell:Creating prefix script '/home/carl/Desktop/d2lros2/chapt2/chapt4_ws/src/install/local_setup.ps1'
[4.972s] INFO:colcon.colcon_core.shell:Creating prefix util module '/home/carl/Desktop/d2lros2/chapt2/chapt4_ws/src/install/_local_setup_util_ps1.py'
[4.973s] INFO:colcon.colcon_core.shell:Creating prefix chain script '/home/carl/Desktop/d2lros2/chapt2/chapt4_ws/src/install/setup.ps1'
[4.974s] INFO:colcon.colcon_core.shell:Creating prefix script '/home/carl/Desktop/d2lros2/chapt2/chapt4_ws/src/install/local_setup.sh'
[4.975s] INFO:colcon.colcon_core.shell:Creating prefix util module '/home/carl/Desktop/d2lros2/chapt2/chapt4_ws/src/install/_local_setup_util_sh.py'
[4.975s] INFO:colcon.colcon_core.shell:Creating prefix chain script '/home/carl/Desktop/d2lros2/chapt2/chapt4_ws/src/install/setup.sh'
[4.976s] INFO:colcon.colcon_core.shell:Creating prefix script '/home/carl/Desktop/d2lros2/chapt2/chapt4_ws/src/install/local_setup.bash'
[4.977s] INFO:colcon.colcon_core.shell:Creating prefix chain script '/home/carl/Desktop/d2lros2/chapt2/chapt4_ws/src/install/setup.bash'
[4.978s] INFO:colcon.colcon_core.shell:Creating prefix script '/home/carl/Desktop/d2lros2/chapt2/chapt4_ws/src/install/local_setup.zsh'
[4.978s] INFO:colcon.colcon_core.shell:Creating prefix chain script '/home/carl/Desktop/d2lros2/chapt2/chapt4_ws/src/install/setup.zsh'
