[0.515s] Invoking command in '/home/carl/Desktop/d2lros2/chapt2/chapt8_ws/src/fishbot_description': CONDA_PROMPT_MODIFIER=(base) PYTHONPATH=/home/carl/Desktop/d2lros2/chapt2/chapt8_ws/src/build/fishbot_description/prefix_override:/home/carl/Desktop/d2lros2/chapt2/chapt8_ws/src/install/fishbot_description/lib/python3.10/site-packages:${PYTHONPATH} /usr/bin/python3 setup.py egg_info --egg-base ../build/fishbot_description build --build-base /home/carl/Desktop/d2lros2/chapt2/chapt8_ws/src/build/fishbot_description/build install --record /home/carl/Desktop/d2lros2/chapt2/chapt8_ws/src/build/fishbot_description/install.log --single-version-externally-managed
[0.698s] running egg_info
[0.699s] creating ../build/fishbot_description/fishbot_description.egg-info
[0.699s] writing ../build/fishbot_description/fishbot_description.egg-info/PKG-INFO
[0.699s] writing dependency_links to ../build/fishbot_description/fishbot_description.egg-info/dependency_links.txt
[0.699s] writing entry points to ../build/fishbot_description/fishbot_description.egg-info/entry_points.txt
[0.699s] writing requirements to ../build/fishbot_description/fishbot_description.egg-info/requires.txt
[0.699s] writing top-level names to ../build/fishbot_description/fishbot_description.egg-info/top_level.txt
[0.699s] writing manifest file '../build/fishbot_description/fishbot_description.egg-info/SOURCES.txt'
[0.700s] reading manifest file '../build/fishbot_description/fishbot_description.egg-info/SOURCES.txt'
[0.701s] writing manifest file '../build/fishbot_description/fishbot_description.egg-info/SOURCES.txt'
[0.701s] running build
[0.701s] running build_py
[0.702s] creating /home/carl/Desktop/d2lros2/chapt2/chapt8_ws/src/build/fishbot_description/build
[0.702s] creating /home/carl/Desktop/d2lros2/chapt2/chapt8_ws/src/build/fishbot_description/build/lib
[0.702s] creating /home/carl/Desktop/d2lros2/chapt2/chapt8_ws/src/build/fishbot_description/build/lib/fishbot_description
[0.702s] copying fishbot_description/__init__.py -> /home/carl/Desktop/d2lros2/chapt2/chapt8_ws/src/build/fishbot_description/build/lib/fishbot_description
[0.702s] running install
[0.702s] /usr/lib/python3/dist-packages/setuptools/command/install.py:34: SetuptoolsDeprecationWarning: setup.py install is deprecated. Use build and pip and other standards-based tools.
[0.702s]   warnings.warn(
[0.702s] running install_lib
[0.703s] creating /home/carl/Desktop/d2lros2/chapt2/chapt8_ws/src/install/fishbot_description/lib/python3.10/site-packages/fishbot_description
[0.703s] copying /home/carl/Desktop/d2lros2/chapt2/chapt8_ws/src/build/fishbot_description/build/lib/fishbot_description/__init__.py -> /home/carl/Desktop/d2lros2/chapt2/chapt8_ws/src/install/fishbot_description/lib/python3.10/site-packages/fishbot_description
[0.703s] byte-compiling /home/carl/Desktop/d2lros2/chapt2/chapt8_ws/src/install/fishbot_description/lib/python3.10/site-packages/fishbot_description/__init__.py to __init__.cpython-310.pyc
[0.704s] running install_data
[0.704s] creating /home/carl/Desktop/d2lros2/chapt2/chapt8_ws/src/install/fishbot_description/share/ament_index
[0.704s] creating /home/carl/Desktop/d2lros2/chapt2/chapt8_ws/src/install/fishbot_description/share/ament_index/resource_index
[0.704s] creating /home/carl/Desktop/d2lros2/chapt2/chapt8_ws/src/install/fishbot_description/share/ament_index/resource_index/packages
[0.704s] copying resource/fishbot_description -> /home/carl/Desktop/d2lros2/chapt2/chapt8_ws/src/install/fishbot_description/share/ament_index/resource_index/packages
[0.704s] copying package.xml -> /home/carl/Desktop/d2lros2/chapt2/chapt8_ws/src/install/fishbot_description/share/fishbot_description
[0.704s] creating /home/carl/Desktop/d2lros2/chapt2/chapt8_ws/src/install/fishbot_description/share/fishbot_description/launch
[0.705s] copying launch/display_rviz2.launch.py -> /home/carl/Desktop/d2lros2/chapt2/chapt8_ws/src/install/fishbot_description/share/fishbot_description/launch
[0.705s] creating /home/carl/Desktop/d2lros2/chapt2/chapt8_ws/src/install/fishbot_description/share/fishbot_description/urdf
[0.705s] copying urdf/fishbot_base.urdf -> /home/carl/Desktop/d2lros2/chapt2/chapt8_ws/src/install/fishbot_description/share/fishbot_description/urdf
[0.705s] running install_egg_info
[0.706s] Copying ../build/fishbot_description/fishbot_description.egg-info to /home/carl/Desktop/d2lros2/chapt2/chapt8_ws/src/install/fishbot_description/lib/python3.10/site-packages/fishbot_description-0.0.0-py3.10.egg-info
[0.706s] running install_scripts
[0.723s] writing list of installed files to '/home/carl/Desktop/d2lros2/chapt2/chapt8_ws/src/build/fishbot_description/install.log'
[0.741s] Invoked command in '/home/carl/Desktop/d2lros2/chapt2/chapt8_ws/src/fishbot_description' returned '0': CONDA_PROMPT_MODIFIER=(base) PYTHONPATH=/home/carl/Desktop/d2lros2/chapt2/chapt8_ws/src/build/fishbot_description/prefix_override:/home/carl/Desktop/d2lros2/chapt2/chapt8_ws/src/install/fishbot_description/lib/python3.10/site-packages:${PYTHONPATH} /usr/bin/python3 setup.py egg_info --egg-base ../build/fishbot_description build --build-base /home/carl/Desktop/d2lros2/chapt2/chapt8_ws/src/build/fishbot_description/build install --record /home/carl/Desktop/d2lros2/chapt2/chapt8_ws/src/build/fishbot_description/install.log --single-version-externally-managed
