[0.011s] Invoking command in '/media/carl/ros/d2lros2/chapt2/nav2_Ws/src/build/fishbot_navigation2': CMAKE_PREFIX_PATH=/opt/ros/humble /usr/bin/cmake /media/carl/ros/d2lros2/chapt2/nav2_Ws/src/fishbot_navigation2 -DCMAKE_INSTALL_PREFIX=/media/carl/ros/d2lros2/chapt2/nav2_Ws/src/install/fishbot_navigation2
[0.019s] -- Found ament_cmake: 1.3.3 (/opt/ros/humble/share/ament_cmake/cmake)
[0.126s] -- Found nav2_bringup: 1.1.5 (/opt/ros/humble/share/nav2_bringup/cmake)
[0.126s] -- Found ament_lint_auto: 0.12.5 (/opt/ros/humble/share/ament_lint_auto/cmake)
[0.191s] -- Added test 'flake8' to check Python code syntax and style conventions
[0.191s] -- Added test 'lint_cmake' to check CMake code style
[0.192s] -- Added test 'pep257' to check Python code against some of the docstring style conventions in PEP 257
[0.193s] -- Added test 'xmllint' to check XML markup files
[0.194s] -- Configuring done
[0.196s] -- Generating done
[0.196s] -- Build files have been written to: /media/carl/ros/d2lros2/chapt2/nav2_Ws/src/build/fishbot_navigation2
[0.198s] Invoked command in '/media/carl/ros/d2lros2/chapt2/nav2_Ws/src/build/fishbot_navigation2' returned '0': CMAKE_PREFIX_PATH=/opt/ros/humble /usr/bin/cmake /media/carl/ros/d2lros2/chapt2/nav2_Ws/src/fishbot_navigation2 -DCMAKE_INSTALL_PREFIX=/media/carl/ros/d2lros2/chapt2/nav2_Ws/src/install/fishbot_navigation2
[0.200s] Invoking command in '/media/carl/ros/d2lros2/chapt2/nav2_Ws/src/build/fishbot_navigation2': CMAKE_PREFIX_PATH=/opt/ros/humble /usr/bin/cmake --build /media/carl/ros/d2lros2/chapt2/nav2_Ws/src/build/fishbot_navigation2 -- -j8 -l8
[0.226s] Invoked command in '/media/carl/ros/d2lros2/chapt2/nav2_Ws/src/build/fishbot_navigation2' returned '0': CMAKE_PREFIX_PATH=/opt/ros/humble /usr/bin/cmake --build /media/carl/ros/d2lros2/chapt2/nav2_Ws/src/build/fishbot_navigation2 -- -j8 -l8
[0.244s] Invoking command in '/media/carl/ros/d2lros2/chapt2/nav2_Ws/src/build/fishbot_navigation2': CMAKE_PREFIX_PATH=/opt/ros/humble /usr/bin/cmake --install /media/carl/ros/d2lros2/chapt2/nav2_Ws/src/build/fishbot_navigation2
[0.248s] -- Install configuration: ""
[0.248s] -- Installing: /media/carl/ros/d2lros2/chapt2/nav2_Ws/src/install/fishbot_navigation2/share/fishbot_navigation2/launch
[0.249s] -- Installing: /media/carl/ros/d2lros2/chapt2/nav2_Ws/src/install/fishbot_navigation2/share/fishbot_navigation2/launch/gazebo.launch.py
[0.249s] -- Installing: /media/carl/ros/d2lros2/chapt2/nav2_Ws/src/install/fishbot_navigation2/share/fishbot_navigation2/param
[0.249s] -- Installing: /media/carl/ros/d2lros2/chapt2/nav2_Ws/src/install/fishbot_navigation2/share/fishbot_navigation2/maps
[0.249s] -- Installing: /media/carl/ros/d2lros2/chapt2/nav2_Ws/src/install/fishbot_navigation2/share/fishbot_navigation2/maps/my_map.pgm
[0.249s] -- Installing: /media/carl/ros/d2lros2/chapt2/nav2_Ws/src/install/fishbot_navigation2/share/fishbot_navigation2/maps/fishbot.rviz
[0.249s] -- Installing: /media/carl/ros/d2lros2/chapt2/nav2_Ws/src/install/fishbot_navigation2/share/fishbot_navigation2/maps/my_map.yaml
[0.249s] -- Installing: /media/carl/ros/d2lros2/chapt2/nav2_Ws/src/install/fishbot_navigation2/share/fishbot_navigation2/maps/fishbot_map.png
[0.249s] -- Installing: /media/carl/ros/d2lros2/chapt2/nav2_Ws/src/install/fishbot_navigation2/share/fishbot_navigation2/maps/fishbot_map.pgm
[0.249s] -- Installing: /media/carl/ros/d2lros2/chapt2/nav2_Ws/src/install/fishbot_navigation2/share/fishbot_navigation2/maps/fishbot_map.yaml
[0.249s] -- Installing: /media/carl/ros/d2lros2/chapt2/nav2_Ws/src/install/fishbot_navigation2/share/ament_index/resource_index/package_run_dependencies/fishbot_navigation2
[0.249s] -- Installing: /media/carl/ros/d2lros2/chapt2/nav2_Ws/src/install/fishbot_navigation2/share/ament_index/resource_index/parent_prefix_path/fishbot_navigation2
[0.249s] -- Installing: /media/carl/ros/d2lros2/chapt2/nav2_Ws/src/install/fishbot_navigation2/share/fishbot_navigation2/environment/ament_prefix_path.sh
[0.249s] -- Installing: /media/carl/ros/d2lros2/chapt2/nav2_Ws/src/install/fishbot_navigation2/share/fishbot_navigation2/environment/ament_prefix_path.dsv
[0.249s] -- Installing: /media/carl/ros/d2lros2/chapt2/nav2_Ws/src/install/fishbot_navigation2/share/fishbot_navigation2/environment/path.sh
[0.250s] -- Installing: /media/carl/ros/d2lros2/chapt2/nav2_Ws/src/install/fishbot_navigation2/share/fishbot_navigation2/environment/path.dsv
[0.250s] -- Installing: /media/carl/ros/d2lros2/chapt2/nav2_Ws/src/install/fishbot_navigation2/share/fishbot_navigation2/local_setup.bash
[0.250s] -- Installing: /media/carl/ros/d2lros2/chapt2/nav2_Ws/src/install/fishbot_navigation2/share/fishbot_navigation2/local_setup.sh
[0.250s] -- Installing: /media/carl/ros/d2lros2/chapt2/nav2_Ws/src/install/fishbot_navigation2/share/fishbot_navigation2/local_setup.zsh
[0.250s] -- Installing: /media/carl/ros/d2lros2/chapt2/nav2_Ws/src/install/fishbot_navigation2/share/fishbot_navigation2/local_setup.dsv
[0.250s] -- Installing: /media/carl/ros/d2lros2/chapt2/nav2_Ws/src/install/fishbot_navigation2/share/fishbot_navigation2/package.dsv
[0.250s] -- Installing: /media/carl/ros/d2lros2/chapt2/nav2_Ws/src/install/fishbot_navigation2/share/ament_index/resource_index/packages/fishbot_navigation2
[0.250s] -- Installing: /media/carl/ros/d2lros2/chapt2/nav2_Ws/src/install/fishbot_navigation2/share/fishbot_navigation2/cmake/fishbot_navigation2Config.cmake
[0.250s] -- Installing: /media/carl/ros/d2lros2/chapt2/nav2_Ws/src/install/fishbot_navigation2/share/fishbot_navigation2/cmake/fishbot_navigation2Config-version.cmake
[0.250s] -- Installing: /media/carl/ros/d2lros2/chapt2/nav2_Ws/src/install/fishbot_navigation2/share/fishbot_navigation2/package.xml
[0.252s] Invoked command in '/media/carl/ros/d2lros2/chapt2/nav2_Ws/src/build/fishbot_navigation2' returned '0': CMAKE_PREFIX_PATH=/opt/ros/humble /usr/bin/cmake --install /media/carl/ros/d2lros2/chapt2/nav2_Ws/src/build/fishbot_navigation2
