[0.011s] Invoking command in '/home/carl/Desktop/d2lros2/chapt2/fishbot_ws/build/cartographer': CMAKE_PREFIX_PATH=/opt/ros/humble /usr/bin/cmake /home/carl/Desktop/d2lros2/chapt2/fishbot_ws/src/cartographer -DCMAKE_INSTALL_PREFIX=/home/carl/Desktop/d2lros2/chapt2/fishbot_ws/install/cartographer
[0.097s] -- The C compiler identification is GNU 11.3.0
[0.177s] -- The CXX compiler identification is GNU 11.3.0
[0.190s] -- Detecting C compiler ABI info
[0.239s] -- Detecting C compiler ABI info - done
[0.247s] -- Check for working C compiler: /usr/bin/cc - skipped
[0.248s] -- Detecting C compile features
[0.248s] -- Detecting C compile features - done
[0.251s] -- Detecting CXX compiler ABI info
[0.310s] -- Detecting CXX compiler ABI info - done
[0.316s] -- Check for working CXX compiler: /usr/bin/c++ - skipped
[0.316s] -- Detecting CXX compile features
[0.317s] -- Detecting CXX compile features - done
[0.317s] -- Build type: Release
[0.326s] Files /home/carl/Desktop/d2lros2/chapt2/fishbot_ws/build/cartographer/AllFiles.cmake and - differ
[0.477s] -- Found Python: /usr/bin/python3.10 (found version "3.10.6") found components: Interpreter 
[0.480s] -- Looking for pthread.h
[0.534s] -- Looking for pthread.h - found
[0.534s] -- Performing Test CMAKE_HAVE_LIBC_PTHREAD
[0.582s] -- Performing Test CMAKE_HAVE_LIBC_PTHREAD - Success
[0.583s] -- Found Threads: TRUE  
[0.587s] -- Found GMock: gmock_main  
[0.610s] -- Found Boost: /usr/lib/x86_64-linux-gnu/cmake/Boost-1.74.0/BoostConfig.cmake (found version "1.74.0") found components: iostreams 
[0.623s] -- Found required Ceres dependency: Eigen version 3.4.0 in /usr/include/eigen3
[0.628s] -- Found required Ceres dependency: glog
[0.629s] -- Found required Ceres dependency: gflags
[0.629s] -- Found Ceres version: 2.0.0 installed in: /usr with components: [EigenSparse, SparseLinearAlgebraLibrary, LAPACK, SuiteSparse, CXSparse, SchurSpecializations, Multithreading]
[0.639s] -- Found Lua: /usr/lib/x86_64-linux-gnu/liblua5.2.so;/usr/lib/x86_64-linux-gnu/libm.so (found version "5.2.4") 
[0.654s] -- Found Protobuf: /usr/lib/x86_64-linux-gnu/libprotobuf.so (found suitable version "3.12.4", minimum required is "3.0.0") 
[0.657s] -- Found PkgConfig: /usr/bin/pkg-config (found version "0.29.2") 
[0.658s] -- Checking for one of the modules 'cairo>=1.12.16'
[0.692s] -- Found Sphinx: /usr/bin/sphinx-build  
[0.725s] -- Configuring done
[0.939s] -- Generating done
[0.947s] -- Build files have been written to: /home/carl/Desktop/d2lros2/chapt2/fishbot_ws/build/cartographer
[0.960s] Invoked command in '/home/carl/Desktop/d2lros2/chapt2/fishbot_ws/build/cartographer' returned '0': CMAKE_PREFIX_PATH=/opt/ros/humble /usr/bin/cmake /home/carl/Desktop/d2lros2/chapt2/fishbot_ws/src/cartographer -DCMAKE_INSTALL_PREFIX=/home/carl/Desktop/d2lros2/chapt2/fishbot_ws/install/cartographer
[0.962s] Invoking command in '/home/carl/Desktop/d2lros2/chapt2/fishbot_ws/build/cartographer': CMAKE_PREFIX_PATH=/opt/ros/humble /usr/bin/cmake --build /home/carl/Desktop/d2lros2/chapt2/fishbot_ws/build/cartographer -- -j8 -l8
[1.010s] [  0%] [34m[1mRunning C++ protocol buffer compiler on /home/carl/Desktop/d2lros2/chapt2/fishbot_ws/src/cartographer/cartographer/transform/proto/transform.proto[0m
[1.014s] [  0%] [34m[1mBuilding documentation.[0m
[1.014s] [  1%] [32mBuilding CXX object googletest/CMakeFiles/gtest.dir/src/gtest-all.cc.o[0m
[1.030s] [  1%] [34m[1mRunning C++ protocol buffer compiler on /home/carl/Desktop/d2lros2/chapt2/fishbot_ws/src/cartographer/cartographer/mapping/proto/connected_components.proto[0m
[1.030s] [  1%] [34m[1mRunning C++ protocol buffer compiler on /home/carl/Desktop/d2lros2/chapt2/fishbot_ws/src/cartographer/cartographer/ground_truth/proto/relations.proto[0m
[1.033s] [  1%] [34m[1mRunning C++ protocol buffer compiler on /home/carl/Desktop/d2lros2/chapt2/fishbot_ws/src/cartographer/cartographer/common/proto/ceres_solver_options.proto[0m
[1.037s] [  2%] [34m[1mRunning C++ protocol buffer compiler on /home/carl/Desktop/d2lros2/chapt2/fishbot_ws/src/cartographer/cartographer/mapping/proto/cell_limits_2d.proto[0m
[1.041s] [  2%] [34m[1mRunning C++ protocol buffer compiler on /home/carl/Desktop/d2lros2/chapt2/fishbot_ws/src/cartographer/cartographer/mapping/proto/grid_2d.proto[0m
[1.043s] [  2%] Built target cartographer_detect_changes
[1.056s] [  3%] [34m[1mRunning C++ protocol buffer compiler on /home/carl/Desktop/d2lros2/chapt2/fishbot_ws/src/cartographer/cartographer/mapping/proto/hybrid_grid.proto[0m
[1.056s] [  3%] [34m[1mRunning C++ protocol buffer compiler on /home/carl/Desktop/d2lros2/chapt2/fishbot_ws/src/cartographer/cartographer/mapping/proto/local_trajectory_builder_options_2d.proto[0m
[1.056s] [  3%] [34m[1mRunning C++ protocol buffer compiler on /home/carl/Desktop/d2lros2/chapt2/fishbot_ws/src/cartographer/cartographer/mapping/proto/local_trajectory_builder_options_3d.proto[0m
[1.063s] [  3%] [34m[1mRunning C++ protocol buffer compiler on /home/carl/Desktop/d2lros2/chapt2/fishbot_ws/src/cartographer/cartographer/mapping/proto/grid_2d_options.proto[0m
[1.069s] [  3%] [34m[1mRunning C++ protocol buffer compiler on /home/carl/Desktop/d2lros2/chapt2/fishbot_ws/src/cartographer/cartographer/mapping/proto/map_builder_options.proto[0m
[1.083s] [  4%] [34m[1mRunning C++ protocol buffer compiler on /home/carl/Desktop/d2lros2/chapt2/fishbot_ws/src/cartographer/cartographer/mapping/proto/map_limits.proto[0m
[1.091s] [  4%] [34m[1mRunning C++ protocol buffer compiler on /home/carl/Desktop/d2lros2/chapt2/fishbot_ws/src/cartographer/cartographer/mapping/proto/normal_estimation_options_2d.proto[0m
[1.091s] [  4%] [34m[1mRunning C++ protocol buffer compiler on /home/carl/Desktop/d2lros2/chapt2/fishbot_ws/src/cartographer/cartographer/mapping/proto/motion_filter_options.proto[0m
[1.092s] [  4%] [34m[1mRunning C++ protocol buffer compiler on /home/carl/Desktop/d2lros2/chapt2/fishbot_ws/src/cartographer/cartographer/mapping/proto/pose_extrapolator_options.proto[0m
[1.100s] [  5%] [34m[1mRunning C++ protocol buffer compiler on /home/carl/Desktop/d2lros2/chapt2/fishbot_ws/src/cartographer/cartographer/mapping/proto/pose_graph.proto[0m
[1.103s] [  5%] [34m[1mRunning C++ protocol buffer compiler on /home/carl/Desktop/d2lros2/chapt2/fishbot_ws/src/cartographer/cartographer/mapping/proto/pose_graph/optimization_problem_options.proto[0m
[1.104s] [  5%] [34m[1mRunning C++ protocol buffer compiler on /home/carl/Desktop/d2lros2/chapt2/fishbot_ws/src/cartographer/cartographer/mapping/proto/pose_graph_options.proto[0m
[1.105s] [  6%] [34m[1mRunning C++ protocol buffer compiler on /home/carl/Desktop/d2lros2/chapt2/fishbot_ws/src/cartographer/cartographer/mapping/proto/probability_grid.proto[0m
[1.107s] [  6%] [34m[1mRunning C++ protocol buffer compiler on /home/carl/Desktop/d2lros2/chapt2/fishbot_ws/src/cartographer/cartographer/mapping/proto/pose_graph/constraint_builder_options.proto[0m
[1.112s] [  6%] [34m[1mRunning C++ protocol buffer compiler on /home/carl/Desktop/d2lros2/chapt2/fishbot_ws/src/cartographer/cartographer/mapping/proto/probability_grid_range_data_inserter_options_2d.proto[0m
[1.122s] [  6%] [34m[1mRunning C++ protocol buffer compiler on /home/carl/Desktop/d2lros2/chapt2/fishbot_ws/src/cartographer/cartographer/mapping/proto/range_data_inserter_options.proto[0m
[1.124s] [  6%] [34m[1mRunning C++ protocol buffer compiler on /home/carl/Desktop/d2lros2/chapt2/fishbot_ws/src/cartographer/cartographer/mapping/proto/range_data_inserter_options_3d.proto[0m
[1.126s] [  7%] [34m[1mRunning C++ protocol buffer compiler on /home/carl/Desktop/d2lros2/chapt2/fishbot_ws/src/cartographer/cartographer/mapping/proto/scan_matching/ceres_scan_matcher_options_2d.proto[0m
[1.130s] [  7%] [34m[1mRunning C++ protocol buffer compiler on /home/carl/Desktop/d2lros2/chapt2/fishbot_ws/src/cartographer/cartographer/mapping/proto/scan_matching/ceres_scan_matcher_options_3d.proto[0m
[1.132s] [  7%] [34m[1mRunning C++ protocol buffer compiler on /home/carl/Desktop/d2lros2/chapt2/fishbot_ws/src/cartographer/cartographer/mapping/proto/scan_matching/fast_correlative_scan_matcher_options_2d.proto[0m
[1.137s] [  7%] [34m[1mRunning C++ protocol buffer compiler on /home/carl/Desktop/d2lros2/chapt2/fishbot_ws/src/cartographer/cartographer/mapping/proto/scan_matching/fast_correlative_scan_matcher_options_3d.proto[0m
[1.144s] [  8%] [34m[1mRunning C++ protocol buffer compiler on /home/carl/Desktop/d2lros2/chapt2/fishbot_ws/src/cartographer/cartographer/mapping/proto/scan_matching/real_time_correlative_scan_matcher_options.proto[0m
[1.147s] [  8%] [34m[1mRunning C++ protocol buffer compiler on /home/carl/Desktop/d2lros2/chapt2/fishbot_ws/src/cartographer/cartographer/mapping/proto/serialization.proto[0m
[1.148s] [  8%] [34m[1mRunning C++ protocol buffer compiler on /home/carl/Desktop/d2lros2/chapt2/fishbot_ws/src/cartographer/cartographer/mapping/proto/submap_visualization.proto[0m
[1.151s] [  8%] [34m[1mRunning C++ protocol buffer compiler on /home/carl/Desktop/d2lros2/chapt2/fishbot_ws/src/cartographer/cartographer/mapping/proto/submap.proto[0m
[1.155s] [  8%] [34m[1mRunning C++ protocol buffer compiler on /home/carl/Desktop/d2lros2/chapt2/fishbot_ws/src/cartographer/cartographer/mapping/proto/submaps_options_3d.proto[0m
[1.156s] [  8%] [34m[1mRunning C++ protocol buffer compiler on /home/carl/Desktop/d2lros2/chapt2/fishbot_ws/src/cartographer/cartographer/mapping/proto/trajectory.proto[0m
[1.159s] [  9%] [34m[1mRunning C++ protocol buffer compiler on /home/carl/Desktop/d2lros2/chapt2/fishbot_ws/src/cartographer/cartographer/mapping/proto/submaps_options_2d.proto[0m
[1.176s] [  9%] [34m[1mRunning C++ protocol buffer compiler on /home/carl/Desktop/d2lros2/chapt2/fishbot_ws/src/cartographer/cartographer/mapping/proto/trajectory_node_data.proto[0m
[1.176s] [  9%] [34m[1mRunning C++ protocol buffer compiler on /home/carl/Desktop/d2lros2/chapt2/fishbot_ws/src/cartographer/cartographer/mapping/proto/tsdf_range_data_inserter_options_2d.proto[0m
[1.176s] [ 10%] [34m[1mRunning C++ protocol buffer compiler on /home/carl/Desktop/d2lros2/chapt2/fishbot_ws/src/cartographer/cartographer/mapping/proto/trajectory_builder_options.proto[0m
[1.183s] [ 10%] [34m[1mRunning C++ protocol buffer compiler on /home/carl/Desktop/d2lros2/chapt2/fishbot_ws/src/cartographer/cartographer/mapping/proto/tsdf_2d.proto[0m
[1.184s] [ 11%] [34m[1mRunning C++ protocol buffer compiler on /home/carl/Desktop/d2lros2/chapt2/fishbot_ws/src/cartographer/cartographer/sensor/proto/adaptive_voxel_filter_options.proto[0m
[1.192s] [ 11%] [34m[1mRunning C++ protocol buffer compiler on /home/carl/Desktop/d2lros2/chapt2/fishbot_ws/src/cartographer/cartographer/sensor/proto/sensor.proto[0m
[1.200s] [ 11%] [34m[1mRunning C++ protocol buffer compiler on /home/carl/Desktop/d2lros2/chapt2/fishbot_ws/src/cartographer/cartographer/transform/proto/timestamped_transform.proto[0m
[1.310s] [ 11%] [32mBuilding CXX object CMakeFiles/cartographer.dir/cartographer/common/histogram.cc.o[0m
[1.310s] [ 12%] [32mBuilding CXX object CMakeFiles/cartographer.dir/cartographer/common/configuration_file_resolver.cc.o[0m
[1.311s] [ 13%] [32mBuilding CXX object CMakeFiles/cartographer.dir/cartographer/common/internal/testing/thread_pool_for_testing.cc.o[0m
[1.311s] [ 13%] [32mBuilding CXX object CMakeFiles/cartographer.dir/cartographer/common/internal/ceres_solver_options.cc.o[0m
[1.315s] [ 13%] [32mBuilding CXX object CMakeFiles/cartographer.dir/cartographer/common/lua_parameter_dictionary.cc.o[0m
[1.316s] [ 13%] [32mBuilding CXX object CMakeFiles/cartographer.dir/cartographer/common/fixed_ratio_sampler.cc.o[0m
[1.436s] [01mRunning Sphinx v4.3.2[39;49;00m
[1.661s] [01mmaking output directory... [39;49;00mdone
[1.667s] [01mbuilding [mo]: [39;49;00mtargets for 0 po files that are out of date
[1.669s] [01mbuilding [html]: [39;49;00mtargets for 6 source files that are out of date
[1.669s] [01mupdating environment: [39;49;00m[new config] 6 added, 0 changed, 0 removed
[1.821s] [01mreading sources... [39;49;00m[ 16%] [35mconfiguration[39;49;00m                                        
[1.842s] [01mreading sources... [39;49;00m[ 33%] [35mcost_functions[39;49;00m                                       
[1.865s] [01mreading sources... [39;49;00m[ 50%] [35mevaluation[39;49;00m                                           
[1.891s] [01mreading sources... [39;49;00m[ 66%] [35mindex[39;49;00m                                                
[1.900s] [01mreading sources... [39;49;00m[ 83%] [35mpbstream_migration[39;49;00m                                   
[1.914s] [01mreading sources... [39;49;00m[100%] [35mterminology[39;49;00m                                          
[1.914s] 
[1.915s] [01mlooking for now-outdated files... [39;49;00mnone found
[1.916s] [01mpickling environment... [39;49;00mdone
[1.916s] [01mchecking consistency... [39;49;00mdone
[1.918s] [01mpreparing documents... [39;49;00mdone
[2.075s] [01mwriting output... [39;49;00m[ 16%] [32mconfiguration[39;49;00m                                         
[2.098s] [01mwriting output... [39;49;00m[ 33%] [32mcost_functions[39;49;00m                                        
[2.136s] [01mwriting output... [39;49;00m[ 50%] [32mevaluation[39;49;00m                                            
[2.209s] [01mwriting output... [39;49;00m[ 66%] [32mindex[39;49;00m                                                 
[2.286s] [01mwriting output... [39;49;00m[ 83%] [32mpbstream_migration[39;49;00m                                    
[2.307s] [01mwriting output... [39;49;00m[100%] [32mterminology[39;49;00m                                           
[2.307s] 
[2.325s] [01mgenerating indices... [39;49;00mgenindex done
[2.338s] [01mwriting additional pages... [39;49;00msearch done
[2.339s] [01mcopying images... [39;49;00m[ 50%] [33mautogenerate_groundtruth.png[39;49;00m                          
[2.339s] [01mcopying images... [39;49;00m[100%] [33mhigh_level_system_overview.png[39;49;00m                        
[2.339s] 
[2.383s] [01mcopying static files... [39;49;00mdone
[2.383s] [01mcopying extra files... [39;49;00mdone
[2.388s] [01mdumping search index in English (code: en)... [39;49;00mdone
[2.399s] [01mdumping object inventory... [39;49;00mdone
[2.399s] [01mbuild succeeded.[39;49;00m
[2.399s] 
[2.399s] The HTML pages are in html.
[2.558s] [ 13%] Built target build_doc
[2.588s] [ 13%] [32mBuilding CXX object CMakeFiles/cartographer.dir/cartographer/common/task.cc.o[0m
[3.365s] [ 13%] [32mBuilding CXX object CMakeFiles/cartographer.dir/cartographer/common/thread_pool.cc.o[0m
[3.781s] [ 14%] [32mBuilding CXX object CMakeFiles/cartographer.dir/cartographer/common/time.cc.o[0m
[4.097s] [ 14%] [32mBuilding CXX object CMakeFiles/cartographer.dir/cartographer/ground_truth/autogenerate_ground_truth.cc.o[0m
[4.421s] [ 14%] [32mBuilding CXX object CMakeFiles/cartographer.dir/cartographer/ground_truth/relations_text_file.cc.o[0m
[4.917s] [ 14%] [32mBuilding CXX object CMakeFiles/cartographer.dir/cartographer/io/color.cc.o[0m
[5.405s] [ 15%] [32mBuilding CXX object CMakeFiles/cartographer.dir/cartographer/io/coloring_points_processor.cc.o[0m
[6.023s] [ 15%] [32mBuilding CXX object CMakeFiles/cartographer.dir/cartographer/io/counting_points_processor.cc.o[0m
[6.187s] [ 15%] [32mBuilding CXX object CMakeFiles/cartographer.dir/cartographer/io/draw_trajectories.cc.o[0m
[6.244s] [ 15%] [32mBuilding CXX object CMakeFiles/cartographer.dir/cartographer/io/file_writer.cc.o[0m
[8.352s] [ 16%] [32mBuilding CXX object CMakeFiles/cartographer.dir/cartographer/io/fixed_ratio_sampling_points_processor.cc.o[0m
[8.807s] [ 16%] [32mBuilding CXX object CMakeFiles/cartographer.dir/cartographer/io/frame_id_filtering_points_processor.cc.o[0m
[8.962s] [ 16%] [32mBuilding CXX object CMakeFiles/cartographer.dir/cartographer/io/hybrid_grid_points_processor.cc.o[0m
[9.925s] [ 16%] [32mBuilding CXX object CMakeFiles/cartographer.dir/cartographer/io/image.cc.o[0m
[11.689s] [ 17%] [32mBuilding CXX object CMakeFiles/cartographer.dir/cartographer/io/intensity_to_color_points_processor.cc.o[0m
[12.465s] [ 17%] [32mBuilding CXX object CMakeFiles/cartographer.dir/cartographer/io/internal/in_memory_proto_stream.cc.o[0m
[13.650s] [ 17%] [32mBuilding CXX object CMakeFiles/cartographer.dir/cartographer/io/internal/mapping_state_serialization.cc.o[0m
[16.992s] [ 18%] [32mBuilding CXX object CMakeFiles/cartographer.dir/cartographer/io/internal/pbstream_info.cc.o[0m
[17.209s] [ 18%] [32mBuilding CXX object CMakeFiles/cartographer.dir/cartographer/io/internal/pbstream_migrate.cc.o[0m
[17.480s] [ 18%] [32mBuilding CXX object CMakeFiles/cartographer.dir/cartographer/io/min_max_range_filtering_points_processor.cc.o[0m
[17.534s] [ 18%] [32mBuilding CXX object CMakeFiles/cartographer.dir/cartographer/io/outlier_removing_points_processor.cc.o[0m
[18.526s] [ 19%] [32mBuilding CXX object CMakeFiles/cartographer.dir/cartographer/io/pcd_writing_points_processor.cc.o[0m
[18.785s] [ 19%] [32mBuilding CXX object CMakeFiles/cartographer.dir/cartographer/io/ply_writing_points_processor.cc.o[0m
[21.317s] [ 19%] [32m[1mLinking CXX static library ../lib/libgtest.a[0m
[21.485s] [ 19%] Built target gtest
[21.617s] [ 20%] [32mBuilding CXX object gmock/CMakeFiles/gmock.dir/src/gmock-all.cc.o[0m
[22.881s] [ 20%] [32mBuilding CXX object CMakeFiles/cartographer.dir/cartographer/io/points_batch.cc.o[0m
[25.081s] [ 20%] [32mBuilding CXX object CMakeFiles/cartographer.dir/cartographer/io/points_processor_pipeline_builder.cc.o[0m
[25.209s] [ 21%] [32mBuilding CXX object CMakeFiles/cartographer.dir/cartographer/io/probability_grid_points_processor.cc.o[0m
[25.811s] [ 21%] [32mBuilding CXX object CMakeFiles/cartographer.dir/cartographer/io/proto_stream.cc.o[0m
[26.186s] [ 21%] [32mBuilding CXX object CMakeFiles/cartographer.dir/cartographer/io/proto_stream_deserializer.cc.o[0m
[27.054s] [ 21%] [32mBuilding CXX object CMakeFiles/cartographer.dir/cartographer/io/serialization_format_migration.cc.o[0m
[27.170s] [ 22%] [32mBuilding CXX object CMakeFiles/cartographer.dir/cartographer/io/submap_painter.cc.o[0m
[28.282s] [ 22%] [32m[1mLinking CXX static library ../lib/libgmock.a[0m
[28.351s] [ 22%] Built target gmock
[28.372s] [ 22%] [32mBuilding CXX object gmock/CMakeFiles/gmock_main.dir/src/gmock_main.cc.o[0m
[29.073s] [ 22%] [32mBuilding CXX object CMakeFiles/cartographer.dir/cartographer/io/vertical_range_filtering_points_processor.cc.o[0m
[29.985s] [ 22%] [32m[1mLinking CXX static library ../lib/libgmock_main.a[0m
[30.137s] [ 22%] Built target gmock_main
[30.169s] [ 22%] [32mBuilding CXX object CMakeFiles/cartographer.dir/cartographer/io/xray_points_processor.cc.o[0m
[30.529s] [ 22%] [32mBuilding CXX object CMakeFiles/cartographer.dir/cartographer/io/xyz_writing_points_processor.cc.o[0m
[31.593s] [ 23%] [32mBuilding CXX object CMakeFiles/cartographer.dir/cartographer/mapping/2d/grid_2d.cc.o[0m
[31.913s] [ 23%] [32mBuilding CXX object CMakeFiles/cartographer.dir/cartographer/mapping/2d/probability_grid.cc.o[0m
[33.673s] [ 23%] [32mBuilding CXX object CMakeFiles/cartographer.dir/cartographer/mapping/2d/probability_grid_range_data_inserter_2d.cc.o[0m
[34.549s] [ 23%] [32mBuilding CXX object CMakeFiles/cartographer.dir/cartographer/mapping/2d/submap_2d.cc.o[0m
[39.336s] [ 23%] [32mBuilding CXX object CMakeFiles/cartographer.dir/cartographer/mapping/internal/2d/local_trajectory_builder_options_2d.cc.o[0m
[41.344s] [ 23%] [32mBuilding CXX object CMakeFiles/cartographer.dir/cartographer/mapping/internal/2d/normal_estimation_2d.cc.o[0m
[41.851s] [ 23%] [32mBuilding CXX object CMakeFiles/cartographer.dir/cartographer/mapping/internal/2d/local_trajectory_builder_2d.cc.o[0m
[43.681s] [ 24%] [32mBuilding CXX object CMakeFiles/cartographer.dir/cartographer/mapping/internal/2d/overlapping_submaps_trimmer_2d.cc.o[0m
[45.688s] [ 24%] [32mBuilding CXX object CMakeFiles/cartographer.dir/cartographer/mapping/imu_tracker.cc.o[0m
[45.688s] [ 24%] [32mBuilding CXX object CMakeFiles/cartographer.dir/cartographer/mapping/internal/2d/pose_graph_2d.cc.o[0m
[45.690s] [ 25%] [32mBuilding CXX object CMakeFiles/cartographer.dir/cartographer/mapping/internal/2d/local_slam_result_2d.cc.o[0m
[46.292s] [ 25%] [32mBuilding CXX object CMakeFiles/cartographer.dir/cartographer/mapping/detect_floors.cc.o[0m
[47.301s] [ 25%] [32mBuilding CXX object CMakeFiles/cartographer.dir/cartographer/mapping/3d/submap_3d.cc.o[0m
[47.301s] [ 25%] [32mBuilding CXX object CMakeFiles/cartographer.dir/cartographer/mapping/internal/2d/ray_to_pixel_mask.cc.o[0m
[47.877s] [ 27%] [32mBuilding CXX object CMakeFiles/cartographer.dir/cartographer/mapping/internal/2d/scan_matching/ceres_scan_matcher_2d.cc.o[0m
[47.877s] [ 27%] [32mBuilding CXX object CMakeFiles/cartographer.dir/cartographer/mapping/3d/range_data_inserter_3d.cc.o[0m
[50.118s] [ 27%] [32mBuilding CXX object CMakeFiles/cartographer.dir/cartographer/mapping/internal/2d/scan_matching/correlative_scan_matcher_2d.cc.o[0m
[50.506s] [ 27%] [32mBuilding CXX object CMakeFiles/cartographer.dir/cartographer/mapping/internal/2d/scan_matching/fast_correlative_scan_matcher_2d.cc.o[0m
[51.208s] [ 27%] [32mBuilding CXX object CMakeFiles/cartographer.dir/cartographer/mapping/internal/2d/scan_matching/occupied_space_cost_function_2d.cc.o[0m
[52.759s] [ 28%] [32mBuilding CXX object CMakeFiles/cartographer.dir/cartographer/mapping/internal/2d/scan_matching/real_time_correlative_scan_matcher_2d.cc.o[0m
[52.762s] [ 28%] [32mBuilding CXX object CMakeFiles/cartographer.dir/cartographer/mapping/internal/2d/scan_matching/tsdf_match_cost_function_2d.cc.o[0m
[52.821s] [ 28%] [32mBuilding CXX object CMakeFiles/cartographer.dir/cartographer/mapping/internal/2d/tsd_value_converter.cc.o[0m
[55.386s] [ 28%] [32mBuilding CXX object CMakeFiles/cartographer.dir/cartographer/mapping/internal/2d/tsdf_2d.cc.o[0m
[56.202s] [ 29%] [32mBuilding CXX object CMakeFiles/cartographer.dir/cartographer/mapping/internal/2d/tsdf_range_data_inserter_2d.cc.o[0m
[56.370s] [ 29%] [32mBuilding CXX object CMakeFiles/cartographer.dir/cartographer/mapping/internal/3d/local_slam_result_3d.cc.o[0m
[56.394s] [ 29%] [32mBuilding CXX object CMakeFiles/cartographer.dir/cartographer/mapping/internal/3d/local_trajectory_builder_3d.cc.o[0m
[57.650s] [ 29%] [32mBuilding CXX object CMakeFiles/cartographer.dir/cartographer/mapping/internal/3d/local_trajectory_builder_options_3d.cc.o[0m
[58.669s] [ 30%] [32mBuilding CXX object CMakeFiles/cartographer.dir/cartographer/mapping/internal/3d/pose_graph_3d.cc.o[0m
[58.669s] [ 30%] [32mBuilding CXX object CMakeFiles/cartographer.dir/cartographer/mapping/internal/3d/scan_matching/ceres_scan_matcher_3d.cc.o[0m
[58.813s] [ 30%] [32mBuilding CXX object CMakeFiles/cartographer.dir/cartographer/mapping/internal/3d/scan_matching/fast_correlative_scan_matcher_3d.cc.o[0m
[65.392s] [ 31%] [32mBuilding CXX object CMakeFiles/cartographer.dir/cartographer/mapping/internal/collated_trajectory_builder.cc.o[0m
[66.398s] [ 31%] [32mBuilding CXX object CMakeFiles/cartographer.dir/cartographer/mapping/internal/connected_components.cc.o[0m
[67.405s] [ 31%] [32mBuilding CXX object CMakeFiles/cartographer.dir/cartographer/mapping/internal/3d/scan_matching/rotational_scan_matcher.cc.o[0m
[68.416s] [ 31%] [32mBuilding CXX object CMakeFiles/cartographer.dir/cartographer/mapping/internal/3d/scan_matching/real_time_correlative_scan_matcher_3d.cc.o[0m
[68.986s] [ 31%] [32mBuilding CXX object CMakeFiles/cartographer.dir/cartographer/mapping/internal/3d/scan_matching/precomputation_grid_3d.cc.o[0m
[69.104s] [ 31%] [32mBuilding CXX object CMakeFiles/cartographer.dir/cartographer/mapping/internal/constraints/constraint_builder.cc.o[0m
[69.780s] [ 31%] [32mBuilding CXX object CMakeFiles/cartographer.dir/cartographer/mapping/internal/constraints/constraint_builder_2d.cc.o[0m
[70.790s] [ 33%] [32mBuilding CXX object CMakeFiles/cartographer.dir/cartographer/mapping/internal/3d/scan_matching/low_resolution_matcher.cc.o[0m
[70.790s] [ 33%] [32mBuilding CXX object CMakeFiles/cartographer.dir/cartographer/mapping/internal/constraints/constraint_builder_3d.cc.o[0m
[71.490s] [ 33%] [32mBuilding CXX object CMakeFiles/cartographer.dir/cartographer/mapping/internal/3d/scan_matching/intensity_cost_function_3d.cc.o[0m
[72.464s] [ 33%] [32mBuilding CXX object CMakeFiles/cartographer.dir/cartographer/mapping/internal/eigen_quaterniond_from_two_vectors.cc.o[0m
[72.472s] [ 33%] [32mBuilding CXX object CMakeFiles/cartographer.dir/cartographer/mapping/internal/global_trajectory_builder.cc.o[0m
[72.883s] [ 33%] [32mBuilding CXX object CMakeFiles/cartographer.dir/cartographer/mapping/internal/imu_based_pose_extrapolator.cc.o[0m
[73.501s] [ 34%] [32mBuilding CXX object CMakeFiles/cartographer.dir/cartographer/mapping/internal/motion_filter.cc.o[0m
[75.464s] [ 34%] [32mBuilding CXX object CMakeFiles/cartographer.dir/cartographer/mapping/internal/optimization/ceres_pose.cc.o[0m
[75.995s] [ 34%] [32mBuilding CXX object CMakeFiles/cartographer.dir/cartographer/mapping/internal/optimization/cost_functions/spa_cost_function_2d.cc.o[0m
[77.728s] [ 34%] [32mBuilding CXX object CMakeFiles/cartographer.dir/cartographer/mapping/internal/optimization/optimization_problem_2d.cc.o[0m
[78.439s] [ 35%] [32mBuilding CXX object CMakeFiles/cartographer.dir/cartographer/mapping/internal/optimization/optimization_problem_3d.cc.o[0m
[78.839s] [ 35%] [32mBuilding CXX object CMakeFiles/cartographer.dir/cartographer/mapping/internal/optimization/optimization_problem_options.cc.o[0m
[79.009s] [ 35%] [32mBuilding CXX object CMakeFiles/cartographer.dir/cartographer/mapping/internal/range_data_collator.cc.o[0m
[80.262s] [ 36%] [32mBuilding CXX object CMakeFiles/cartographer.dir/cartographer/mapping/internal/scan_matching/real_time_correlative_scan_matcher.cc.o[0m
[86.182s] [ 36%] [32mBuilding CXX object CMakeFiles/cartographer.dir/cartographer/mapping/pose_extrapolator.cc.o[0m
[86.182s] [ 36%] [32mBuilding CXX object CMakeFiles/cartographer.dir/cartographer/mapping/pose_extrapolator_interface.cc.o[0m
[86.863s] [ 36%] [32mBuilding CXX object CMakeFiles/cartographer.dir/cartographer/mapping/map_builder.cc.o[0m
[86.865s] [ 37%] [32mBuilding CXX object CMakeFiles/cartographer.dir/cartographer/mapping/map_builder_interface.cc.o[0m
[87.875s] [ 37%] [32mBuilding CXX object CMakeFiles/cartographer.dir/cartographer/mapping/pose_graph.cc.o[0m
[88.682s] [ 37%] [32mBuilding CXX object CMakeFiles/cartographer.dir/cartographer/mapping/internal/submap_controller.cc.o[0m
[88.686s] [ 37%] [32mBuilding CXX object CMakeFiles/cartographer.dir/cartographer/mapping/internal/trajectory_connectivity_state.cc.o[0m
[89.698s] [ 38%] [32mBuilding CXX object CMakeFiles/cartographer.dir/cartographer/mapping/pose_graph_trimmer.cc.o[0m
[90.804s] [ 38%] [32mBuilding CXX object CMakeFiles/cartographer.dir/cartographer/mapping/probability_values.cc.o[0m
[91.653s] [ 38%] [32mBuilding CXX object CMakeFiles/cartographer.dir/cartographer/mapping/range_data_inserter_interface.cc.o[0m
[93.485s] [ 38%] [32mBuilding CXX object CMakeFiles/cartographer.dir/cartographer/mapping/trajectory_builder_interface.cc.o[0m
[93.819s] [ 39%] [32mBuilding CXX object CMakeFiles/cartographer.dir/cartographer/mapping/trajectory_node.cc.o[0m
[94.000s] [ 39%] [32mBuilding CXX object CMakeFiles/cartographer.dir/cartographer/mapping/value_conversion_tables.cc.o[0m
[94.028s] [ 39%] [32mBuilding CXX object CMakeFiles/cartographer.dir/cartographer/metrics/counter.cc.o[0m
[94.074s] [ 39%] [32mBuilding CXX object CMakeFiles/cartographer.dir/cartographer/metrics/gauge.cc.o[0m
[94.264s] [ 40%] [32mBuilding CXX object CMakeFiles/cartographer.dir/cartographer/metrics/histogram.cc.o[0m
[94.267s] [ 40%] [32mBuilding CXX object CMakeFiles/cartographer.dir/cartographer/metrics/register.cc.o[0m
[94.360s] [ 40%] [32mBuilding CXX object CMakeFiles/cartographer.dir/cartographer/sensor/compressed_point_cloud.cc.o[0m
[94.953s] [ 40%] [32mBuilding CXX object CMakeFiles/cartographer.dir/cartographer/sensor/fixed_frame_pose_data.cc.o[0m
[98.892s] [ 40%] [32mBuilding CXX object CMakeFiles/cartographer.dir/cartographer/sensor/odometry_data.cc.o[0m
[100.900s] [ 40%] [32mBuilding CXX object CMakeFiles/cartographer.dir/cartographer/sensor/point_cloud.cc.o[0m
[100.900s] [ 40%] [32mBuilding CXX object CMakeFiles/cartographer.dir/cartographer/sensor/landmark_data.cc.o[0m
[100.926s] [ 41%] [32mBuilding CXX object CMakeFiles/cartographer.dir/cartographer/sensor/internal/voxel_filter.cc.o[0m
[101.933s] [ 42%] [32mBuilding CXX object CMakeFiles/cartographer.dir/cartographer/sensor/range_data.cc.o[0m
[102.943s] [ 42%] [32mBuilding CXX object CMakeFiles/cartographer.dir/cartographer/sensor/internal/ordered_multi_queue.cc.o[0m
[102.943s] [ 42%] [32mBuilding CXX object CMakeFiles/cartographer.dir/cartographer/sensor/internal/trajectory_collator.cc.o[0m
[103.374s] [ 42%] [32mBuilding CXX object CMakeFiles/cartographer.dir/cartographer/sensor/internal/collator.cc.o[0m
[103.795s] [ 43%] [32mBuilding CXX object CMakeFiles/cartographer.dir/cartographer/sensor/timed_point_cloud_data.cc.o[0m
[103.795s] [ 43%] [32mBuilding CXX object CMakeFiles/cartographer.dir/cartographer/sensor/imu_data.cc.o[0m
[104.805s] [ 43%] [32mBuilding CXX object CMakeFiles/cartographer.dir/cartographer/transform/rigid_transform.cc.o[0m
[104.822s] [ 44%] [32mBuilding CXX object CMakeFiles/cartographer.dir/cartographer/transform/timestamped_transform.cc.o[0m
[105.166s] [ 44%] [32mBuilding CXX object CMakeFiles/cartographer.dir/cartographer/transform/transform.cc.o[0m
[107.596s] [ 44%] [32mBuilding CXX object CMakeFiles/cartographer.dir/cartographer/transform/transform_interpolation_buffer.cc.o[0m
[107.778s] [ 44%] [32mBuilding CXX object CMakeFiles/cartographer.dir/cartographer/common/proto/ceres_solver_options.pb.cc.o[0m
[108.063s] [ 45%] [32mBuilding CXX object CMakeFiles/cartographer.dir/cartographer/ground_truth/proto/relations.pb.cc.o[0m
[108.463s] [ 45%] [32mBuilding CXX object CMakeFiles/cartographer.dir/cartographer/mapping/proto/cell_limits_2d.pb.cc.o[0m
[108.992s] [ 45%] [32mBuilding CXX object CMakeFiles/cartographer.dir/cartographer/mapping/proto/connected_components.pb.cc.o[0m
[109.197s] [ 45%] [32mBuilding CXX object CMakeFiles/cartographer.dir/cartographer/mapping/proto/grid_2d.pb.cc.o[0m
[109.231s] [ 46%] [32mBuilding CXX object CMakeFiles/cartographer.dir/cartographer/mapping/proto/grid_2d_options.pb.cc.o[0m
[109.286s] [ 46%] [32mBuilding CXX object CMakeFiles/cartographer.dir/cartographer/mapping/proto/hybrid_grid.pb.cc.o[0m
[109.435s] [ 46%] [32mBuilding CXX object CMakeFiles/cartographer.dir/cartographer/mapping/proto/local_trajectory_builder_options_2d.pb.cc.o[0m
[109.725s] [ 46%] [32mBuilding CXX object CMakeFiles/cartographer.dir/cartographer/mapping/proto/local_trajectory_builder_options_3d.pb.cc.o[0m
[109.809s] [ 47%] [32mBuilding CXX object CMakeFiles/cartographer.dir/cartographer/mapping/proto/map_builder_options.pb.cc.o[0m
[110.539s] [ 47%] [32mBuilding CXX object CMakeFiles/cartographer.dir/cartographer/mapping/proto/map_limits.pb.cc.o[0m
[110.735s] [ 47%] [32mBuilding CXX object CMakeFiles/cartographer.dir/cartographer/mapping/proto/motion_filter_options.pb.cc.o[0m
[111.004s] [ 47%] [32mBuilding CXX object CMakeFiles/cartographer.dir/cartographer/mapping/proto/normal_estimation_options_2d.pb.cc.o[0m
[111.183s] [ 48%] [32mBuilding CXX object CMakeFiles/cartographer.dir/cartographer/mapping/proto/pose_extrapolator_options.pb.cc.o[0m
[111.244s] [ 48%] [32mBuilding CXX object CMakeFiles/cartographer.dir/cartographer/mapping/proto/pose_graph.pb.cc.o[0m
[111.594s] [ 48%] [32mBuilding CXX object CMakeFiles/cartographer.dir/cartographer/mapping/proto/pose_graph/constraint_builder_options.pb.cc.o[0m
[111.732s] [ 48%] [32mBuilding CXX object CMakeFiles/cartographer.dir/cartographer/mapping/proto/pose_graph/optimization_problem_options.pb.cc.o[0m
[111.944s] [ 49%] [32mBuilding CXX object CMakeFiles/cartographer.dir/cartographer/mapping/proto/pose_graph_options.pb.cc.o[0m
[112.084s] [ 49%] [32mBuilding CXX object CMakeFiles/cartographer.dir/cartographer/mapping/proto/probability_grid.pb.cc.o[0m
[112.325s] [ 49%] [32mBuilding CXX object CMakeFiles/cartographer.dir/cartographer/mapping/proto/probability_grid_range_data_inserter_options_2d.pb.cc.o[0m
[112.887s] [ 49%] [32mBuilding CXX object CMakeFiles/cartographer.dir/cartographer/mapping/proto/range_data_inserter_options.pb.cc.o[0m
[112.908s] [ 50%] [32mBuilding CXX object CMakeFiles/cartographer.dir/cartographer/mapping/proto/range_data_inserter_options_3d.pb.cc.o[0m
[113.145s] [ 50%] [32mBuilding CXX object CMakeFiles/cartographer.dir/cartographer/mapping/proto/scan_matching/ceres_scan_matcher_options_2d.pb.cc.o[0m
[113.214s] [ 50%] [32mBuilding CXX object CMakeFiles/cartographer.dir/cartographer/mapping/proto/scan_matching/ceres_scan_matcher_options_3d.pb.cc.o[0m
[113.391s] [ 50%] [32mBuilding CXX object CMakeFiles/cartographer.dir/cartographer/mapping/proto/scan_matching/fast_correlative_scan_matcher_options_2d.pb.cc.o[0m
[113.608s] [ 51%] [32mBuilding CXX object CMakeFiles/cartographer.dir/cartographer/mapping/proto/scan_matching/fast_correlative_scan_matcher_options_3d.pb.cc.o[0m
[113.693s] [ 51%] [32mBuilding CXX object CMakeFiles/cartographer.dir/cartographer/mapping/proto/scan_matching/real_time_correlative_scan_matcher_options.pb.cc.o[0m
[113.886s] [ 51%] [32mBuilding CXX object CMakeFiles/cartographer.dir/cartographer/mapping/proto/serialization.pb.cc.o[0m
[114.240s] [ 52%] [32mBuilding CXX object CMakeFiles/cartographer.dir/cartographer/mapping/proto/submap.pb.cc.o[0m
[114.510s] [ 52%] [32mBuilding CXX object CMakeFiles/cartographer.dir/cartographer/mapping/proto/submap_visualization.pb.cc.o[0m
[114.717s] [ 52%] [32mBuilding CXX object CMakeFiles/cartographer.dir/cartographer/mapping/proto/submaps_options_2d.pb.cc.o[0m
[114.837s] [ 52%] [32mBuilding CXX object CMakeFiles/cartographer.dir/cartographer/mapping/proto/submaps_options_3d.pb.cc.o[0m
[114.967s] [ 53%] [32mBuilding CXX object CMakeFiles/cartographer.dir/cartographer/mapping/proto/trajectory.pb.cc.o[0m
[115.019s] [ 53%] [32mBuilding CXX object CMakeFiles/cartographer.dir/cartographer/mapping/proto/trajectory_builder_options.pb.cc.o[0m
[117.048s] [ 54%] [32mBuilding CXX object CMakeFiles/cartographer.dir/cartographer/transform/proto/transform.pb.cc.o[0m
[118.508s] [ 54%] [32mBuilding CXX object CMakeFiles/cartographer.dir/cartographer/transform/proto/timestamped_transform.pb.cc.o[0m
[119.290s] [ 54%] [32mBuilding CXX object CMakeFiles/cartographer.dir/cartographer/sensor/proto/sensor.pb.cc.o[0m
[121.089s] [ 55%] [32mBuilding CXX object CMakeFiles/cartographer.dir/cartographer/sensor/proto/adaptive_voxel_filter_options.pb.cc.o[0m
[121.089s] [ 55%] [32mBuilding CXX object CMakeFiles/cartographer.dir/cartographer/mapping/proto/trajectory_node_data.pb.cc.o[0m
[121.089s] [ 55%] [32mBuilding CXX object CMakeFiles/cartographer.dir/cartographer/mapping/proto/tsdf_2d.pb.cc.o[0m
[121.089s] [ 55%] [32mBuilding CXX object CMakeFiles/cartographer.dir/cartographer/mapping/proto/tsdf_range_data_inserter_options_2d.pb.cc.o[0m
[122.062s] [ 55%] [32m[1mLinking CXX static library libcartographer.a[0m
[122.158s] [ 55%] Built target cartographer
[122.171s] [ 55%] [32mBuilding CXX object CMakeFiles/cartographer_pbstream.dir/cartographer/io/pbstream_main.cc.o[0m
[122.171s] [ 55%] [32mBuilding CXX object CMakeFiles/cartographer_compute_relations_metrics.dir/cartographer/ground_truth/compute_relations_metrics_main.cc.o[0m
[122.173s] [ 55%] [32mBuilding CXX object CMakeFiles/cartographer_print_configuration.dir/cartographer/common/print_configuration_main.cc.o[0m
[122.173s] [ 55%] [32mBuilding CXX object CMakeFiles/cartographer_autogenerate_ground_truth.dir/cartographer/ground_truth/autogenerate_ground_truth_main.cc.o[0m
[123.037s] [ 56%] [32m[1mLinking CXX executable cartographer_pbstream[0m
[123.275s] [ 56%] Built target cartographer_pbstream
[123.289s] [ 56%] [32mBuilding CXX object CMakeFiles/cartographer_test_library.dir/cartographer/io/fake_file_writer.cc.o[0m
[123.290s] [ 57%] [32mBuilding CXX object CMakeFiles/cartographer_test_library.dir/cartographer/io/internal/testing/test_helpers.cc.o[0m
[123.291s] [ 57%] [32mBuilding CXX object CMakeFiles/cartographer_test_library.dir/cartographer/mapping/internal/testing/test_helpers.cc.o[0m
[123.291s] [ 57%] [32mBuilding CXX object CMakeFiles/cartographer_test_library.dir/cartographer/io/fake_file_writer_test.cc.o[0m
[123.594s] [ 57%] [32m[1mLinking CXX executable cartographer_print_configuration[0m
[123.683s] [ 57%] Built target cartographer_print_configuration
[125.621s] [ 58%] [32m[1mLinking CXX executable cartographer_autogenerate_ground_truth[0m
[125.874s] [ 58%] Built target cartographer_autogenerate_ground_truth
[126.088s] [ 58%] [32m[1mLinking CXX executable cartographer_compute_relations_metrics[0m
[126.238s] [ 58%] Built target cartographer_compute_relations_metrics
[127.112s] [ 58%] [32m[1mLinking CXX static library libcartographer_test_library.a[0m
[127.132s] [ 58%] Built target cartographer_test_library
[127.144s] [ 60%] [32mBuilding CXX object CMakeFiles/cartographer.common.fixed_ratio_sampler_test.dir/cartographer/common/fixed_ratio_sampler_test.cc.o[0m
[127.144s] [ 60%] [32mBuilding CXX object CMakeFiles/cartographer.common.internal.blocking_queue_test.dir/cartographer/common/internal/blocking_queue_test.cc.o[0m
[127.144s] [ 60%] [32mBuilding CXX object CMakeFiles/cartographer.common.configuration_files_test.dir/cartographer/common/configuration_files_test.cc.o[0m
[127.144s] [ 60%] [32mBuilding CXX object CMakeFiles/cartographer.common.internal.rate_timer_test.dir/cartographer/common/internal/rate_timer_test.cc.o[0m
[128.160s] [ 61%] [32mBuilding CXX object CMakeFiles/cartographer.common.task_test.dir/cartographer/common/task_test.cc.o[0m
[128.160s] [ 61%] [32mBuilding CXX object CMakeFiles/cartographer.common.thread_pool_test.dir/cartographer/common/thread_pool_test.cc.o[0m
[129.172s] [ 62%] [32mBuilding CXX object CMakeFiles/cartographer.common.math_test.dir/cartographer/common/math_test.cc.o[0m
[129.173s] [ 62%] [32mBuilding CXX object CMakeFiles/cartographer.common.lua_parameter_dictionary_test.dir/cartographer/common/lua_parameter_dictionary_test.cc.o[0m
[129.354s] [ 62%] [32m[1mLinking CXX executable cartographer.common.fixed_ratio_sampler_test[0m
[129.528s] [ 62%] Built target cartographer.common.fixed_ratio_sampler_test
[129.550s] [ 62%] [32mBuilding CXX object CMakeFiles/cartographer.io.fake_file_writer_test.dir/cartographer/io/fake_file_writer_test.cc.o[0m
[130.167s] [ 62%] [32m[1mLinking CXX executable cartographer.common.internal.rate_timer_test[0m
[130.344s] [ 62%] Built target cartographer.common.internal.rate_timer_test
[130.367s] [ 63%] [32mBuilding CXX object CMakeFiles/cartographer.io.internal.in_memory_proto_stream_test.dir/cartographer/io/internal/in_memory_proto_stream_test.cc.o[0m
[130.674s] [ 63%] [32m[1mLinking CXX executable cartographer.common.internal.blocking_queue_test[0m
[130.851s] [ 63%] Built target cartographer.common.internal.blocking_queue_test
[130.873s] [ 63%] [32mBuilding CXX object CMakeFiles/cartographer.io.points_processor_pipeline_builder_test.dir/cartographer/io/points_processor_pipeline_builder_test.cc.o[0m
[131.649s] [ 63%] [32m[1mLinking CXX executable cartographer.common.thread_pool_test[0m
[131.787s] [ 63%] [32m[1mLinking CXX executable cartographer.common.configuration_files_test[0m
[131.830s] [ 63%] Built target cartographer.common.thread_pool_test
[131.846s] [ 63%] [32mBuilding CXX object CMakeFiles/cartographer.io.probability_grid_points_processor_test.dir/cartographer/io/probability_grid_points_processor_test.cc.o[0m
[132.192s] [ 63%] Built target cartographer.common.configuration_files_test
[132.213s] [ 63%] [32mBuilding CXX object CMakeFiles/cartographer.io.proto_stream_deserializer_test.dir/cartographer/io/proto_stream_deserializer_test.cc.o[0m
[133.004s] [ 63%] [32m[1mLinking CXX executable cartographer.common.task_test[0m
[133.188s] [ 63%] Built target cartographer.common.task_test
[133.210s] [ 63%] [32mBuilding CXX object CMakeFiles/cartographer.io.proto_stream_test.dir/cartographer/io/proto_stream_test.cc.o[0m
[133.256s] [ 63%] [32m[1mLinking CXX executable cartographer.common.math_test[0m
[133.419s] [ 63%] Built target cartographer.common.math_test
[133.456s] [ 63%] [32m[1mLinking CXX executable cartographer.io.fake_file_writer_test[0m
[133.501s] [ 63%] [32mBuilding CXX object CMakeFiles/cartographer.io.serialization_format_migration_test.dir/cartographer/io/serialization_format_migration_test.cc.o[0m
[133.640s] [ 63%] Built target cartographer.io.fake_file_writer_test
[133.665s] [ 63%] [32mBuilding CXX object CMakeFiles/cartographer.mapping.2d.map_limits_test.dir/cartographer/mapping/2d/map_limits_test.cc.o[0m
[134.598s] [ 63%] [32m[1mLinking CXX executable cartographer.io.internal.in_memory_proto_stream_test[0m
[134.863s] [ 63%] Built target cartographer.io.internal.in_memory_proto_stream_test
[134.885s] [ 63%] [32mBuilding CXX object CMakeFiles/cartographer.mapping.2d.probability_grid_test.dir/cartographer/mapping/2d/probability_grid_test.cc.o[0m
[134.938s] [ 63%] [32m[1mLinking CXX executable cartographer.common.lua_parameter_dictionary_test[0m
[135.112s] [ 63%] Built target cartographer.common.lua_parameter_dictionary_test
[135.141s] [ 63%] [32mBuilding CXX object CMakeFiles/cartographer.mapping.2d.range_data_inserter_2d_test.dir/cartographer/mapping/2d/range_data_inserter_2d_test.cc.o[0m
[136.080s] [ 64%] [32m[1mLinking CXX executable cartographer.io.points_processor_pipeline_builder_test[0m
[136.361s] [ 64%] Built target cartographer.io.points_processor_pipeline_builder_test
[136.382s] [ 64%] [32mBuilding CXX object CMakeFiles/cartographer.mapping.2d.submap_2d_test.dir/cartographer/mapping/2d/submap_2d_test.cc.o[0m
[136.660s] [ 64%] [32m[1mLinking CXX executable cartographer.io.proto_stream_test[0m
[136.873s] [ 64%] Built target cartographer.io.proto_stream_test
[136.894s] [ 64%] [32mBuilding CXX object CMakeFiles/cartographer.mapping.2d.xy_index_test.dir/cartographer/mapping/2d/xy_index_test.cc.o[0m
[137.161s] [ 65%] [32m[1mLinking CXX executable cartographer.io.proto_stream_deserializer_test[0m
[137.434s] [ 65%] Built target cartographer.io.proto_stream_deserializer_test
[137.457s] [ 65%] [32mBuilding CXX object CMakeFiles/cartographer.mapping.3d.hybrid_grid_test.dir/cartographer/mapping/3d/hybrid_grid_test.cc.o[0m
[138.807s] [ 65%] [32m[1mLinking CXX executable cartographer.mapping.2d.map_limits_test[0m
[139.013s] [ 65%] Built target cartographer.mapping.2d.map_limits_test
[139.035s] [ 65%] [32mBuilding CXX object CMakeFiles/cartographer.mapping.3d.range_data_inserter_3d_test.dir/cartographer/mapping/3d/range_data_inserter_3d_test.cc.o[0m
[139.564s] [ 65%] [32m[1mLinking CXX executable cartographer.io.probability_grid_points_processor_test[0m
[139.894s] [ 65%] Built target cartographer.io.probability_grid_points_processor_test
[139.914s] [ 65%] [32mBuilding CXX object CMakeFiles/cartographer.mapping.3d.submap_3d_test.dir/cartographer/mapping/3d/submap_3d_test.cc.o[0m
[140.819s] [ 66%] [32m[1mLinking CXX executable cartographer.io.serialization_format_migration_test[0m
[140.913s] [ 66%] [32m[1mLinking CXX executable cartographer.mapping.2d.range_data_inserter_2d_test[0m
[141.150s] [ 66%] Built target cartographer.mapping.2d.range_data_inserter_2d_test
[141.256s] [ 66%] Built target cartographer.io.serialization_format_migration_test
[141.372s] [ 67%] [32m[1mLinking CXX executable cartographer.mapping.2d.probability_grid_test[0m
[141.535s] [ 67%] Built target cartographer.mapping.2d.probability_grid_test
[141.792s] [ 67%] [32m[1mLinking CXX executable cartographer.mapping.2d.xy_index_test[0m
[141.915s] [ 67%] Built target cartographer.mapping.2d.xy_index_test
[143.016s] [ 68%] [32m[1mLinking CXX executable cartographer.mapping.2d.submap_2d_test[0m
[143.199s] [ 68%] Built target cartographer.mapping.2d.submap_2d_test
[144.324s] [ 69%] [32m[1mLinking CXX executable cartographer.mapping.3d.hybrid_grid_test[0m
[144.342s] [ 69%] [32m[1mLinking CXX executable cartographer.mapping.3d.range_data_inserter_3d_test[0m
[144.450s] [ 69%] Built target cartographer.mapping.3d.hybrid_grid_test
[144.469s] [ 69%] Built target cartographer.mapping.3d.range_data_inserter_3d_test
[144.857s] [ 70%] [32m[1mLinking CXX executable cartographer.mapping.3d.submap_3d_test[0m
[145.008s] [ 70%] Built target cartographer.mapping.3d.submap_3d_test
[145.020s] [ 70%] [32mBuilding CXX object CMakeFiles/cartographer.mapping.internal.2d.scan_matching.ceres_scan_matcher_2d_test.dir/cartographer/mapping/internal/2d/scan_matching/ceres_scan_matcher_2d_test.cc.o[0m
[146.028s] [ 71%] [32mBuilding CXX object CMakeFiles/cartographer.mapping.internal.2d.scan_matching.correlative_scan_matcher_test.dir/cartographer/mapping/internal/2d/scan_matching/correlative_scan_matcher_test.cc.o[0m
[147.036s] [ 72%] [32mBuilding CXX object CMakeFiles/cartographer.mapping.internal.2d.ray_to_pixel_mask_test.dir/cartographer/mapping/internal/2d/ray_to_pixel_mask_test.cc.o[0m
[148.044s] [ 72%] [32mBuilding CXX object CMakeFiles/cartographer.mapping.internal.2d.pose_graph_2d_test.dir/cartographer/mapping/internal/2d/pose_graph_2d_test.cc.o[0m
[149.060s] [ 73%] [32mBuilding CXX object CMakeFiles/cartographer.mapping.internal.2d.overlapping_submaps_trimmer_2d_test.dir/cartographer/mapping/internal/2d/overlapping_submaps_trimmer_2d_test.cc.o[0m
[149.135s] [ 73%] [32m[1mLinking CXX executable cartographer.mapping.internal.2d.scan_matching.ceres_scan_matcher_2d_test[0m
[149.236s] [ 73%] [32m[1mLinking CXX executable cartographer.mapping.internal.2d.scan_matching.correlative_scan_matcher_test[0m
[149.386s] [ 73%] Built target cartographer.mapping.internal.2d.scan_matching.ceres_scan_matcher_2d_test
[149.398s] [ 73%] Built target cartographer.mapping.internal.2d.scan_matching.correlative_scan_matcher_test
[149.400s] [ 73%] [32mBuilding CXX object CMakeFiles/cartographer.mapping.internal.2d.normal_estimation_2d_test.dir/cartographer/mapping/internal/2d/normal_estimation_2d_test.cc.o[0m
[149.418s] [ 73%] [32mBuilding CXX object CMakeFiles/cartographer.mapping.internal.2d.scan_matching.fast_correlative_scan_matcher_2d_test.dir/cartographer/mapping/internal/2d/scan_matching/fast_correlative_scan_matcher_2d_test.cc.o[0m
[150.430s] [ 74%] [32mBuilding CXX object CMakeFiles/cartographer.mapping.imu_tracker_test.dir/cartographer/mapping/imu_tracker_test.cc.o[0m
[150.430s] [ 74%] [32mBuilding CXX object CMakeFiles/cartographer.mapping.internal.2d.scan_matching.interpolated_tsdf_2d_test.dir/cartographer/mapping/internal/2d/scan_matching/interpolated_tsdf_2d_test.cc.o[0m
[151.442s] [ 74%] [32mBuilding CXX object CMakeFiles/cartographer.mapping.id_test.dir/cartographer/mapping/id_test.cc.o[0m
[152.794s] [ 74%] [32m[1mLinking CXX executable cartographer.mapping.internal.2d.ray_to_pixel_mask_test[0m
[152.967s] [ 74%] Built target cartographer.mapping.internal.2d.ray_to_pixel_mask_test
[152.987s] [ 74%] [32mBuilding CXX object CMakeFiles/cartographer.mapping.internal.2d.scan_matching.occupied_space_cost_function_2d_test.dir/cartographer/mapping/internal/2d/scan_matching/occupied_space_cost_function_2d_test.cc.o[0m
[154.768s] [ 75%] [32m[1mLinking CXX executable cartographer.mapping.imu_tracker_test[0m
[154.942s] [ 75%] Built target cartographer.mapping.imu_tracker_test
[154.963s] [ 76%] [32mBuilding CXX object CMakeFiles/cartographer.mapping.internal.2d.scan_matching.real_time_correlative_scan_matcher_2d_test.dir/cartographer/mapping/internal/2d/scan_matching/real_time_correlative_scan_matcher_2d_test.cc.o[0m
[155.084s] [ 76%] [32m[1mLinking CXX executable cartographer.mapping.internal.2d.normal_estimation_2d_test[0m
[155.291s] [ 76%] Built target cartographer.mapping.internal.2d.normal_estimation_2d_test
[155.312s] [ 76%] [32mBuilding CXX object CMakeFiles/cartographer.mapping.internal.2d.scan_matching.tsdf_match_cost_function_2d_test.dir/cartographer/mapping/internal/2d/scan_matching/tsdf_match_cost_function_2d_test.cc.o[0m
[156.073s] [ 76%] [32m[1mLinking CXX executable cartographer.mapping.internal.2d.scan_matching.interpolated_tsdf_2d_test[0m
[156.331s] [ 76%] Built target cartographer.mapping.internal.2d.scan_matching.interpolated_tsdf_2d_test
[157.157s] [ 76%] [32m[1mLinking CXX executable cartographer.mapping.internal.2d.overlapping_submaps_trimmer_2d_test[0m
[157.476s] [ 76%] Built target cartographer.mapping.internal.2d.overlapping_submaps_trimmer_2d_test
[157.815s] [ 76%] [32m[1mLinking CXX executable cartographer.mapping.internal.2d.scan_matching.fast_correlative_scan_matcher_2d_test[0m
[158.060s] [ 76%] Built target cartographer.mapping.internal.2d.scan_matching.fast_correlative_scan_matcher_2d_test
[158.341s] [ 76%] [32m[1mLinking CXX executable cartographer.mapping.id_test[0m
[158.382s] [ 76%] [32m[1mLinking CXX executable cartographer.mapping.internal.2d.scan_matching.occupied_space_cost_function_2d_test[0m
[158.456s] [ 76%] Built target cartographer.mapping.id_test
[158.563s] [ 76%] Built target cartographer.mapping.internal.2d.scan_matching.occupied_space_cost_function_2d_test
[158.712s] [ 76%] [32m[1mLinking CXX executable cartographer.mapping.internal.2d.pose_graph_2d_test[0m
[158.940s] [ 76%] Built target cartographer.mapping.internal.2d.pose_graph_2d_test
[160.088s] [ 76%] [32m[1mLinking CXX executable cartographer.mapping.internal.2d.scan_matching.real_time_correlative_scan_matcher_2d_test[0m
[160.224s] [ 76%] Built target cartographer.mapping.internal.2d.scan_matching.real_time_correlative_scan_matcher_2d_test
[161.193s] [ 76%] [32m[1mLinking CXX executable cartographer.mapping.internal.2d.scan_matching.tsdf_match_cost_function_2d_test[0m
[161.238s] [ 76%] [32mBuilding CXX object CMakeFiles/cartographer.mapping.internal.3d.scan_matching.fast_correlative_scan_matcher_3d_test.dir/cartographer/mapping/internal/3d/scan_matching/fast_correlative_scan_matcher_3d_test.cc.o[0m
[161.238s] [ 76%] [32mBuilding CXX object CMakeFiles/cartographer.mapping.internal.3d.scan_matching.ceres_scan_matcher_3d_test.dir/cartographer/mapping/internal/3d/scan_matching/ceres_scan_matcher_3d_test.cc.o[0m
[161.325s] [ 76%] Built target cartographer.mapping.internal.2d.scan_matching.tsdf_match_cost_function_2d_test
[161.338s] [ 77%] [32mBuilding CXX object CMakeFiles/cartographer.mapping.internal.3d.pose_graph_3d_test.dir/cartographer/mapping/internal/3d/pose_graph_3d_test.cc.o[0m
[162.346s] [ 77%] [32mBuilding CXX object CMakeFiles/cartographer.mapping.internal.3d.scan_matching.intensity_cost_function_3d_test.dir/cartographer/mapping/internal/3d/scan_matching/intensity_cost_function_3d_test.cc.o[0m
[163.361s] [ 77%] [32mBuilding CXX object CMakeFiles/cartographer.mapping.internal.3d.local_trajectory_builder_3d_test.dir/cartographer/mapping/internal/3d/local_trajectory_builder_3d_test.cc.o[0m
[164.371s] [ 78%] [32mBuilding CXX object CMakeFiles/cartographer.mapping.internal.2d.tsdf_range_data_inserter_2d_test.dir/cartographer/mapping/internal/2d/tsdf_range_data_inserter_2d_test.cc.o[0m
[165.383s] [ 78%] [32mBuilding CXX object CMakeFiles/cartographer.mapping.internal.2d.tsdf_2d_test.dir/cartographer/mapping/internal/2d/tsdf_2d_test.cc.o[0m
[166.397s] [ 79%] [32mBuilding CXX object CMakeFiles/cartographer.mapping.internal.2d.tsd_value_converter_test.dir/cartographer/mapping/internal/2d/tsd_value_converter_test.cc.o[0m
[167.229s] [ 80%] [32m[1mLinking CXX executable cartographer.mapping.internal.3d.scan_matching.ceres_scan_matcher_3d_test[0m
[167.476s] [ 80%] Built target cartographer.mapping.internal.3d.scan_matching.ceres_scan_matcher_3d_test
[167.498s] [ 80%] [32mBuilding CXX object CMakeFiles/cartographer.mapping.internal.3d.scan_matching.interpolated_grid_test.dir/cartographer/mapping/internal/3d/scan_matching/interpolated_grid_test.cc.o[0m
[167.803s] [ 81%] [32m[1mLinking CXX executable cartographer.mapping.internal.3d.scan_matching.intensity_cost_function_3d_test[0m
[167.975s] [ 81%] Built target cartographer.mapping.internal.3d.scan_matching.intensity_cost_function_3d_test
[167.997s] [ 81%] [32mBuilding CXX object CMakeFiles/cartographer.mapping.internal.3d.scan_matching.precomputation_grid_3d_test.dir/cartographer/mapping/internal/3d/scan_matching/precomputation_grid_3d_test.cc.o[0m
[168.371s] [ 81%] [32m[1mLinking CXX executable cartographer.mapping.internal.3d.pose_graph_3d_test[0m
[168.807s] [ 81%] Built target cartographer.mapping.internal.3d.pose_graph_3d_test
[168.827s] [ 81%] [32mBuilding CXX object CMakeFiles/cartographer.mapping.internal.3d.scan_matching.real_time_correlative_scan_matcher_3d_test.dir/cartographer/mapping/internal/3d/scan_matching/real_time_correlative_scan_matcher_3d_test.cc.o[0m
[169.298s] [ 81%] [32m[1mLinking CXX executable cartographer.mapping.internal.3d.scan_matching.fast_correlative_scan_matcher_3d_test[0m
[169.522s] [ 81%] Built target cartographer.mapping.internal.3d.scan_matching.fast_correlative_scan_matcher_3d_test
[169.557s] [ 81%] [32mBuilding CXX object CMakeFiles/cartographer.mapping.internal.3d.scan_matching.rotation_delta_cost_functor_3d_test.dir/cartographer/mapping/internal/3d/scan_matching/rotation_delta_cost_functor_3d_test.cc.o[0m
[170.750s] [ 81%] [32m[1mLinking CXX executable cartographer.mapping.internal.2d.tsd_value_converter_test[0m
[170.975s] [ 81%] Built target cartographer.mapping.internal.2d.tsd_value_converter_test
[170.996s] [ 81%] [32mBuilding CXX object CMakeFiles/cartographer.mapping.internal.3d.scan_matching.rotational_scan_matcher_test.dir/cartographer/mapping/internal/3d/scan_matching/rotational_scan_matcher_test.cc.o[0m
[171.714s] [ 81%] [32m[1mLinking CXX executable cartographer.mapping.internal.2d.tsdf_2d_test[0m
[171.957s] [ 81%] Built target cartographer.mapping.internal.2d.tsdf_2d_test
[171.978s] [ 81%] [32mBuilding CXX object CMakeFiles/cartographer.mapping.internal.connected_components_test.dir/cartographer/mapping/internal/connected_components_test.cc.o[0m
[172.031s] [ 81%] [32m[1mLinking CXX executable cartographer.mapping.internal.2d.tsdf_range_data_inserter_2d_test[0m
[172.282s] [ 81%] Built target cartographer.mapping.internal.2d.tsdf_range_data_inserter_2d_test
[172.308s] [ 81%] [32mBuilding CXX object CMakeFiles/cartographer.mapping.internal.constraints.constraint_builder_2d_test.dir/cartographer/mapping/internal/constraints/constraint_builder_2d_test.cc.o[0m
[173.587s] [ 82%] [32m[1mLinking CXX executable cartographer.mapping.internal.3d.scan_matching.precomputation_grid_3d_test[0m
[173.599s] [ 82%] [32m[1mLinking CXX executable cartographer.mapping.internal.3d.scan_matching.interpolated_grid_test[0m
[173.666s] [ 82%] [32m[1mLinking CXX executable cartographer.mapping.internal.3d.local_trajectory_builder_3d_test[0m
[173.773s] [ 82%] Built target cartographer.mapping.internal.3d.scan_matching.precomputation_grid_3d_test
[173.794s] [ 82%] [32mBuilding CXX object CMakeFiles/cartographer.mapping.internal.constraints.constraint_builder_3d_test.dir/cartographer/mapping/internal/constraints/constraint_builder_3d_test.cc.o[0m
[173.818s] [ 82%] Built target cartographer.mapping.internal.3d.scan_matching.interpolated_grid_test
[173.840s] [ 82%] [32mBuilding CXX object CMakeFiles/cartographer.mapping.internal.motion_filter_test.dir/cartographer/mapping/internal/motion_filter_test.cc.o[0m
[174.034s] [ 82%] Built target cartographer.mapping.internal.3d.local_trajectory_builder_3d_test
[174.054s] [ 82%] [32mBuilding CXX object CMakeFiles/cartographer.mapping.internal.optimization.cost_functions.landmark_cost_function_2d_test.dir/cartographer/mapping/internal/optimization/cost_functions/landmark_cost_function_2d_test.cc.o[0m
[174.058s] [ 83%] [32m[1mLinking CXX executable cartographer.mapping.internal.3d.scan_matching.rotation_delta_cost_functor_3d_test[0m
[174.225s] [ 83%] Built target cartographer.mapping.internal.3d.scan_matching.rotation_delta_cost_functor_3d_test
[174.245s] [ 83%] [32mBuilding CXX object CMakeFiles/cartographer.mapping.internal.optimization.cost_functions.landmark_cost_function_3d_test.dir/cartographer/mapping/internal/optimization/cost_functions/landmark_cost_function_3d_test.cc.o[0m
[176.216s] [ 83%] [32m[1mLinking CXX executable cartographer.mapping.internal.3d.scan_matching.rotational_scan_matcher_test[0m
[176.386s] [ 83%] Built target cartographer.mapping.internal.3d.scan_matching.rotational_scan_matcher_test
[177.079s] [ 83%] [32m[1mLinking CXX executable cartographer.mapping.internal.3d.scan_matching.real_time_correlative_scan_matcher_3d_test[0m
[177.287s] [ 83%] Built target cartographer.mapping.internal.3d.scan_matching.real_time_correlative_scan_matcher_3d_test
[178.288s] [ 84%] [32m[1mLinking CXX executable cartographer.mapping.internal.connected_components_test[0m
[178.482s] [ 84%] Built target cartographer.mapping.internal.connected_components_test
[179.160s] [ 84%] [32m[1mLinking CXX executable cartographer.mapping.internal.motion_filter_test[0m
[179.357s] [ 84%] Built target cartographer.mapping.internal.motion_filter_test
[180.190s] [ 84%] [32m[1mLinking CXX executable cartographer.mapping.internal.constraints.constraint_builder_2d_test[0m
[180.431s] [ 84%] Built target cartographer.mapping.internal.constraints.constraint_builder_2d_test
[181.365s] [ 84%] [32m[1mLinking CXX executable cartographer.mapping.internal.optimization.cost_functions.landmark_cost_function_3d_test[0m
[181.465s] [ 84%] Built target cartographer.mapping.internal.optimization.cost_functions.landmark_cost_function_3d_test
[181.478s] [ 85%] [32m[1mLinking CXX executable cartographer.mapping.internal.constraints.constraint_builder_3d_test[0m
[181.655s] [ 86%] [32m[1mLinking CXX executable cartographer.mapping.internal.optimization.cost_functions.landmark_cost_function_2d_test[0m
[181.687s] [ 86%] Built target cartographer.mapping.internal.constraints.constraint_builder_3d_test
[181.748s] [ 86%] Built target cartographer.mapping.internal.optimization.cost_functions.landmark_cost_function_2d_test
[181.760s] [ 87%] [32mBuilding CXX object CMakeFiles/cartographer.mapping.pose_graph_test.dir/cartographer/mapping/pose_graph_test.cc.o[0m
[184.961s] [ 87%] [32m[1mLinking CXX executable cartographer.mapping.pose_graph_test[0m
[185.139s] [ 87%] Built target cartographer.mapping.pose_graph_test
[185.151s] [ 87%] [32mBuilding CXX object CMakeFiles/cartographer.mapping.pose_graph_trimmer_test.dir/cartographer/mapping/pose_graph_trimmer_test.cc.o[0m
[186.159s] [ 88%] [32mBuilding CXX object CMakeFiles/cartographer.mapping.probability_values_test.dir/cartographer/mapping/probability_values_test.cc.o[0m
[186.159s] [ 88%] [32mBuilding CXX object CMakeFiles/cartographer.mapping.pose_extrapolator_test.dir/cartographer/mapping/pose_extrapolator_test.cc.o[0m
[187.168s] [ 88%] [32mBuilding CXX object CMakeFiles/cartographer.mapping.internal.trajectory_connectivity_state_test.dir/cartographer/mapping/internal/trajectory_connectivity_state_test.cc.o[0m
[187.173s] [ 89%] [32mBuilding CXX object CMakeFiles/cartographer.mapping.map_builder_test.dir/cartographer/mapping/map_builder_test.cc.o[0m
[188.186s] [ 89%] [32mBuilding CXX object CMakeFiles/cartographer.mapping.internal.optimization.optimization_problem_3d_test.dir/cartographer/mapping/internal/optimization/optimization_problem_3d_test.cc.o[0m
[188.202s] [ 89%] [32mBuilding CXX object CMakeFiles/cartographer.mapping.internal.range_data_collator_test.dir/cartographer/mapping/internal/range_data_collator_test.cc.o[0m
[189.068s] [ 89%] [32m[1mLinking CXX executable cartographer.mapping.probability_values_test[0m
[189.161s] [ 89%] [32m[1mLinking CXX executable cartographer.mapping.pose_graph_trimmer_test[0m
[189.214s] [ 89%] [32mBuilding CXX object CMakeFiles/cartographer.mapping.internal.optimization.cost_functions.spa_cost_function_2d_test.dir/cartographer/mapping/internal/optimization/cost_functions/spa_cost_function_2d_test.cc.o[0m
[189.258s] [ 89%] Built target cartographer.mapping.probability_values_test
[189.281s] [ 89%] [32mBuilding CXX object CMakeFiles/cartographer.mapping.submaps_test.dir/cartographer/mapping/submaps_test.cc.o[0m
[189.332s] [ 89%] Built target cartographer.mapping.pose_graph_trimmer_test
[189.353s] [ 90%] [32mBuilding CXX object CMakeFiles/cartographer.mapping.trajectory_node_test.dir/cartographer/mapping/trajectory_node_test.cc.o[0m
[192.409s] [ 90%] [32m[1mLinking CXX executable cartographer.mapping.internal.trajectory_connectivity_state_test[0m
[192.614s] [ 90%] Built target cartographer.mapping.internal.trajectory_connectivity_state_test
[192.636s] [ 90%] [32mBuilding CXX object CMakeFiles/cartographer.mapping.value_conversion_tables_test.dir/cartographer/mapping/value_conversion_tables_test.cc.o[0m
[193.378s] [ 90%] [32m[1mLinking CXX executable cartographer.mapping.pose_extrapolator_test[0m
[193.554s] [ 90%] Built target cartographer.mapping.pose_extrapolator_test
[193.575s] [ 91%] [32mBuilding CXX object CMakeFiles/cartographer.sensor.compressed_point_cloud_test.dir/cartographer/sensor/compressed_point_cloud_test.cc.o[0m
[194.370s] [ 91%] [32m[1mLinking CXX executable cartographer.mapping.submaps_test[0m
[194.558s] [ 91%] Built target cartographer.mapping.submaps_test
[194.580s] [ 91%] [32mBuilding CXX object CMakeFiles/cartographer.sensor.internal.collator_test.dir/cartographer/sensor/internal/collator_test.cc.o[0m
[195.533s] [ 91%] [32m[1mLinking CXX executable cartographer.mapping.value_conversion_tables_test[0m
[195.663s] [ 92%] [32m[1mLinking CXX executable cartographer.mapping.internal.range_data_collator_test[0m
[195.728s] [ 92%] Built target cartographer.mapping.value_conversion_tables_test
[195.839s] [ 92%] Built target cartographer.mapping.internal.range_data_collator_test
[196.433s] [ 92%] [32m[1mLinking CXX executable cartographer.mapping.internal.optimization.optimization_problem_3d_test[0m
[196.610s] [ 92%] Built target cartographer.mapping.internal.optimization.optimization_problem_3d_test
[196.757s] [ 92%] [32m[1mLinking CXX executable cartographer.mapping.trajectory_node_test[0m
[196.897s] [ 92%] Built target cartographer.mapping.trajectory_node_test
[197.628s] [ 93%] [32m[1mLinking CXX executable cartographer.mapping.internal.optimization.cost_functions.spa_cost_function_2d_test[0m
[197.748s] [ 93%] Built target cartographer.mapping.internal.optimization.cost_functions.spa_cost_function_2d_test
[198.128s] [ 93%] [32m[1mLinking CXX executable cartographer.mapping.map_builder_test[0m
[198.408s] [ 93%] Built target cartographer.mapping.map_builder_test
[198.521s] [ 93%] [32m[1mLinking CXX executable cartographer.sensor.compressed_point_cloud_test[0m
[198.640s] [ 93%] Built target cartographer.sensor.compressed_point_cloud_test
[200.245s] [ 93%] [32m[1mLinking CXX executable cartographer.sensor.internal.collator_test[0m
[200.335s] [ 93%] Built target cartographer.sensor.internal.collator_test
[200.347s] [ 93%] [32mBuilding CXX object CMakeFiles/cartographer.sensor.range_data_test.dir/cartographer/sensor/range_data_test.cc.o[0m
[201.354s] [ 93%] [32mBuilding CXX object CMakeFiles/cartographer.transform.rigid_transform_test.dir/cartographer/transform/rigid_transform_test.cc.o[0m
[202.362s] [ 93%] [32mBuilding CXX object CMakeFiles/cartographer.sensor.point_cloud_test.dir/cartographer/sensor/point_cloud_test.cc.o[0m
[203.370s] [ 94%] [32mBuilding CXX object CMakeFiles/cartographer.sensor.map_by_time_test.dir/cartographer/sensor/map_by_time_test.cc.o[0m
[203.797s] [ 94%] [32m[1mLinking CXX executable cartographer.sensor.range_data_test[0m
[203.897s] [ 94%] Built target cartographer.sensor.range_data_test
[203.910s] [ 94%] [32mBuilding CXX object CMakeFiles/cartographer.sensor.landmark_data_test.dir/cartographer/sensor/landmark_data_test.cc.o[0m
[203.913s] [ 95%] [32mBuilding CXX object CMakeFiles/cartographer.sensor.internal.voxel_filter_test.dir/cartographer/sensor/internal/voxel_filter_test.cc.o[0m
[204.926s] [ 95%] [32mBuilding CXX object CMakeFiles/cartographer.transform.timestamped_transform_test.dir/cartographer/transform/timestamped_transform_test.cc.o[0m
[205.938s] [ 96%] [32mBuilding CXX object CMakeFiles/cartographer.sensor.internal.ordered_multi_queue_test.dir/cartographer/sensor/internal/ordered_multi_queue_test.cc.o[0m
[205.945s] [ 96%] [32mBuilding CXX object CMakeFiles/cartographer.sensor.internal.trajectory_collator_test.dir/cartographer/sensor/internal/trajectory_collator_test.cc.o[0m
[206.208s] [ 96%] [32m[1mLinking CXX executable cartographer.sensor.map_by_time_test[0m
[206.409s] [ 96%] Built target cartographer.sensor.map_by_time_test
[206.429s] [ 96%] [32mBuilding CXX object CMakeFiles/cartographer.transform.transform_interpolation_buffer_test.dir/cartographer/transform/transform_interpolation_buffer_test.cc.o[0m
[207.715s] [ 97%] [32m[1mLinking CXX executable cartographer.sensor.point_cloud_test[0m
[207.904s] [ 97%] Built target cartographer.sensor.point_cloud_test
[207.924s] [ 97%] [32mBuilding CXX object CMakeFiles/cartographer.transform.transform_test.dir/cartographer/transform/transform_test.cc.o[0m
[209.614s] [ 97%] [32m[1mLinking CXX executable cartographer.sensor.internal.voxel_filter_test[0m
[209.841s] [ 97%] Built target cartographer.sensor.internal.voxel_filter_test
[211.364s] [ 98%] [32m[1mLinking CXX executable cartographer.transform.rigid_transform_test[0m
[211.531s] [ 98%] [32m[1mLinking CXX executable cartographer.transform.timestamped_transform_test[0m
[211.535s] [ 98%] Built target cartographer.transform.rigid_transform_test
[211.670s] [ 98%] [32m[1mLinking CXX executable cartographer.sensor.internal.ordered_multi_queue_test[0m
[211.741s] [ 98%] Built target cartographer.transform.timestamped_transform_test
[211.788s] [ 98%] Built target cartographer.sensor.internal.ordered_multi_queue_test
[212.435s] [ 98%] [32m[1mLinking CXX executable cartographer.sensor.landmark_data_test[0m
[212.573s] [ 98%] Built target cartographer.sensor.landmark_data_test
[212.751s] [ 98%] [32m[1mLinking CXX executable cartographer.sensor.internal.trajectory_collator_test[0m
[212.858s] [ 98%] Built target cartographer.sensor.internal.trajectory_collator_test
[212.888s] [100%] [32m[1mLinking CXX executable cartographer.transform.transform_interpolation_buffer_test[0m
[213.011s] [100%] Built target cartographer.transform.transform_interpolation_buffer_test
[213.830s] [100%] [32m[1mLinking CXX executable cartographer.transform.transform_test[0m
[213.915s] [100%] Built target cartographer.transform.transform_test
[213.923s] Invoked command in '/home/carl/Desktop/d2lros2/chapt2/fishbot_ws/build/cartographer' returned '0': CMAKE_PREFIX_PATH=/opt/ros/humble /usr/bin/cmake --build /home/carl/Desktop/d2lros2/chapt2/fishbot_ws/build/cartographer -- -j8 -l8
[214.238s] Invoking command in '/home/carl/Desktop/d2lros2/chapt2/fishbot_ws/build/cartographer': CMAKE_PREFIX_PATH=/opt/ros/humble /usr/bin/cmake --install /home/carl/Desktop/d2lros2/chapt2/fishbot_ws/build/cartographer
[214.243s] -- Install configuration: "Release"
[214.243s] -- Installing: /home/carl/Desktop/d2lros2/chapt2/fishbot_ws/install/cartographer/share/cartographer/package.xml
[214.243s] -- Installing: /home/carl/Desktop/d2lros2/chapt2/fishbot_ws/install/cartographer/share/cartographer//configuration_files
[214.243s] -- Installing: /home/carl/Desktop/d2lros2/chapt2/fishbot_ws/install/cartographer/share/cartographer//configuration_files/trajectory_builder.lua
[214.243s] -- Installing: /home/carl/Desktop/d2lros2/chapt2/fishbot_ws/install/cartographer/share/cartographer//configuration_files/trajectory_builder_3d.lua
[214.243s] -- Installing: /home/carl/Desktop/d2lros2/chapt2/fishbot_ws/install/cartographer/share/cartographer//configuration_files/pose_graph.lua
[214.244s] -- Installing: /home/carl/Desktop/d2lros2/chapt2/fishbot_ws/install/cartographer/share/cartographer//configuration_files/map_builder.lua
[214.244s] -- Installing: /home/carl/Desktop/d2lros2/chapt2/fishbot_ws/install/cartographer/share/cartographer//configuration_files/trajectory_builder_2d.lua
[214.244s] -- Installing: /home/carl/Desktop/d2lros2/chapt2/fishbot_ws/install/cartographer/share/cartographer//configuration_files/map_builder_server.lua
[214.244s] -- Installing: /home/carl/Desktop/d2lros2/chapt2/fishbot_ws/install/cartographer/share/cartographer//cmake
[214.244s] -- Installing: /home/carl/Desktop/d2lros2/chapt2/fishbot_ws/install/cartographer/share/cartographer//cmake/modules
[214.244s] -- Installing: /home/carl/Desktop/d2lros2/chapt2/fishbot_ws/install/cartographer/share/cartographer//cmake/modules/FindEigen3.cmake
[214.244s] -- Installing: /home/carl/Desktop/d2lros2/chapt2/fishbot_ws/install/cartographer/share/cartographer//cmake/modules/FindLuaGoogle.cmake
[214.244s] -- Installing: /home/carl/Desktop/d2lros2/chapt2/fishbot_ws/install/cartographer/share/cartographer//cmake/modules/FindSphinx.cmake
[214.244s] -- Installing: /home/carl/Desktop/d2lros2/chapt2/fishbot_ws/install/cartographer/share/cartographer//cmake/modules/FindGMock.cmake
[214.244s] -- Installing: /home/carl/Desktop/d2lros2/chapt2/fishbot_ws/install/cartographer/share/cartographer//cmake/functions.cmake
[214.245s] -- Installing: /home/carl/Desktop/d2lros2/chapt2/fishbot_ws/install/cartographer/bin/cartographer_autogenerate_ground_truth
[214.245s] -- Installing: /home/carl/Desktop/d2lros2/chapt2/fishbot_ws/install/cartographer/bin/cartographer_compute_relations_metrics
[214.246s] -- Installing: /home/carl/Desktop/d2lros2/chapt2/fishbot_ws/install/cartographer/bin/cartographer_pbstream
[214.250s] -- Installing: /home/carl/Desktop/d2lros2/chapt2/fishbot_ws/install/cartographer/bin/cartographer_print_configuration
[214.250s] -- Installing: /home/carl/Desktop/d2lros2/chapt2/fishbot_ws/install/cartographer/lib/libcartographer.a
[214.258s] -- Installing: /home/carl/Desktop/d2lros2/chapt2/fishbot_ws/install/cartographer/include/cartographer/common/configuration_file_resolver.h
[214.258s] -- Installing: /home/carl/Desktop/d2lros2/chapt2/fishbot_ws/install/cartographer/include/cartographer/common/fixed_ratio_sampler.h
[214.258s] -- Installing: /home/carl/Desktop/d2lros2/chapt2/fishbot_ws/install/cartographer/include/cartographer/common/histogram.h
[214.258s] -- Installing: /home/carl/Desktop/d2lros2/chapt2/fishbot_ws/install/cartographer/include/cartographer/common/lua.h
[214.258s] -- Installing: /home/carl/Desktop/d2lros2/chapt2/fishbot_ws/install/cartographer/include/cartographer/common/lua_parameter_dictionary.h
[214.259s] -- Installing: /home/carl/Desktop/d2lros2/chapt2/fishbot_ws/install/cartographer/include/cartographer/common/math.h
[214.259s] -- Installing: /home/carl/Desktop/d2lros2/chapt2/fishbot_ws/install/cartographer/include/cartographer/common/port.h
[214.259s] -- Installing: /home/carl/Desktop/d2lros2/chapt2/fishbot_ws/install/cartographer/include/cartographer/common/task.h
[214.259s] -- Installing: /home/carl/Desktop/d2lros2/chapt2/fishbot_ws/install/cartographer/include/cartographer/common/thread_pool.h
[214.259s] -- Installing: /home/carl/Desktop/d2lros2/chapt2/fishbot_ws/install/cartographer/include/cartographer/common/time.h
[214.259s] -- Installing: /home/carl/Desktop/d2lros2/chapt2/fishbot_ws/install/cartographer/include/cartographer/ground_truth/autogenerate_ground_truth.h
[214.259s] -- Installing: /home/carl/Desktop/d2lros2/chapt2/fishbot_ws/install/cartographer/include/cartographer/ground_truth/relations_text_file.h
[214.259s] -- Installing: /home/carl/Desktop/d2lros2/chapt2/fishbot_ws/install/cartographer/include/cartographer/io/color.h
[214.259s] -- Installing: /home/carl/Desktop/d2lros2/chapt2/fishbot_ws/install/cartographer/include/cartographer/io/coloring_points_processor.h
[214.259s] -- Installing: /home/carl/Desktop/d2lros2/chapt2/fishbot_ws/install/cartographer/include/cartographer/io/counting_points_processor.h
[214.259s] -- Installing: /home/carl/Desktop/d2lros2/chapt2/fishbot_ws/install/cartographer/include/cartographer/io/draw_trajectories.h
[214.259s] -- Installing: /home/carl/Desktop/d2lros2/chapt2/fishbot_ws/install/cartographer/include/cartographer/io/file_writer.h
[214.259s] -- Installing: /home/carl/Desktop/d2lros2/chapt2/fishbot_ws/install/cartographer/include/cartographer/io/fixed_ratio_sampling_points_processor.h
[214.259s] -- Installing: /home/carl/Desktop/d2lros2/chapt2/fishbot_ws/install/cartographer/include/cartographer/io/frame_id_filtering_points_processor.h
[214.260s] -- Installing: /home/carl/Desktop/d2lros2/chapt2/fishbot_ws/install/cartographer/include/cartographer/io/hybrid_grid_points_processor.h
[214.260s] -- Installing: /home/carl/Desktop/d2lros2/chapt2/fishbot_ws/install/cartographer/include/cartographer/io/image.h
[214.260s] -- Installing: /home/carl/Desktop/d2lros2/chapt2/fishbot_ws/install/cartographer/include/cartographer/io/intensity_to_color_points_processor.h
[214.260s] -- Installing: /home/carl/Desktop/d2lros2/chapt2/fishbot_ws/install/cartographer/include/cartographer/io/min_max_range_filtering_points_processor.h
[214.260s] -- Installing: /home/carl/Desktop/d2lros2/chapt2/fishbot_ws/install/cartographer/include/cartographer/io/null_points_processor.h
[214.260s] -- Installing: /home/carl/Desktop/d2lros2/chapt2/fishbot_ws/install/cartographer/include/cartographer/io/outlier_removing_points_processor.h
[214.260s] -- Installing: /home/carl/Desktop/d2lros2/chapt2/fishbot_ws/install/cartographer/include/cartographer/io/pcd_writing_points_processor.h
[214.260s] -- Installing: /home/carl/Desktop/d2lros2/chapt2/fishbot_ws/install/cartographer/include/cartographer/io/ply_writing_points_processor.h
[214.260s] -- Installing: /home/carl/Desktop/d2lros2/chapt2/fishbot_ws/install/cartographer/include/cartographer/io/points_batch.h
[214.260s] -- Installing: /home/carl/Desktop/d2lros2/chapt2/fishbot_ws/install/cartographer/include/cartographer/io/points_processor.h
[214.260s] -- Installing: /home/carl/Desktop/d2lros2/chapt2/fishbot_ws/install/cartographer/include/cartographer/io/points_processor_pipeline_builder.h
[214.260s] -- Installing: /home/carl/Desktop/d2lros2/chapt2/fishbot_ws/install/cartographer/include/cartographer/io/probability_grid_points_processor.h
[214.260s] -- Installing: /home/carl/Desktop/d2lros2/chapt2/fishbot_ws/install/cartographer/include/cartographer/io/proto_stream.h
[214.260s] -- Installing: /home/carl/Desktop/d2lros2/chapt2/fishbot_ws/install/cartographer/include/cartographer/io/proto_stream_deserializer.h
[214.261s] -- Installing: /home/carl/Desktop/d2lros2/chapt2/fishbot_ws/install/cartographer/include/cartographer/io/proto_stream_interface.h
[214.261s] -- Installing: /home/carl/Desktop/d2lros2/chapt2/fishbot_ws/install/cartographer/include/cartographer/io/serialization_format_migration.h
[214.261s] -- Installing: /home/carl/Desktop/d2lros2/chapt2/fishbot_ws/install/cartographer/include/cartographer/io/submap_painter.h
[214.261s] -- Installing: /home/carl/Desktop/d2lros2/chapt2/fishbot_ws/install/cartographer/include/cartographer/io/vertical_range_filtering_points_processor.h
[214.261s] -- Installing: /home/carl/Desktop/d2lros2/chapt2/fishbot_ws/install/cartographer/include/cartographer/io/xray_points_processor.h
[214.261s] -- Installing: /home/carl/Desktop/d2lros2/chapt2/fishbot_ws/install/cartographer/include/cartographer/io/xyz_writing_points_processor.h
[214.261s] -- Installing: /home/carl/Desktop/d2lros2/chapt2/fishbot_ws/install/cartographer/include/cartographer/mapping/2d/grid_2d.h
[214.261s] -- Installing: /home/carl/Desktop/d2lros2/chapt2/fishbot_ws/install/cartographer/include/cartographer/mapping/2d/map_limits.h
[214.261s] -- Installing: /home/carl/Desktop/d2lros2/chapt2/fishbot_ws/install/cartographer/include/cartographer/mapping/2d/probability_grid.h
[214.261s] -- Installing: /home/carl/Desktop/d2lros2/chapt2/fishbot_ws/install/cartographer/include/cartographer/mapping/2d/probability_grid_range_data_inserter_2d.h
[214.261s] -- Installing: /home/carl/Desktop/d2lros2/chapt2/fishbot_ws/install/cartographer/include/cartographer/mapping/2d/submap_2d.h
[214.261s] -- Installing: /home/carl/Desktop/d2lros2/chapt2/fishbot_ws/install/cartographer/include/cartographer/mapping/2d/xy_index.h
[214.262s] -- Installing: /home/carl/Desktop/d2lros2/chapt2/fishbot_ws/install/cartographer/include/cartographer/mapping/3d/hybrid_grid.h
[214.262s] -- Installing: /home/carl/Desktop/d2lros2/chapt2/fishbot_ws/install/cartographer/include/cartographer/mapping/3d/range_data_inserter_3d.h
[214.262s] -- Installing: /home/carl/Desktop/d2lros2/chapt2/fishbot_ws/install/cartographer/include/cartographer/mapping/3d/submap_3d.h
[214.262s] -- Installing: /home/carl/Desktop/d2lros2/chapt2/fishbot_ws/install/cartographer/include/cartographer/mapping/detect_floors.h
[214.262s] -- Installing: /home/carl/Desktop/d2lros2/chapt2/fishbot_ws/install/cartographer/include/cartographer/mapping/grid_interface.h
[214.262s] -- Installing: /home/carl/Desktop/d2lros2/chapt2/fishbot_ws/install/cartographer/include/cartographer/mapping/id.h
[214.262s] -- Installing: /home/carl/Desktop/d2lros2/chapt2/fishbot_ws/install/cartographer/include/cartographer/mapping/imu_tracker.h
[214.262s] -- Installing: /home/carl/Desktop/d2lros2/chapt2/fishbot_ws/install/cartographer/include/cartographer/mapping/map_builder.h
[214.262s] -- Installing: /home/carl/Desktop/d2lros2/chapt2/fishbot_ws/install/cartographer/include/cartographer/mapping/map_builder_interface.h
[214.262s] -- Installing: /home/carl/Desktop/d2lros2/chapt2/fishbot_ws/install/cartographer/include/cartographer/mapping/pose_extrapolator.h
[214.262s] -- Installing: /home/carl/Desktop/d2lros2/chapt2/fishbot_ws/install/cartographer/include/cartographer/mapping/pose_extrapolator_interface.h
[214.262s] -- Installing: /home/carl/Desktop/d2lros2/chapt2/fishbot_ws/install/cartographer/include/cartographer/mapping/pose_graph.h
[214.263s] -- Installing: /home/carl/Desktop/d2lros2/chapt2/fishbot_ws/install/cartographer/include/cartographer/mapping/pose_graph_interface.h
[214.263s] -- Installing: /home/carl/Desktop/d2lros2/chapt2/fishbot_ws/install/cartographer/include/cartographer/mapping/pose_graph_trimmer.h
[214.263s] -- Installing: /home/carl/Desktop/d2lros2/chapt2/fishbot_ws/install/cartographer/include/cartographer/mapping/probability_values.h
[214.263s] -- Installing: /home/carl/Desktop/d2lros2/chapt2/fishbot_ws/install/cartographer/include/cartographer/mapping/range_data_inserter_interface.h
[214.263s] -- Installing: /home/carl/Desktop/d2lros2/chapt2/fishbot_ws/install/cartographer/include/cartographer/mapping/submaps.h
[214.263s] -- Installing: /home/carl/Desktop/d2lros2/chapt2/fishbot_ws/install/cartographer/include/cartographer/mapping/trajectory_builder_interface.h
[214.263s] -- Installing: /home/carl/Desktop/d2lros2/chapt2/fishbot_ws/install/cartographer/include/cartographer/mapping/trajectory_node.h
[214.263s] -- Installing: /home/carl/Desktop/d2lros2/chapt2/fishbot_ws/install/cartographer/include/cartographer/mapping/value_conversion_tables.h
[214.263s] -- Installing: /home/carl/Desktop/d2lros2/chapt2/fishbot_ws/install/cartographer/include/cartographer/metrics/counter.h
[214.263s] -- Installing: /home/carl/Desktop/d2lros2/chapt2/fishbot_ws/install/cartographer/include/cartographer/metrics/family_factory.h
[214.263s] -- Installing: /home/carl/Desktop/d2lros2/chapt2/fishbot_ws/install/cartographer/include/cartographer/metrics/gauge.h
[214.263s] -- Installing: /home/carl/Desktop/d2lros2/chapt2/fishbot_ws/install/cartographer/include/cartographer/metrics/histogram.h
[214.264s] -- Installing: /home/carl/Desktop/d2lros2/chapt2/fishbot_ws/install/cartographer/include/cartographer/metrics/register.h
[214.264s] -- Installing: /home/carl/Desktop/d2lros2/chapt2/fishbot_ws/install/cartographer/include/cartographer/sensor/collator_interface.h
[214.264s] -- Installing: /home/carl/Desktop/d2lros2/chapt2/fishbot_ws/install/cartographer/include/cartographer/sensor/compressed_point_cloud.h
[214.264s] -- Installing: /home/carl/Desktop/d2lros2/chapt2/fishbot_ws/install/cartographer/include/cartographer/sensor/data.h
[214.264s] -- Installing: /home/carl/Desktop/d2lros2/chapt2/fishbot_ws/install/cartographer/include/cartographer/sensor/fixed_frame_pose_data.h
[214.264s] -- Installing: /home/carl/Desktop/d2lros2/chapt2/fishbot_ws/install/cartographer/include/cartographer/sensor/imu_data.h
[214.264s] -- Installing: /home/carl/Desktop/d2lros2/chapt2/fishbot_ws/install/cartographer/include/cartographer/sensor/landmark_data.h
[214.264s] -- Installing: /home/carl/Desktop/d2lros2/chapt2/fishbot_ws/install/cartographer/include/cartographer/sensor/map_by_time.h
[214.264s] -- Installing: /home/carl/Desktop/d2lros2/chapt2/fishbot_ws/install/cartographer/include/cartographer/sensor/odometry_data.h
[214.264s] -- Installing: /home/carl/Desktop/d2lros2/chapt2/fishbot_ws/install/cartographer/include/cartographer/sensor/point_cloud.h
[214.264s] -- Installing: /home/carl/Desktop/d2lros2/chapt2/fishbot_ws/install/cartographer/include/cartographer/sensor/range_data.h
[214.264s] -- Installing: /home/carl/Desktop/d2lros2/chapt2/fishbot_ws/install/cartographer/include/cartographer/sensor/rangefinder_point.h
[214.265s] -- Installing: /home/carl/Desktop/d2lros2/chapt2/fishbot_ws/install/cartographer/include/cartographer/sensor/timed_point_cloud_data.h
[214.265s] -- Installing: /home/carl/Desktop/d2lros2/chapt2/fishbot_ws/install/cartographer/include/cartographer/transform/rigid_transform.h
[214.265s] -- Installing: /home/carl/Desktop/d2lros2/chapt2/fishbot_ws/install/cartographer/include/cartographer/transform/timestamped_transform.h
[214.265s] -- Installing: /home/carl/Desktop/d2lros2/chapt2/fishbot_ws/install/cartographer/include/cartographer/transform/transform.h
[214.265s] -- Installing: /home/carl/Desktop/d2lros2/chapt2/fishbot_ws/install/cartographer/include/cartographer/transform/transform_interpolation_buffer.h
[214.265s] -- Installing: /home/carl/Desktop/d2lros2/chapt2/fishbot_ws/install/cartographer/include/cartographer/io/fake_file_writer.h
[214.265s] -- Installing: /home/carl/Desktop/d2lros2/chapt2/fishbot_ws/install/cartographer/include/cartographer/transform/rigid_transform_test_helpers.h
[214.265s] -- Installing: /home/carl/Desktop/d2lros2/chapt2/fishbot_ws/install/cartographer/include/cartographer/common/proto/ceres_solver_options.pb.h
[214.265s] -- Installing: /home/carl/Desktop/d2lros2/chapt2/fishbot_ws/install/cartographer/include/cartographer/ground_truth/proto/relations.pb.h
[214.265s] -- Installing: /home/carl/Desktop/d2lros2/chapt2/fishbot_ws/install/cartographer/include/cartographer/mapping/proto/cell_limits_2d.pb.h
[214.265s] -- Installing: /home/carl/Desktop/d2lros2/chapt2/fishbot_ws/install/cartographer/include/cartographer/mapping/proto/connected_components.pb.h
[214.266s] -- Installing: /home/carl/Desktop/d2lros2/chapt2/fishbot_ws/install/cartographer/include/cartographer/mapping/proto/grid_2d.pb.h
[214.266s] -- Installing: /home/carl/Desktop/d2lros2/chapt2/fishbot_ws/install/cartographer/include/cartographer/mapping/proto/grid_2d_options.pb.h
[214.266s] -- Installing: /home/carl/Desktop/d2lros2/chapt2/fishbot_ws/install/cartographer/include/cartographer/mapping/proto/hybrid_grid.pb.h
[214.266s] -- Installing: /home/carl/Desktop/d2lros2/chapt2/fishbot_ws/install/cartographer/include/cartographer/mapping/proto/local_trajectory_builder_options_2d.pb.h
[214.266s] -- Installing: /home/carl/Desktop/d2lros2/chapt2/fishbot_ws/install/cartographer/include/cartographer/mapping/proto/local_trajectory_builder_options_3d.pb.h
[214.266s] -- Installing: /home/carl/Desktop/d2lros2/chapt2/fishbot_ws/install/cartographer/include/cartographer/mapping/proto/map_builder_options.pb.h
[214.266s] -- Installing: /home/carl/Desktop/d2lros2/chapt2/fishbot_ws/install/cartographer/include/cartographer/mapping/proto/map_limits.pb.h
[214.266s] -- Installing: /home/carl/Desktop/d2lros2/chapt2/fishbot_ws/install/cartographer/include/cartographer/mapping/proto/motion_filter_options.pb.h
[214.266s] -- Installing: /home/carl/Desktop/d2lros2/chapt2/fishbot_ws/install/cartographer/include/cartographer/mapping/proto/normal_estimation_options_2d.pb.h
[214.266s] -- Installing: /home/carl/Desktop/d2lros2/chapt2/fishbot_ws/install/cartographer/include/cartographer/mapping/proto/pose_extrapolator_options.pb.h
[214.267s] -- Installing: /home/carl/Desktop/d2lros2/chapt2/fishbot_ws/install/cartographer/include/cartographer/mapping/proto/pose_graph.pb.h
[214.267s] -- Installing: /home/carl/Desktop/d2lros2/chapt2/fishbot_ws/install/cartographer/include/cartographer/mapping/proto/pose_graph/constraint_builder_options.pb.h
[214.267s] -- Installing: /home/carl/Desktop/d2lros2/chapt2/fishbot_ws/install/cartographer/include/cartographer/mapping/proto/pose_graph/optimization_problem_options.pb.h
[214.267s] -- Installing: /home/carl/Desktop/d2lros2/chapt2/fishbot_ws/install/cartographer/include/cartographer/mapping/proto/pose_graph_options.pb.h
[214.267s] -- Installing: /home/carl/Desktop/d2lros2/chapt2/fishbot_ws/install/cartographer/include/cartographer/mapping/proto/probability_grid.pb.h
[214.267s] -- Installing: /home/carl/Desktop/d2lros2/chapt2/fishbot_ws/install/cartographer/include/cartographer/mapping/proto/probability_grid_range_data_inserter_options_2d.pb.h
[214.267s] -- Installing: /home/carl/Desktop/d2lros2/chapt2/fishbot_ws/install/cartographer/include/cartographer/mapping/proto/range_data_inserter_options.pb.h
[214.267s] -- Installing: /home/carl/Desktop/d2lros2/chapt2/fishbot_ws/install/cartographer/include/cartographer/mapping/proto/range_data_inserter_options_3d.pb.h
[214.267s] -- Installing: /home/carl/Desktop/d2lros2/chapt2/fishbot_ws/install/cartographer/include/cartographer/mapping/proto/scan_matching/ceres_scan_matcher_options_2d.pb.h
[214.268s] -- Installing: /home/carl/Desktop/d2lros2/chapt2/fishbot_ws/install/cartographer/include/cartographer/mapping/proto/scan_matching/ceres_scan_matcher_options_3d.pb.h
[214.268s] -- Installing: /home/carl/Desktop/d2lros2/chapt2/fishbot_ws/install/cartographer/include/cartographer/mapping/proto/scan_matching/fast_correlative_scan_matcher_options_2d.pb.h
[214.268s] -- Installing: /home/carl/Desktop/d2lros2/chapt2/fishbot_ws/install/cartographer/include/cartographer/mapping/proto/scan_matching/fast_correlative_scan_matcher_options_3d.pb.h
[214.268s] -- Installing: /home/carl/Desktop/d2lros2/chapt2/fishbot_ws/install/cartographer/include/cartographer/mapping/proto/scan_matching/real_time_correlative_scan_matcher_options.pb.h
[214.268s] -- Installing: /home/carl/Desktop/d2lros2/chapt2/fishbot_ws/install/cartographer/include/cartographer/mapping/proto/serialization.pb.h
[214.268s] -- Installing: /home/carl/Desktop/d2lros2/chapt2/fishbot_ws/install/cartographer/include/cartographer/mapping/proto/submap.pb.h
[214.268s] -- Installing: /home/carl/Desktop/d2lros2/chapt2/fishbot_ws/install/cartographer/include/cartographer/mapping/proto/submap_visualization.pb.h
[214.268s] -- Installing: /home/carl/Desktop/d2lros2/chapt2/fishbot_ws/install/cartographer/include/cartographer/mapping/proto/submaps_options_2d.pb.h
[214.268s] -- Installing: /home/carl/Desktop/d2lros2/chapt2/fishbot_ws/install/cartographer/include/cartographer/mapping/proto/submaps_options_3d.pb.h
[214.269s] -- Installing: /home/carl/Desktop/d2lros2/chapt2/fishbot_ws/install/cartographer/include/cartographer/mapping/proto/trajectory.pb.h
[214.269s] -- Installing: /home/carl/Desktop/d2lros2/chapt2/fishbot_ws/install/cartographer/include/cartographer/mapping/proto/trajectory_builder_options.pb.h
[214.269s] -- Installing: /home/carl/Desktop/d2lros2/chapt2/fishbot_ws/install/cartographer/include/cartographer/mapping/proto/trajectory_node_data.pb.h
[214.269s] -- Installing: /home/carl/Desktop/d2lros2/chapt2/fishbot_ws/install/cartographer/include/cartographer/mapping/proto/tsdf_2d.pb.h
[214.269s] -- Installing: /home/carl/Desktop/d2lros2/chapt2/fishbot_ws/install/cartographer/include/cartographer/mapping/proto/tsdf_range_data_inserter_options_2d.pb.h
[214.269s] -- Installing: /home/carl/Desktop/d2lros2/chapt2/fishbot_ws/install/cartographer/include/cartographer/sensor/proto/adaptive_voxel_filter_options.pb.h
[214.269s] -- Installing: /home/carl/Desktop/d2lros2/chapt2/fishbot_ws/install/cartographer/include/cartographer/sensor/proto/sensor.pb.h
[214.269s] -- Installing: /home/carl/Desktop/d2lros2/chapt2/fishbot_ws/install/cartographer/include/cartographer/transform/proto/timestamped_transform.pb.h
[214.270s] -- Installing: /home/carl/Desktop/d2lros2/chapt2/fishbot_ws/install/cartographer/include/cartographer/transform/proto/transform.pb.h
[214.270s] -- Installing: /home/carl/Desktop/d2lros2/chapt2/fishbot_ws/install/cartographer/share/cartographer/cmake/CartographerTargets.cmake
[214.270s] -- Installing: /home/carl/Desktop/d2lros2/chapt2/fishbot_ws/install/cartographer/share/cartographer/cmake/CartographerTargets-release.cmake
[214.270s] -- Installing: /home/carl/Desktop/d2lros2/chapt2/fishbot_ws/install/cartographer/share/cartographer/cartographer-config.cmake
[214.271s] Invoked command in '/home/carl/Desktop/d2lros2/chapt2/fishbot_ws/build/cartographer' returned '0': CMAKE_PREFIX_PATH=/opt/ros/humble /usr/bin/cmake --install /home/carl/Desktop/d2lros2/chapt2/fishbot_ws/build/cartographer
