running egg_info
writing ../build/fishbot_description/fishbot_description.egg-info/PKG-INFO
writing dependency_links to ../build/fishbot_description/fishbot_description.egg-info/dependency_links.txt
writing entry points to ../build/fishbot_description/fishbot_description.egg-info/entry_points.txt
writing requirements to ../build/fishbot_description/fishbot_description.egg-info/requires.txt
writing top-level names to ../build/fishbot_description/fishbot_description.egg-info/top_level.txt
reading manifest file '../build/fishbot_description/fishbot_description.egg-info/SOURCES.txt'
writing manifest file '../build/fishbot_description/fishbot_description.egg-info/SOURCES.txt'
running build
running build_py
running install
running install_lib
running install_data
copying launch/gazebo.launch.py -> /home/carl/Desktop/d2lros2/chapt2/chapt8_ws/src/install/fishbot_description/share/fishbot_description/launch
copying urdf/fishbot_gazebo.urdf -> /home/carl/Desktop/d2lros2/chapt2/chapt8_ws/src/install/fishbot_description/share/fishbot_description/urdf
copying urdf/fishbot_origin_base.urdf -> /home/carl/Desktop/d2lros2/chapt2/chapt8_ws/src/install/fishbot_description/share/fishbot_description/urdf
running install_egg_info
removing '/home/carl/Desktop/d2lros2/chapt2/chapt8_ws/src/install/fishbot_description/lib/python3.10/site-packages/fishbot_description-0.0.0-py3.10.egg-info' (and everything under it)
Copying ../build/fishbot_description/fishbot_description.egg-info to /home/carl/Desktop/d2lros2/chapt2/chapt8_ws/src/install/fishbot_description/lib/python3.10/site-packages/fishbot_description-0.0.0-py3.10.egg-info
running install_scripts
Installing rotate_wheel script to /home/carl/Desktop/d2lros2/chapt2/chapt8_ws/src/install/fishbot_description/lib/fishbot_description
writing list of installed files to '/home/carl/Desktop/d2lros2/chapt2/chapt8_ws/src/build/fishbot_description/install.log'
