[0.600s] Invoking command in '/home/carl/Desktop/d2lros2/chapt2/chapt8_ws/src/fishbot_description': CONDA_PROMPT_MODIFIER=(base) PYTHONPATH=/home/carl/Desktop/d2lros2/chapt2/chapt8_ws/src/build/fishbot_description/prefix_override:/home/carl/Desktop/d2lros2/chapt2/chapt8_ws/src/install/fishbot_description/lib/python3.10/site-packages:${PYTHONPATH} /usr/bin/python3 setup.py egg_info --egg-base ../build/fishbot_description build --build-base /home/carl/Desktop/d2lros2/chapt2/chapt8_ws/src/build/fishbot_description/build install --record /home/carl/Desktop/d2lros2/chapt2/chapt8_ws/src/build/fishbot_description/install.log --single-version-externally-managed
[0.828s] running egg_info
[0.829s] writing ../build/fishbot_description/fishbot_description.egg-info/PKG-INFO
[0.829s] writing dependency_links to ../build/fishbot_description/fishbot_description.egg-info/dependency_links.txt
[0.829s] writing entry points to ../build/fishbot_description/fishbot_description.egg-info/entry_points.txt
[0.829s] writing requirements to ../build/fishbot_description/fishbot_description.egg-info/requires.txt
[0.829s] writing top-level names to ../build/fishbot_description/fishbot_description.egg-info/top_level.txt
[0.831s] reading manifest file '../build/fishbot_description/fishbot_description.egg-info/SOURCES.txt'
[0.832s] writing manifest file '../build/fishbot_description/fishbot_description.egg-info/SOURCES.txt'
[0.832s] running build
[0.832s] running build_py
[0.832s] running install
[0.833s] running install_lib
[0.834s] running install_data
[0.834s] copying launch/gazebo.launch.py -> /home/carl/Desktop/d2lros2/chapt2/chapt8_ws/src/install/fishbot_description/share/fishbot_description/launch
[0.834s] copying urdf/fishbot_gazebo.urdf -> /home/carl/Desktop/d2lros2/chapt2/chapt8_ws/src/install/fishbot_description/share/fishbot_description/urdf
[0.835s] copying urdf/fishbot_origin_base.urdf -> /home/carl/Desktop/d2lros2/chapt2/chapt8_ws/src/install/fishbot_description/share/fishbot_description/urdf
[0.835s] running install_egg_info
[0.836s] removing '/home/carl/Desktop/d2lros2/chapt2/chapt8_ws/src/install/fishbot_description/lib/python3.10/site-packages/fishbot_description-0.0.0-py3.10.egg-info' (and everything under it)
[0.837s] Copying ../build/fishbot_description/fishbot_description.egg-info to /home/carl/Desktop/d2lros2/chapt2/chapt8_ws/src/install/fishbot_description/lib/python3.10/site-packages/fishbot_description-0.0.0-py3.10.egg-info
[0.837s] running install_scripts
[0.854s] Installing rotate_wheel script to /home/carl/Desktop/d2lros2/chapt2/chapt8_ws/src/install/fishbot_description/lib/fishbot_description
[0.854s] writing list of installed files to '/home/carl/Desktop/d2lros2/chapt2/chapt8_ws/src/build/fishbot_description/install.log'
[0.879s] Invoked command in '/home/carl/Desktop/d2lros2/chapt2/chapt8_ws/src/fishbot_description' returned '0': CONDA_PROMPT_MODIFIER=(base) PYTHONPATH=/home/carl/Desktop/d2lros2/chapt2/chapt8_ws/src/build/fishbot_description/prefix_override:/home/carl/Desktop/d2lros2/chapt2/chapt8_ws/src/install/fishbot_description/lib/python3.10/site-packages:${PYTHONPATH} /usr/bin/python3 setup.py egg_info --egg-base ../build/fishbot_description build --build-base /home/carl/Desktop/d2lros2/chapt2/chapt8_ws/src/build/fishbot_description/build install --record /home/carl/Desktop/d2lros2/chapt2/chapt8_ws/src/build/fishbot_description/install.log --single-version-externally-managed
