[0.484s] Invoking command in '/home/carl/Desktop/d2lros2/chapt2/chapt4_ws/src/example_action_rclpy': AMENT_PREFIX_PATH=/home/carl/Desktop/d2lros2/chapt2/chapt4_ws/src/install/robot_control_interfaces:${AMENT_PREFIX_PATH} CMAKE_PREFIX_PATH=/home/carl/Desktop/d2lros2/chapt2/chapt4_ws/src/install/robot_control_interfaces LD_LIBRARY_PATH=/home/carl/Desktop/d2lros2/chapt2/chapt4_ws/src/install/robot_control_interfaces/lib:${LD_LIBRARY_PATH} PYTHONPATH=/home/carl/Desktop/d2lros2/chapt2/chapt4_ws/src/build/example_action_rclpy/prefix_override:/home/carl/Desktop/d2lros2/chapt2/chapt4_ws/src/install/example_action_rclpy/lib/python3.10/site-packages:/home/carl/Desktop/d2lros2/chapt2/chapt4_ws/src/install/robot_control_interfaces/local/lib/python3.10/dist-packages:${PYTHONPATH} /usr/bin/python3 setup.py egg_info --egg-base ../build/example_action_rclpy build --build-base /home/carl/Desktop/d2lros2/chapt2/chapt4_ws/src/build/example_action_rclpy/build install --record /home/carl/Desktop/d2lros2/chapt2/chapt4_ws/src/build/example_action_rclpy/install.log --single-version-externally-managed
[0.662s] running egg_info
[0.662s] creating ../build/example_action_rclpy/example_action_rclpy.egg-info
[0.662s] writing ../build/example_action_rclpy/example_action_rclpy.egg-info/PKG-INFO
[0.662s] writing dependency_links to ../build/example_action_rclpy/example_action_rclpy.egg-info/dependency_links.txt
[0.663s] writing entry points to ../build/example_action_rclpy/example_action_rclpy.egg-info/entry_points.txt
[0.663s] writing requirements to ../build/example_action_rclpy/example_action_rclpy.egg-info/requires.txt
[0.663s] writing top-level names to ../build/example_action_rclpy/example_action_rclpy.egg-info/top_level.txt
[0.663s] writing manifest file '../build/example_action_rclpy/example_action_rclpy.egg-info/SOURCES.txt'
[0.664s] reading manifest file '../build/example_action_rclpy/example_action_rclpy.egg-info/SOURCES.txt'
[0.665s] writing manifest file '../build/example_action_rclpy/example_action_rclpy.egg-info/SOURCES.txt'
[0.665s] running build
[0.665s] running build_py
[0.665s] creating /home/carl/Desktop/d2lros2/chapt2/chapt4_ws/src/build/example_action_rclpy/build
[0.665s] creating /home/carl/Desktop/d2lros2/chapt2/chapt4_ws/src/build/example_action_rclpy/build/lib
[0.666s] creating /home/carl/Desktop/d2lros2/chapt2/chapt4_ws/src/build/example_action_rclpy/build/lib/example_action_rclpy
[0.666s] copying example_action_rclpy/__init__.py -> /home/carl/Desktop/d2lros2/chapt2/chapt4_ws/src/build/example_action_rclpy/build/lib/example_action_rclpy
[0.666s] copying example_action_rclpy/action_robot_02.py -> /home/carl/Desktop/d2lros2/chapt2/chapt4_ws/src/build/example_action_rclpy/build/lib/example_action_rclpy
[0.666s] copying example_action_rclpy/action_control_02.py -> /home/carl/Desktop/d2lros2/chapt2/chapt4_ws/src/build/example_action_rclpy/build/lib/example_action_rclpy
[0.666s] copying example_action_rclpy/robot.py -> /home/carl/Desktop/d2lros2/chapt2/chapt4_ws/src/build/example_action_rclpy/build/lib/example_action_rclpy
[0.666s] running install
[0.666s] /usr/lib/python3/dist-packages/setuptools/command/install.py:34: SetuptoolsDeprecationWarning: setup.py install is deprecated. Use build and pip and other standards-based tools.
[0.667s]   warnings.warn(
[0.667s] running install_lib
[0.667s] creating /home/carl/Desktop/d2lros2/chapt2/chapt4_ws/src/install/example_action_rclpy/lib/python3.10/site-packages/example_action_rclpy
[0.667s] copying /home/carl/Desktop/d2lros2/chapt2/chapt4_ws/src/build/example_action_rclpy/build/lib/example_action_rclpy/__init__.py -> /home/carl/Desktop/d2lros2/chapt2/chapt4_ws/src/install/example_action_rclpy/lib/python3.10/site-packages/example_action_rclpy
[0.668s] copying /home/carl/Desktop/d2lros2/chapt2/chapt4_ws/src/build/example_action_rclpy/build/lib/example_action_rclpy/action_robot_02.py -> /home/carl/Desktop/d2lros2/chapt2/chapt4_ws/src/install/example_action_rclpy/lib/python3.10/site-packages/example_action_rclpy
[0.668s] copying /home/carl/Desktop/d2lros2/chapt2/chapt4_ws/src/build/example_action_rclpy/build/lib/example_action_rclpy/action_control_02.py -> /home/carl/Desktop/d2lros2/chapt2/chapt4_ws/src/install/example_action_rclpy/lib/python3.10/site-packages/example_action_rclpy
[0.668s] copying /home/carl/Desktop/d2lros2/chapt2/chapt4_ws/src/build/example_action_rclpy/build/lib/example_action_rclpy/robot.py -> /home/carl/Desktop/d2lros2/chapt2/chapt4_ws/src/install/example_action_rclpy/lib/python3.10/site-packages/example_action_rclpy
[0.668s] byte-compiling /home/carl/Desktop/d2lros2/chapt2/chapt4_ws/src/install/example_action_rclpy/lib/python3.10/site-packages/example_action_rclpy/__init__.py to __init__.cpython-310.pyc
[0.668s] byte-compiling /home/carl/Desktop/d2lros2/chapt2/chapt4_ws/src/install/example_action_rclpy/lib/python3.10/site-packages/example_action_rclpy/action_robot_02.py to action_robot_02.cpython-310.pyc
[0.669s] byte-compiling /home/carl/Desktop/d2lros2/chapt2/chapt4_ws/src/install/example_action_rclpy/lib/python3.10/site-packages/example_action_rclpy/action_control_02.py to action_control_02.cpython-310.pyc
[0.669s] byte-compiling /home/carl/Desktop/d2lros2/chapt2/chapt4_ws/src/install/example_action_rclpy/lib/python3.10/site-packages/example_action_rclpy/robot.py to robot.cpython-310.pyc
[0.670s] running install_data
[0.670s] creating /home/carl/Desktop/d2lros2/chapt2/chapt4_ws/src/install/example_action_rclpy/share/ament_index
[0.670s] creating /home/carl/Desktop/d2lros2/chapt2/chapt4_ws/src/install/example_action_rclpy/share/ament_index/resource_index
[0.670s] creating /home/carl/Desktop/d2lros2/chapt2/chapt4_ws/src/install/example_action_rclpy/share/ament_index/resource_index/packages
[0.670s] copying resource/example_action_rclpy -> /home/carl/Desktop/d2lros2/chapt2/chapt4_ws/src/install/example_action_rclpy/share/ament_index/resource_index/packages
[0.670s] copying package.xml -> /home/carl/Desktop/d2lros2/chapt2/chapt4_ws/src/install/example_action_rclpy/share/example_action_rclpy
[0.671s] running install_egg_info
[0.672s] Copying ../build/example_action_rclpy/example_action_rclpy.egg-info to /home/carl/Desktop/d2lros2/chapt2/chapt4_ws/src/install/example_action_rclpy/lib/python3.10/site-packages/example_action_rclpy-0.0.0-py3.10.egg-info
[0.672s] running install_scripts
[0.688s] Installing action_control_02 script to /home/carl/Desktop/d2lros2/chapt2/chapt4_ws/src/install/example_action_rclpy/lib/example_action_rclpy
[0.688s] Installing action_robot_02 script to /home/carl/Desktop/d2lros2/chapt2/chapt4_ws/src/install/example_action_rclpy/lib/example_action_rclpy
[0.688s] writing list of installed files to '/home/carl/Desktop/d2lros2/chapt2/chapt4_ws/src/build/example_action_rclpy/install.log'
[0.706s] Invoked command in '/home/carl/Desktop/d2lros2/chapt2/chapt4_ws/src/example_action_rclpy' returned '0': AMENT_PREFIX_PATH=/home/carl/Desktop/d2lros2/chapt2/chapt4_ws/src/install/robot_control_interfaces:${AMENT_PREFIX_PATH} CMAKE_PREFIX_PATH=/home/carl/Desktop/d2lros2/chapt2/chapt4_ws/src/install/robot_control_interfaces LD_LIBRARY_PATH=/home/carl/Desktop/d2lros2/chapt2/chapt4_ws/src/install/robot_control_interfaces/lib:${LD_LIBRARY_PATH} PYTHONPATH=/home/carl/Desktop/d2lros2/chapt2/chapt4_ws/src/build/example_action_rclpy/prefix_override:/home/carl/Desktop/d2lros2/chapt2/chapt4_ws/src/install/example_action_rclpy/lib/python3.10/site-packages:/home/carl/Desktop/d2lros2/chapt2/chapt4_ws/src/install/robot_control_interfaces/local/lib/python3.10/dist-packages:${PYTHONPATH} /usr/bin/python3 setup.py egg_info --egg-base ../build/example_action_rclpy build --build-base /home/carl/Desktop/d2lros2/chapt2/chapt4_ws/src/build/example_action_rclpy/build install --record /home/carl/Desktop/d2lros2/chapt2/chapt4_ws/src/build/example_action_rclpy/install.log --single-version-externally-managed
