[0.262s] DEBUG:colcon:Command line arguments: ['/usr/bin/colcon', 'build', '--packages-up-to', 'cartographer_ros']
[0.262s] DEBUG:colcon:Parsed command line arguments: Namespace(log_base=None, log_level=None, verb_name='build', build_base='build', install_base='install', merge_install=False, symlink_install=False, test_result_base=None, continue_on_error=False, executor='parallel', parallel_workers=8, event_handlers=None, ignore_user_meta=False, metas=['./colcon.meta'], base_paths=['.'], packages_ignore=None, packages_ignore_regex=None, paths=None, packages_up_to=['cartographer_ros'], packages_up_to_regex=None, packages_above=None, packages_above_and_dependencies=None, packages_above_depth=None, packages_select_by_dep=None, packages_skip_by_dep=None, packages_skip_up_to=None, packages_select_build_failed=False, packages_skip_build_finished=False, packages_select_test_failures=False, packages_skip_test_passed=False, packages_select=None, packages_skip=None, packages_select_regex=None, packages_skip_regex=None, packages_start=None, packages_end=None, allow_overriding=[], cmake_args=None, cmake_target=None, cmake_target_skip_unavailable=False, cmake_clean_cache=False, cmake_clean_first=False, cmake_force_configure=False, ament_cmake_args=None, catkin_cmake_args=None, catkin_skip_building_tests=False, verb_parser=<colcon_defaults.argument_parser.defaults.DefaultArgumentsDecorator object at 0x7f7e8a0bfee0>, verb_extension=<colcon_core.verb.build.BuildVerb object at 0x7f7e8a13fac0>, main=<bound method BuildVerb.main of <colcon_core.verb.build.BuildVerb object at 0x7f7e8a13fac0>>)
[0.282s] Level 1:colcon.colcon_core.package_discovery:discover_packages(colcon_meta) check parameters
[0.282s] Level 1:colcon.colcon_core.package_discovery:discover_packages(recursive) check parameters
[0.282s] Level 1:colcon.colcon_core.package_discovery:discover_packages(ignore) check parameters
[0.282s] Level 1:colcon.colcon_core.package_discovery:discover_packages(path) check parameters
[0.282s] Level 1:colcon.colcon_core.package_discovery:discover_packages(colcon_meta) discover
[0.282s] Level 1:colcon.colcon_core.package_discovery:discover_packages(recursive) discover
[0.282s] INFO:colcon.colcon_core.package_discovery:Crawling recursively for packages in '/home/carl/Desktop/d2lros2/chapt2/fishbot_ws'
[0.283s] Level 1:colcon.colcon_core.package_identification:_identify(.) by extensions ['ignore', 'ignore_ament_install']
[0.283s] Level 1:colcon.colcon_core.package_identification:_identify(.) by extension 'ignore'
[0.283s] Level 1:colcon.colcon_core.package_identification:_identify(.) by extension 'ignore_ament_install'
[0.283s] Level 1:colcon.colcon_core.package_identification:_identify(.) by extensions ['colcon_pkg']
[0.283s] Level 1:colcon.colcon_core.package_identification:_identify(.) by extension 'colcon_pkg'
[0.283s] Level 1:colcon.colcon_core.package_identification:_identify(.) by extensions ['colcon_meta']
[0.283s] Level 1:colcon.colcon_core.package_identification:_identify(.) by extension 'colcon_meta'
[0.283s] Level 1:colcon.colcon_core.package_identification:_identify(.) by extensions ['ros']
[0.283s] Level 1:colcon.colcon_core.package_identification:_identify(.) by extension 'ros'
[0.292s] Level 1:colcon.colcon_core.package_identification:_identify(.) by extensions ['cmake', 'python']
[0.292s] Level 1:colcon.colcon_core.package_identification:_identify(.) by extension 'cmake'
[0.292s] Level 1:colcon.colcon_core.package_identification:_identify(.) by extension 'python'
[0.292s] Level 1:colcon.colcon_core.package_identification:_identify(.) by extensions ['python_setup_py']
[0.292s] Level 1:colcon.colcon_core.package_identification:_identify(.) by extension 'python_setup_py'
[0.292s] Level 1:colcon.colcon_core.package_identification:_identify(build) by extensions ['ignore', 'ignore_ament_install']
[0.292s] Level 1:colcon.colcon_core.package_identification:_identify(build) by extension 'ignore'
[0.292s] Level 1:colcon.colcon_core.package_identification:_identify(build) ignored
[0.292s] Level 1:colcon.colcon_core.package_identification:_identify(install) by extensions ['ignore', 'ignore_ament_install']
[0.292s] Level 1:colcon.colcon_core.package_identification:_identify(install) by extension 'ignore'
[0.292s] Level 1:colcon.colcon_core.package_identification:_identify(install) ignored
[0.293s] Level 1:colcon.colcon_core.package_identification:_identify(log) by extensions ['ignore', 'ignore_ament_install']
[0.293s] Level 1:colcon.colcon_core.package_identification:_identify(log) by extension 'ignore'
[0.293s] Level 1:colcon.colcon_core.package_identification:_identify(log) ignored
[0.293s] Level 1:colcon.colcon_core.package_identification:_identify(src) by extensions ['ignore', 'ignore_ament_install']
[0.293s] Level 1:colcon.colcon_core.package_identification:_identify(src) by extension 'ignore'
[0.293s] Level 1:colcon.colcon_core.package_identification:_identify(src) by extension 'ignore_ament_install'
[0.293s] Level 1:colcon.colcon_core.package_identification:_identify(src) by extensions ['colcon_pkg']
[0.293s] Level 1:colcon.colcon_core.package_identification:_identify(src) by extension 'colcon_pkg'
[0.293s] Level 1:colcon.colcon_core.package_identification:_identify(src) by extensions ['colcon_meta']
[0.293s] Level 1:colcon.colcon_core.package_identification:_identify(src) by extension 'colcon_meta'
[0.293s] Level 1:colcon.colcon_core.package_identification:_identify(src) by extensions ['ros']
[0.293s] Level 1:colcon.colcon_core.package_identification:_identify(src) by extension 'ros'
[0.293s] Level 1:colcon.colcon_core.package_identification:_identify(src) by extensions ['cmake', 'python']
[0.293s] Level 1:colcon.colcon_core.package_identification:_identify(src) by extension 'cmake'
[0.293s] Level 1:colcon.colcon_core.package_identification:_identify(src) by extension 'python'
[0.293s] Level 1:colcon.colcon_core.package_identification:_identify(src) by extensions ['python_setup_py']
[0.293s] Level 1:colcon.colcon_core.package_identification:_identify(src) by extension 'python_setup_py'
[0.294s] Level 1:colcon.colcon_core.package_identification:_identify(src/build) by extensions ['ignore', 'ignore_ament_install']
[0.294s] Level 1:colcon.colcon_core.package_identification:_identify(src/build) by extension 'ignore'
[0.294s] Level 1:colcon.colcon_core.package_identification:_identify(src/build) ignored
[0.294s] Level 1:colcon.colcon_core.package_identification:_identify(src/cartographer) by extensions ['ignore', 'ignore_ament_install']
[0.294s] Level 1:colcon.colcon_core.package_identification:_identify(src/cartographer) by extension 'ignore'
[0.294s] Level 1:colcon.colcon_core.package_identification:_identify(src/cartographer) by extension 'ignore_ament_install'
[0.294s] Level 1:colcon.colcon_core.package_identification:_identify(src/cartographer) by extensions ['colcon_pkg']
[0.294s] Level 1:colcon.colcon_core.package_identification:_identify(src/cartographer) by extension 'colcon_pkg'
[0.294s] Level 1:colcon.colcon_core.package_identification:_identify(src/cartographer) by extensions ['colcon_meta']
[0.294s] Level 1:colcon.colcon_core.package_identification:_identify(src/cartographer) by extension 'colcon_meta'
[0.294s] Level 1:colcon.colcon_core.package_identification:_identify(src/cartographer) by extensions ['ros']
[0.294s] Level 1:colcon.colcon_core.package_identification:_identify(src/cartographer) by extension 'ros'
[0.297s] DEBUG:colcon.colcon_core.package_identification:Package 'src/cartographer' with type 'ros.cmake' and name 'cartographer'
[0.297s] Level 1:colcon.colcon_core.package_identification:_identify(src/cartographer_ros) by extensions ['ignore', 'ignore_ament_install']
[0.297s] Level 1:colcon.colcon_core.package_identification:_identify(src/cartographer_ros) by extension 'ignore'
[0.297s] Level 1:colcon.colcon_core.package_identification:_identify(src/cartographer_ros) by extension 'ignore_ament_install'
[0.297s] Level 1:colcon.colcon_core.package_identification:_identify(src/cartographer_ros) by extensions ['colcon_pkg']
[0.297s] Level 1:colcon.colcon_core.package_identification:_identify(src/cartographer_ros) by extension 'colcon_pkg'
[0.297s] Level 1:colcon.colcon_core.package_identification:_identify(src/cartographer_ros) by extensions ['colcon_meta']
[0.298s] Level 1:colcon.colcon_core.package_identification:_identify(src/cartographer_ros) by extension 'colcon_meta'
[0.298s] Level 1:colcon.colcon_core.package_identification:_identify(src/cartographer_ros) by extensions ['ros']
[0.298s] Level 1:colcon.colcon_core.package_identification:_identify(src/cartographer_ros) by extension 'ros'
[0.298s] Level 1:colcon.colcon_core.package_identification:_identify(src/cartographer_ros) by extensions ['cmake', 'python']
[0.298s] Level 1:colcon.colcon_core.package_identification:_identify(src/cartographer_ros) by extension 'cmake'
[0.298s] Level 1:colcon.colcon_core.package_identification:_identify(src/cartographer_ros) by extension 'python'
[0.298s] Level 1:colcon.colcon_core.package_identification:_identify(src/cartographer_ros) by extensions ['python_setup_py']
[0.298s] Level 1:colcon.colcon_core.package_identification:_identify(src/cartographer_ros) by extension 'python_setup_py'
[0.298s] Level 1:colcon.colcon_core.package_identification:_identify(src/cartographer_ros/cartographer_ros) by extensions ['ignore', 'ignore_ament_install']
[0.298s] Level 1:colcon.colcon_core.package_identification:_identify(src/cartographer_ros/cartographer_ros) by extension 'ignore'
[0.298s] Level 1:colcon.colcon_core.package_identification:_identify(src/cartographer_ros/cartographer_ros) by extension 'ignore_ament_install'
[0.298s] Level 1:colcon.colcon_core.package_identification:_identify(src/cartographer_ros/cartographer_ros) by extensions ['colcon_pkg']
[0.298s] Level 1:colcon.colcon_core.package_identification:_identify(src/cartographer_ros/cartographer_ros) by extension 'colcon_pkg'
[0.298s] Level 1:colcon.colcon_core.package_identification:_identify(src/cartographer_ros/cartographer_ros) by extensions ['colcon_meta']
[0.298s] Level 1:colcon.colcon_core.package_identification:_identify(src/cartographer_ros/cartographer_ros) by extension 'colcon_meta'
[0.298s] Level 1:colcon.colcon_core.package_identification:_identify(src/cartographer_ros/cartographer_ros) by extensions ['ros']
[0.298s] Level 1:colcon.colcon_core.package_identification:_identify(src/cartographer_ros/cartographer_ros) by extension 'ros'
[0.300s] DEBUG:colcon.colcon_core.package_identification:Package 'src/cartographer_ros/cartographer_ros' with type 'ros.ament_cmake' and name 'cartographer_ros'
[0.300s] Level 1:colcon.colcon_core.package_identification:_identify(src/cartographer_ros/cartographer_ros_msgs) by extensions ['ignore', 'ignore_ament_install']
[0.300s] Level 1:colcon.colcon_core.package_identification:_identify(src/cartographer_ros/cartographer_ros_msgs) by extension 'ignore'
[0.300s] Level 1:colcon.colcon_core.package_identification:_identify(src/cartographer_ros/cartographer_ros_msgs) by extension 'ignore_ament_install'
[0.300s] Level 1:colcon.colcon_core.package_identification:_identify(src/cartographer_ros/cartographer_ros_msgs) by extensions ['colcon_pkg']
[0.300s] Level 1:colcon.colcon_core.package_identification:_identify(src/cartographer_ros/cartographer_ros_msgs) by extension 'colcon_pkg'
[0.300s] Level 1:colcon.colcon_core.package_identification:_identify(src/cartographer_ros/cartographer_ros_msgs) by extensions ['colcon_meta']
[0.300s] Level 1:colcon.colcon_core.package_identification:_identify(src/cartographer_ros/cartographer_ros_msgs) by extension 'colcon_meta'
[0.300s] Level 1:colcon.colcon_core.package_identification:_identify(src/cartographer_ros/cartographer_ros_msgs) by extensions ['ros']
[0.300s] Level 1:colcon.colcon_core.package_identification:_identify(src/cartographer_ros/cartographer_ros_msgs) by extension 'ros'
[0.302s] DEBUG:colcon.colcon_core.package_identification:Package 'src/cartographer_ros/cartographer_ros_msgs' with type 'ros.ament_cmake' and name 'cartographer_ros_msgs'
[0.302s] Level 1:colcon.colcon_core.package_identification:_identify(src/cartographer_ros/cartographer_rviz) by extensions ['ignore', 'ignore_ament_install']
[0.302s] Level 1:colcon.colcon_core.package_identification:_identify(src/cartographer_ros/cartographer_rviz) by extension 'ignore'
[0.302s] Level 1:colcon.colcon_core.package_identification:_identify(src/cartographer_ros/cartographer_rviz) by extension 'ignore_ament_install'
[0.302s] Level 1:colcon.colcon_core.package_identification:_identify(src/cartographer_ros/cartographer_rviz) by extensions ['colcon_pkg']
[0.302s] Level 1:colcon.colcon_core.package_identification:_identify(src/cartographer_ros/cartographer_rviz) by extension 'colcon_pkg'
[0.302s] Level 1:colcon.colcon_core.package_identification:_identify(src/cartographer_ros/cartographer_rviz) by extensions ['colcon_meta']
[0.302s] Level 1:colcon.colcon_core.package_identification:_identify(src/cartographer_ros/cartographer_rviz) by extension 'colcon_meta'
[0.302s] Level 1:colcon.colcon_core.package_identification:_identify(src/cartographer_ros/cartographer_rviz) by extensions ['ros']
[0.302s] Level 1:colcon.colcon_core.package_identification:_identify(src/cartographer_ros/cartographer_rviz) by extension 'ros'
[0.303s] DEBUG:colcon.colcon_core.package_identification:Package 'src/cartographer_ros/cartographer_rviz' with type 'ros.ament_cmake' and name 'cartographer_rviz'
[0.303s] Level 1:colcon.colcon_core.package_identification:_identify(src/cartographer_ros/docs) by extensions ['ignore', 'ignore_ament_install']
[0.303s] Level 1:colcon.colcon_core.package_identification:_identify(src/cartographer_ros/docs) by extension 'ignore'
[0.303s] Level 1:colcon.colcon_core.package_identification:_identify(src/cartographer_ros/docs) ignored
[0.304s] Level 1:colcon.colcon_core.package_identification:_identify(src/cartographer_ros/scripts) by extensions ['ignore', 'ignore_ament_install']
[0.304s] Level 1:colcon.colcon_core.package_identification:_identify(src/cartographer_ros/scripts) by extension 'ignore'
[0.304s] Level 1:colcon.colcon_core.package_identification:_identify(src/cartographer_ros/scripts) by extension 'ignore_ament_install'
[0.304s] Level 1:colcon.colcon_core.package_identification:_identify(src/cartographer_ros/scripts) by extensions ['colcon_pkg']
[0.304s] Level 1:colcon.colcon_core.package_identification:_identify(src/cartographer_ros/scripts) by extension 'colcon_pkg'
[0.304s] Level 1:colcon.colcon_core.package_identification:_identify(src/cartographer_ros/scripts) by extensions ['colcon_meta']
[0.304s] Level 1:colcon.colcon_core.package_identification:_identify(src/cartographer_ros/scripts) by extension 'colcon_meta'
[0.304s] Level 1:colcon.colcon_core.package_identification:_identify(src/cartographer_ros/scripts) by extensions ['ros']
[0.304s] Level 1:colcon.colcon_core.package_identification:_identify(src/cartographer_ros/scripts) by extension 'ros'
[0.304s] Level 1:colcon.colcon_core.package_identification:_identify(src/cartographer_ros/scripts) by extensions ['cmake', 'python']
[0.304s] Level 1:colcon.colcon_core.package_identification:_identify(src/cartographer_ros/scripts) by extension 'cmake'
[0.304s] Level 1:colcon.colcon_core.package_identification:_identify(src/cartographer_ros/scripts) by extension 'python'
[0.304s] Level 1:colcon.colcon_core.package_identification:_identify(src/cartographer_ros/scripts) by extensions ['python_setup_py']
[0.304s] Level 1:colcon.colcon_core.package_identification:_identify(src/cartographer_ros/scripts) by extension 'python_setup_py'
[0.304s] Level 1:colcon.colcon_core.package_identification:_identify(src/fishbot_description) by extensions ['ignore', 'ignore_ament_install']
[0.304s] Level 1:colcon.colcon_core.package_identification:_identify(src/fishbot_description) by extension 'ignore'
[0.304s] Level 1:colcon.colcon_core.package_identification:_identify(src/fishbot_description) by extension 'ignore_ament_install'
[0.304s] Level 1:colcon.colcon_core.package_identification:_identify(src/fishbot_description) by extensions ['colcon_pkg']
[0.304s] Level 1:colcon.colcon_core.package_identification:_identify(src/fishbot_description) by extension 'colcon_pkg'
[0.304s] Level 1:colcon.colcon_core.package_identification:_identify(src/fishbot_description) by extensions ['colcon_meta']
[0.304s] Level 1:colcon.colcon_core.package_identification:_identify(src/fishbot_description) by extension 'colcon_meta'
[0.304s] Level 1:colcon.colcon_core.package_identification:_identify(src/fishbot_description) by extensions ['ros']
[0.305s] Level 1:colcon.colcon_core.package_identification:_identify(src/fishbot_description) by extension 'ros'
[0.305s] DEBUG:colcon.colcon_core.package_identification:Package 'src/fishbot_description' with type 'ros.ament_python' and name 'fishbot_description'
[0.305s] Level 1:colcon.colcon_core.package_identification:_identify(src/install) by extensions ['ignore', 'ignore_ament_install']
[0.305s] Level 1:colcon.colcon_core.package_identification:_identify(src/install) by extension 'ignore'
[0.305s] Level 1:colcon.colcon_core.package_identification:_identify(src/install) ignored
[0.305s] Level 1:colcon.colcon_core.package_identification:_identify(src/log) by extensions ['ignore', 'ignore_ament_install']
[0.305s] Level 1:colcon.colcon_core.package_identification:_identify(src/log) by extension 'ignore'
[0.305s] Level 1:colcon.colcon_core.package_identification:_identify(src/log) ignored
[0.305s] Level 1:colcon.colcon_core.package_identification:_identify(src (copy)) by extensions ['ignore', 'ignore_ament_install']
[0.305s] Level 1:colcon.colcon_core.package_identification:_identify(src (copy)) by extension 'ignore'
[0.305s] Level 1:colcon.colcon_core.package_identification:_identify(src (copy)) by extension 'ignore_ament_install'
[0.306s] Level 1:colcon.colcon_core.package_identification:_identify(src (copy)) by extensions ['colcon_pkg']
[0.306s] Level 1:colcon.colcon_core.package_identification:_identify(src (copy)) by extension 'colcon_pkg'
[0.306s] Level 1:colcon.colcon_core.package_identification:_identify(src (copy)) by extensions ['colcon_meta']
[0.306s] Level 1:colcon.colcon_core.package_identification:_identify(src (copy)) by extension 'colcon_meta'
[0.306s] Level 1:colcon.colcon_core.package_identification:_identify(src (copy)) by extensions ['ros']
[0.306s] Level 1:colcon.colcon_core.package_identification:_identify(src (copy)) by extension 'ros'
[0.306s] Level 1:colcon.colcon_core.package_identification:_identify(src (copy)) by extensions ['cmake', 'python']
[0.306s] Level 1:colcon.colcon_core.package_identification:_identify(src (copy)) by extension 'cmake'
[0.306s] Level 1:colcon.colcon_core.package_identification:_identify(src (copy)) by extension 'python'
[0.306s] Level 1:colcon.colcon_core.package_identification:_identify(src (copy)) by extensions ['python_setup_py']
[0.306s] Level 1:colcon.colcon_core.package_identification:_identify(src (copy)) by extension 'python_setup_py'
[0.306s] Level 1:colcon.colcon_core.package_identification:_identify(src (copy)/build) by extensions ['ignore', 'ignore_ament_install']
[0.306s] Level 1:colcon.colcon_core.package_identification:_identify(src (copy)/build) by extension 'ignore'
[0.306s] Level 1:colcon.colcon_core.package_identification:_identify(src (copy)/build) ignored
[0.306s] Level 1:colcon.colcon_core.package_identification:_identify(src (copy)/fishbot_description) by extensions ['ignore', 'ignore_ament_install']
[0.306s] Level 1:colcon.colcon_core.package_identification:_identify(src (copy)/fishbot_description) by extension 'ignore'
[0.306s] Level 1:colcon.colcon_core.package_identification:_identify(src (copy)/fishbot_description) by extension 'ignore_ament_install'
[0.306s] Level 1:colcon.colcon_core.package_identification:_identify(src (copy)/fishbot_description) by extensions ['colcon_pkg']
[0.306s] Level 1:colcon.colcon_core.package_identification:_identify(src (copy)/fishbot_description) by extension 'colcon_pkg'
[0.306s] Level 1:colcon.colcon_core.package_identification:_identify(src (copy)/fishbot_description) by extensions ['colcon_meta']
[0.306s] Level 1:colcon.colcon_core.package_identification:_identify(src (copy)/fishbot_description) by extension 'colcon_meta'
[0.306s] Level 1:colcon.colcon_core.package_identification:_identify(src (copy)/fishbot_description) by extensions ['ros']
[0.306s] Level 1:colcon.colcon_core.package_identification:_identify(src (copy)/fishbot_description) by extension 'ros'
[0.307s] DEBUG:colcon.colcon_core.package_identification:Package 'src (copy)/fishbot_description' with type 'ros.ament_python' and name 'fishbot_description'
[0.307s] Level 1:colcon.colcon_core.package_identification:_identify(src (copy)/install) by extensions ['ignore', 'ignore_ament_install']
[0.307s] Level 1:colcon.colcon_core.package_identification:_identify(src (copy)/install) by extension 'ignore'
[0.307s] Level 1:colcon.colcon_core.package_identification:_identify(src (copy)/install) ignored
[0.307s] Level 1:colcon.colcon_core.package_identification:_identify(src (copy)/log) by extensions ['ignore', 'ignore_ament_install']
[0.307s] Level 1:colcon.colcon_core.package_identification:_identify(src (copy)/log) by extension 'ignore'
[0.307s] Level 1:colcon.colcon_core.package_identification:_identify(src (copy)/log) ignored
[0.307s] Level 1:colcon.colcon_core.package_discovery:discover_packages(recursive) using defaults
[0.307s] Level 1:colcon.colcon_core.package_discovery:discover_packages(ignore) discover
[0.307s] Level 1:colcon.colcon_core.package_discovery:discover_packages(ignore) using defaults
[0.307s] Level 1:colcon.colcon_core.package_discovery:discover_packages(path) discover
[0.307s] Level 1:colcon.colcon_core.package_discovery:discover_packages(path) using defaults
[0.328s] INFO:colcon.colcon_core.package_selection:Skipping package 'cartographer_rviz' in 'src/cartographer_ros/cartographer_rviz'
[0.328s] INFO:colcon.colcon_core.package_selection:Skipping package 'fishbot_description' in 'src (copy)/fishbot_description'
[0.328s] INFO:colcon.colcon_core.package_selection:Skipping package 'fishbot_description' in 'src/fishbot_description'
[0.328s] Level 1:colcon.colcon_core.package_discovery:discover_packages(prefix_path) check parameters
[0.328s] Level 1:colcon.colcon_core.package_discovery:discover_packages(prefix_path) discover
[0.331s] DEBUG:colcon.colcon_installed_package_information.package_discovery:Found 319 installed packages in /opt/ros/humble
[0.332s] Level 1:colcon.colcon_core.package_discovery:discover_packages(prefix_path) using defaults
[0.385s] Level 5:colcon.colcon_core.verb:set package 'cartographer' build argument 'cmake_args' from command line to 'None'
[0.385s] Level 5:colcon.colcon_core.verb:set package 'cartographer' build argument 'cmake_target' from command line to 'None'
[0.385s] Level 5:colcon.colcon_core.verb:set package 'cartographer' build argument 'cmake_target_skip_unavailable' from command line to 'False'
[0.385s] Level 5:colcon.colcon_core.verb:set package 'cartographer' build argument 'cmake_clean_cache' from command line to 'False'
[0.385s] Level 5:colcon.colcon_core.verb:set package 'cartographer' build argument 'cmake_clean_first' from command line to 'False'
[0.385s] Level 5:colcon.colcon_core.verb:set package 'cartographer' build argument 'cmake_force_configure' from command line to 'False'
[0.385s] Level 5:colcon.colcon_core.verb:set package 'cartographer' build argument 'ament_cmake_args' from command line to 'None'
[0.385s] Level 5:colcon.colcon_core.verb:set package 'cartographer' build argument 'catkin_cmake_args' from command line to 'None'
[0.385s] Level 5:colcon.colcon_core.verb:set package 'cartographer' build argument 'catkin_skip_building_tests' from command line to 'False'
[0.385s] DEBUG:colcon.colcon_core.verb:Building package 'cartographer' with the following arguments: {'ament_cmake_args': None, 'build_base': '/home/carl/Desktop/d2lros2/chapt2/fishbot_ws/build/cartographer', 'catkin_cmake_args': None, 'catkin_skip_building_tests': False, 'cmake_args': None, 'cmake_clean_cache': False, 'cmake_clean_first': False, 'cmake_force_configure': False, 'cmake_target': None, 'cmake_target_skip_unavailable': False, 'install_base': '/home/carl/Desktop/d2lros2/chapt2/fishbot_ws/install/cartographer', 'merge_install': False, 'path': '/home/carl/Desktop/d2lros2/chapt2/fishbot_ws/src/cartographer', 'symlink_install': False, 'test_result_base': None}
[0.386s] Level 5:colcon.colcon_core.verb:set package 'cartographer_ros_msgs' build argument 'cmake_args' from command line to 'None'
[0.386s] Level 5:colcon.colcon_core.verb:set package 'cartographer_ros_msgs' build argument 'cmake_target' from command line to 'None'
[0.386s] Level 5:colcon.colcon_core.verb:set package 'cartographer_ros_msgs' build argument 'cmake_target_skip_unavailable' from command line to 'False'
[0.386s] Level 5:colcon.colcon_core.verb:set package 'cartographer_ros_msgs' build argument 'cmake_clean_cache' from command line to 'False'
[0.386s] Level 5:colcon.colcon_core.verb:set package 'cartographer_ros_msgs' build argument 'cmake_clean_first' from command line to 'False'
[0.386s] Level 5:colcon.colcon_core.verb:set package 'cartographer_ros_msgs' build argument 'cmake_force_configure' from command line to 'False'
[0.386s] Level 5:colcon.colcon_core.verb:set package 'cartographer_ros_msgs' build argument 'ament_cmake_args' from command line to 'None'
[0.386s] Level 5:colcon.colcon_core.verb:set package 'cartographer_ros_msgs' build argument 'catkin_cmake_args' from command line to 'None'
[0.386s] Level 5:colcon.colcon_core.verb:set package 'cartographer_ros_msgs' build argument 'catkin_skip_building_tests' from command line to 'False'
[0.386s] DEBUG:colcon.colcon_core.verb:Building package 'cartographer_ros_msgs' with the following arguments: {'ament_cmake_args': None, 'build_base': '/home/carl/Desktop/d2lros2/chapt2/fishbot_ws/build/cartographer_ros_msgs', 'catkin_cmake_args': None, 'catkin_skip_building_tests': False, 'cmake_args': None, 'cmake_clean_cache': False, 'cmake_clean_first': False, 'cmake_force_configure': False, 'cmake_target': None, 'cmake_target_skip_unavailable': False, 'install_base': '/home/carl/Desktop/d2lros2/chapt2/fishbot_ws/install/cartographer_ros_msgs', 'merge_install': False, 'path': '/home/carl/Desktop/d2lros2/chapt2/fishbot_ws/src/cartographer_ros/cartographer_ros_msgs', 'symlink_install': False, 'test_result_base': None}
[0.387s] Level 5:colcon.colcon_core.verb:set package 'cartographer_ros' build argument 'cmake_args' from command line to 'None'
[0.387s] Level 5:colcon.colcon_core.verb:set package 'cartographer_ros' build argument 'cmake_target' from command line to 'None'
[0.387s] Level 5:colcon.colcon_core.verb:set package 'cartographer_ros' build argument 'cmake_target_skip_unavailable' from command line to 'False'
[0.387s] Level 5:colcon.colcon_core.verb:set package 'cartographer_ros' build argument 'cmake_clean_cache' from command line to 'False'
[0.387s] Level 5:colcon.colcon_core.verb:set package 'cartographer_ros' build argument 'cmake_clean_first' from command line to 'False'
[0.387s] Level 5:colcon.colcon_core.verb:set package 'cartographer_ros' build argument 'cmake_force_configure' from command line to 'False'
[0.387s] Level 5:colcon.colcon_core.verb:set package 'cartographer_ros' build argument 'ament_cmake_args' from command line to 'None'
[0.387s] Level 5:colcon.colcon_core.verb:set package 'cartographer_ros' build argument 'catkin_cmake_args' from command line to 'None'
[0.387s] Level 5:colcon.colcon_core.verb:set package 'cartographer_ros' build argument 'catkin_skip_building_tests' from command line to 'False'
[0.387s] DEBUG:colcon.colcon_core.verb:Building package 'cartographer_ros' with the following arguments: {'ament_cmake_args': None, 'build_base': '/home/carl/Desktop/d2lros2/chapt2/fishbot_ws/build/cartographer_ros', 'catkin_cmake_args': None, 'catkin_skip_building_tests': False, 'cmake_args': None, 'cmake_clean_cache': False, 'cmake_clean_first': False, 'cmake_force_configure': False, 'cmake_target': None, 'cmake_target_skip_unavailable': False, 'install_base': '/home/carl/Desktop/d2lros2/chapt2/fishbot_ws/install/cartographer_ros', 'merge_install': False, 'path': '/home/carl/Desktop/d2lros2/chapt2/fishbot_ws/src/cartographer_ros/cartographer_ros', 'symlink_install': False, 'test_result_base': None}
[0.388s] INFO:colcon.colcon_core.executor:Executing jobs using 'parallel' executor
[0.390s] DEBUG:colcon.colcon_parallel_executor.executor.parallel:run_until_complete
[0.391s] INFO:colcon.colcon_ros.task.cmake.build:Building ROS package in '/home/carl/Desktop/d2lros2/chapt2/fishbot_ws/src/cartographer' with build type 'cmake'
[0.391s] INFO:colcon.colcon_cmake.task.cmake.build:Building CMake package in '/home/carl/Desktop/d2lros2/chapt2/fishbot_ws/src/cartographer'
[0.394s] INFO:colcon.colcon_core.plugin_system:Skipping extension 'colcon_core.shell.bat': Not used on non-Windows systems
[0.394s] INFO:colcon.colcon_core.shell:Skip shell extension 'powershell' for command environment: Not usable outside of PowerShell
[0.394s] DEBUG:colcon.colcon_core.shell:Skip shell extension 'dsv' for command environment
[0.397s] INFO:colcon.colcon_ros.task.ament_cmake.build:Building ROS package in '/home/carl/Desktop/d2lros2/chapt2/fishbot_ws/src/cartographer_ros/cartographer_ros_msgs' with build type 'ament_cmake'
[0.397s] INFO:colcon.colcon_cmake.task.cmake.build:Building CMake package in '/home/carl/Desktop/d2lros2/chapt2/fishbot_ws/src/cartographer_ros/cartographer_ros_msgs'
[0.398s] INFO:colcon.colcon_core.shell:Skip shell extension 'powershell' for command environment: Not usable outside of PowerShell
[0.398s] DEBUG:colcon.colcon_core.shell:Skip shell extension 'dsv' for command environment
[0.403s] DEBUG:colcon.colcon_core.event_handler.log_command:Invoking command in '/home/carl/Desktop/d2lros2/chapt2/fishbot_ws/build/cartographer': CMAKE_PREFIX_PATH=/opt/ros/humble /usr/bin/cmake /home/carl/Desktop/d2lros2/chapt2/fishbot_ws/src/cartographer -DCMAKE_INSTALL_PREFIX=/home/carl/Desktop/d2lros2/chapt2/fishbot_ws/install/cartographer
[0.408s] DEBUG:colcon.colcon_core.event_handler.log_command:Invoking command in '/home/carl/Desktop/d2lros2/chapt2/fishbot_ws/build/cartographer_ros_msgs': CMAKE_PREFIX_PATH=/opt/ros/humble /usr/bin/cmake /home/carl/Desktop/d2lros2/chapt2/fishbot_ws/src/cartographer_ros/cartographer_ros_msgs -DCMAKE_INSTALL_PREFIX=/home/carl/Desktop/d2lros2/chapt2/fishbot_ws/install/cartographer_ros_msgs
[1.352s] DEBUG:colcon.colcon_core.event_handler.log_command:Invoked command in '/home/carl/Desktop/d2lros2/chapt2/fishbot_ws/build/cartographer' returned '0': CMAKE_PREFIX_PATH=/opt/ros/humble /usr/bin/cmake /home/carl/Desktop/d2lros2/chapt2/fishbot_ws/src/cartographer -DCMAKE_INSTALL_PREFIX=/home/carl/Desktop/d2lros2/chapt2/fishbot_ws/install/cartographer
[1.354s] DEBUG:colcon.colcon_core.event_handler.log_command:Invoking command in '/home/carl/Desktop/d2lros2/chapt2/fishbot_ws/build/cartographer': CMAKE_PREFIX_PATH=/opt/ros/humble /usr/bin/cmake --build /home/carl/Desktop/d2lros2/chapt2/fishbot_ws/build/cartographer -- -j8 -l8
[3.312s] DEBUG:colcon.colcon_core.event_handler.log_command:Invoked command in '/home/carl/Desktop/d2lros2/chapt2/fishbot_ws/build/cartographer_ros_msgs' returned '0': CMAKE_PREFIX_PATH=/opt/ros/humble /usr/bin/cmake /home/carl/Desktop/d2lros2/chapt2/fishbot_ws/src/cartographer_ros/cartographer_ros_msgs -DCMAKE_INSTALL_PREFIX=/home/carl/Desktop/d2lros2/chapt2/fishbot_ws/install/cartographer_ros_msgs
[3.334s] DEBUG:colcon.colcon_core.event_handler.log_command:Invoking command in '/home/carl/Desktop/d2lros2/chapt2/fishbot_ws/build/cartographer_ros_msgs': CMAKE_PREFIX_PATH=/opt/ros/humble /usr/bin/cmake --build /home/carl/Desktop/d2lros2/chapt2/fishbot_ws/build/cartographer_ros_msgs -- -j8 -l8
[37.990s] DEBUG:colcon.colcon_core.event_handler.log_command:Invoked command in '/home/carl/Desktop/d2lros2/chapt2/fishbot_ws/build/cartographer_ros_msgs' returned '0': CMAKE_PREFIX_PATH=/opt/ros/humble /usr/bin/cmake --build /home/carl/Desktop/d2lros2/chapt2/fishbot_ws/build/cartographer_ros_msgs -- -j8 -l8
[38.239s] DEBUG:colcon.colcon_core.event_handler.log_command:Invoking command in '/home/carl/Desktop/d2lros2/chapt2/fishbot_ws/build/cartographer_ros_msgs': CMAKE_PREFIX_PATH=/opt/ros/humble /usr/bin/cmake --install /home/carl/Desktop/d2lros2/chapt2/fishbot_ws/build/cartographer_ros_msgs
[38.395s] Level 1:colcon.colcon_core.environment:create_environment_scripts_only(cartographer_ros_msgs)
[38.396s] DEBUG:colcon.colcon_core.event_handler.log_command:Invoked command in '/home/carl/Desktop/d2lros2/chapt2/fishbot_ws/build/cartographer_ros_msgs' returned '0': CMAKE_PREFIX_PATH=/opt/ros/humble /usr/bin/cmake --install /home/carl/Desktop/d2lros2/chapt2/fishbot_ws/build/cartographer_ros_msgs
[38.402s] Level 1:colcon.colcon_core.environment:checking '/home/carl/Desktop/d2lros2/chapt2/fishbot_ws/install/cartographer_ros_msgs' for CMake module files
[38.403s] Level 1:colcon.colcon_core.environment:checking '/home/carl/Desktop/d2lros2/chapt2/fishbot_ws/install/cartographer_ros_msgs' for CMake config files
[38.404s] Level 1:colcon.colcon_core.shell:create_environment_hook('cartographer_ros_msgs', 'cmake_prefix_path')
[38.406s] INFO:colcon.colcon_core.shell:Creating environment hook '/home/carl/Desktop/d2lros2/chapt2/fishbot_ws/install/cartographer_ros_msgs/share/cartographer_ros_msgs/hook/cmake_prefix_path.ps1'
[38.407s] INFO:colcon.colcon_core.shell:Creating environment descriptor '/home/carl/Desktop/d2lros2/chapt2/fishbot_ws/install/cartographer_ros_msgs/share/cartographer_ros_msgs/hook/cmake_prefix_path.dsv'
[38.407s] INFO:colcon.colcon_core.shell:Creating environment hook '/home/carl/Desktop/d2lros2/chapt2/fishbot_ws/install/cartographer_ros_msgs/share/cartographer_ros_msgs/hook/cmake_prefix_path.sh'
[38.409s] Level 1:colcon.colcon_core.environment:checking '/home/carl/Desktop/d2lros2/chapt2/fishbot_ws/install/cartographer_ros_msgs/lib'
[38.409s] Level 1:colcon.colcon_core.shell:create_environment_hook('cartographer_ros_msgs', 'ld_library_path_lib')
[38.411s] INFO:colcon.colcon_core.shell:Creating environment hook '/home/carl/Desktop/d2lros2/chapt2/fishbot_ws/install/cartographer_ros_msgs/share/cartographer_ros_msgs/hook/ld_library_path_lib.ps1'
[38.411s] INFO:colcon.colcon_core.shell:Creating environment descriptor '/home/carl/Desktop/d2lros2/chapt2/fishbot_ws/install/cartographer_ros_msgs/share/cartographer_ros_msgs/hook/ld_library_path_lib.dsv'
[38.412s] INFO:colcon.colcon_core.shell:Creating environment hook '/home/carl/Desktop/d2lros2/chapt2/fishbot_ws/install/cartographer_ros_msgs/share/cartographer_ros_msgs/hook/ld_library_path_lib.sh'
[38.412s] Level 1:colcon.colcon_core.environment:checking '/home/carl/Desktop/d2lros2/chapt2/fishbot_ws/install/cartographer_ros_msgs/bin'
[38.412s] Level 1:colcon.colcon_core.environment:checking '/home/carl/Desktop/d2lros2/chapt2/fishbot_ws/install/cartographer_ros_msgs/lib/pkgconfig/cartographer_ros_msgs.pc'
[38.412s] Level 1:colcon.colcon_core.environment:checking '/home/carl/Desktop/d2lros2/chapt2/fishbot_ws/install/cartographer_ros_msgs/lib/python3.10/site-packages'
[38.413s] Level 1:colcon.colcon_core.environment:checking '/home/carl/Desktop/d2lros2/chapt2/fishbot_ws/install/cartographer_ros_msgs/bin'
[38.415s] INFO:colcon.colcon_core.shell:Creating package script '/home/carl/Desktop/d2lros2/chapt2/fishbot_ws/install/cartographer_ros_msgs/share/cartographer_ros_msgs/package.ps1'
[38.416s] INFO:colcon.colcon_core.shell:Creating package descriptor '/home/carl/Desktop/d2lros2/chapt2/fishbot_ws/install/cartographer_ros_msgs/share/cartographer_ros_msgs/package.dsv'
[38.417s] INFO:colcon.colcon_core.shell:Creating package script '/home/carl/Desktop/d2lros2/chapt2/fishbot_ws/install/cartographer_ros_msgs/share/cartographer_ros_msgs/package.sh'
[38.418s] INFO:colcon.colcon_core.shell:Creating package script '/home/carl/Desktop/d2lros2/chapt2/fishbot_ws/install/cartographer_ros_msgs/share/cartographer_ros_msgs/package.bash'
[38.419s] INFO:colcon.colcon_core.shell:Creating package script '/home/carl/Desktop/d2lros2/chapt2/fishbot_ws/install/cartographer_ros_msgs/share/cartographer_ros_msgs/package.zsh'
[38.420s] Level 1:colcon.colcon_core.environment:create_file_with_runtime_dependencies(/home/carl/Desktop/d2lros2/chapt2/fishbot_ws/install/cartographer_ros_msgs/share/colcon-core/packages/cartographer_ros_msgs)
[38.702s] Level 1:colcon.colcon_core.environment:create_environment_scripts_only(cartographer_ros_msgs)
[38.705s] Level 1:colcon.colcon_core.environment:checking '/home/carl/Desktop/d2lros2/chapt2/fishbot_ws/install/cartographer_ros_msgs' for CMake module files
[38.705s] Level 1:colcon.colcon_core.environment:checking '/home/carl/Desktop/d2lros2/chapt2/fishbot_ws/install/cartographer_ros_msgs' for CMake config files
[38.706s] Level 1:colcon.colcon_core.shell:create_environment_hook('cartographer_ros_msgs', 'cmake_prefix_path')
[38.708s] INFO:colcon.colcon_core.shell:Creating environment hook '/home/carl/Desktop/d2lros2/chapt2/fishbot_ws/install/cartographer_ros_msgs/share/cartographer_ros_msgs/hook/cmake_prefix_path.ps1'
[38.709s] INFO:colcon.colcon_core.shell:Creating environment descriptor '/home/carl/Desktop/d2lros2/chapt2/fishbot_ws/install/cartographer_ros_msgs/share/cartographer_ros_msgs/hook/cmake_prefix_path.dsv'
[38.709s] INFO:colcon.colcon_core.shell:Creating environment hook '/home/carl/Desktop/d2lros2/chapt2/fishbot_ws/install/cartographer_ros_msgs/share/cartographer_ros_msgs/hook/cmake_prefix_path.sh'
[38.710s] Level 1:colcon.colcon_core.environment:checking '/home/carl/Desktop/d2lros2/chapt2/fishbot_ws/install/cartographer_ros_msgs/lib'
[38.710s] Level 1:colcon.colcon_core.shell:create_environment_hook('cartographer_ros_msgs', 'ld_library_path_lib')
[38.712s] INFO:colcon.colcon_core.shell:Creating environment hook '/home/carl/Desktop/d2lros2/chapt2/fishbot_ws/install/cartographer_ros_msgs/share/cartographer_ros_msgs/hook/ld_library_path_lib.ps1'
[38.713s] INFO:colcon.colcon_core.shell:Creating environment descriptor '/home/carl/Desktop/d2lros2/chapt2/fishbot_ws/install/cartographer_ros_msgs/share/cartographer_ros_msgs/hook/ld_library_path_lib.dsv'
[38.713s] INFO:colcon.colcon_core.shell:Creating environment hook '/home/carl/Desktop/d2lros2/chapt2/fishbot_ws/install/cartographer_ros_msgs/share/cartographer_ros_msgs/hook/ld_library_path_lib.sh'
[38.713s] Level 1:colcon.colcon_core.environment:checking '/home/carl/Desktop/d2lros2/chapt2/fishbot_ws/install/cartographer_ros_msgs/bin'
[38.714s] Level 1:colcon.colcon_core.environment:checking '/home/carl/Desktop/d2lros2/chapt2/fishbot_ws/install/cartographer_ros_msgs/lib/pkgconfig/cartographer_ros_msgs.pc'
[38.714s] Level 1:colcon.colcon_core.environment:checking '/home/carl/Desktop/d2lros2/chapt2/fishbot_ws/install/cartographer_ros_msgs/lib/python3.10/site-packages'
[38.714s] Level 1:colcon.colcon_core.environment:checking '/home/carl/Desktop/d2lros2/chapt2/fishbot_ws/install/cartographer_ros_msgs/bin'
[38.716s] INFO:colcon.colcon_core.shell:Creating package script '/home/carl/Desktop/d2lros2/chapt2/fishbot_ws/install/cartographer_ros_msgs/share/cartographer_ros_msgs/package.ps1'
[38.717s] INFO:colcon.colcon_core.shell:Creating package descriptor '/home/carl/Desktop/d2lros2/chapt2/fishbot_ws/install/cartographer_ros_msgs/share/cartographer_ros_msgs/package.dsv'
[38.718s] INFO:colcon.colcon_core.shell:Creating package script '/home/carl/Desktop/d2lros2/chapt2/fishbot_ws/install/cartographer_ros_msgs/share/cartographer_ros_msgs/package.sh'
[38.719s] INFO:colcon.colcon_core.shell:Creating package script '/home/carl/Desktop/d2lros2/chapt2/fishbot_ws/install/cartographer_ros_msgs/share/cartographer_ros_msgs/package.bash'
[38.719s] INFO:colcon.colcon_core.shell:Creating package script '/home/carl/Desktop/d2lros2/chapt2/fishbot_ws/install/cartographer_ros_msgs/share/cartographer_ros_msgs/package.zsh'
[38.720s] Level 1:colcon.colcon_core.environment:create_file_with_runtime_dependencies(/home/carl/Desktop/d2lros2/chapt2/fishbot_ws/install/cartographer_ros_msgs/share/colcon-core/packages/cartographer_ros_msgs)
[214.315s] DEBUG:colcon.colcon_core.event_handler.log_command:Invoked command in '/home/carl/Desktop/d2lros2/chapt2/fishbot_ws/build/cartographer' returned '0': CMAKE_PREFIX_PATH=/opt/ros/humble /usr/bin/cmake --build /home/carl/Desktop/d2lros2/chapt2/fishbot_ws/build/cartographer -- -j8 -l8
[214.630s] DEBUG:colcon.colcon_core.event_handler.log_command:Invoking command in '/home/carl/Desktop/d2lros2/chapt2/fishbot_ws/build/cartographer': CMAKE_PREFIX_PATH=/opt/ros/humble /usr/bin/cmake --install /home/carl/Desktop/d2lros2/chapt2/fishbot_ws/build/cartographer
[214.663s] DEBUG:colcon.colcon_core.event_handler.log_command:Invoked command in '/home/carl/Desktop/d2lros2/chapt2/fishbot_ws/build/cartographer' returned '0': CMAKE_PREFIX_PATH=/opt/ros/humble /usr/bin/cmake --install /home/carl/Desktop/d2lros2/chapt2/fishbot_ws/build/cartographer
[214.974s] Level 1:colcon.colcon_core.shell:create_environment_hook('cartographer', 'pkg_config_path')
[214.975s] INFO:colcon.colcon_core.shell:Creating environment hook '/home/carl/Desktop/d2lros2/chapt2/fishbot_ws/install/cartographer/share/cartographer/hook/pkg_config_path.ps1'
[214.975s] INFO:colcon.colcon_core.shell:Creating environment descriptor '/home/carl/Desktop/d2lros2/chapt2/fishbot_ws/install/cartographer/share/cartographer/hook/pkg_config_path.dsv'
[214.975s] INFO:colcon.colcon_core.shell:Creating environment hook '/home/carl/Desktop/d2lros2/chapt2/fishbot_ws/install/cartographer/share/cartographer/hook/pkg_config_path.sh'
[214.976s] Level 1:colcon.colcon_core.shell:create_environment_hook('cartographer', 'pkg_config_path_multiarch')
[214.978s] INFO:colcon.colcon_core.shell:Creating environment hook '/home/carl/Desktop/d2lros2/chapt2/fishbot_ws/install/cartographer/share/cartographer/hook/pkg_config_path_multiarch.ps1'
[214.978s] INFO:colcon.colcon_core.shell:Creating environment descriptor '/home/carl/Desktop/d2lros2/chapt2/fishbot_ws/install/cartographer/share/cartographer/hook/pkg_config_path_multiarch.dsv'
[214.978s] INFO:colcon.colcon_core.shell:Creating environment hook '/home/carl/Desktop/d2lros2/chapt2/fishbot_ws/install/cartographer/share/cartographer/hook/pkg_config_path_multiarch.sh'
[214.979s] Level 1:colcon.colcon_core.environment:create_environment_scripts_only(cartographer)
[214.980s] Level 1:colcon.colcon_core.environment:checking '/home/carl/Desktop/d2lros2/chapt2/fishbot_ws/install/cartographer' for CMake module files
[214.980s] Level 1:colcon.colcon_core.environment:checking '/home/carl/Desktop/d2lros2/chapt2/fishbot_ws/install/cartographer' for CMake config files
[214.981s] Level 1:colcon.colcon_core.shell:create_environment_hook('cartographer', 'cmake_prefix_path')
[214.982s] INFO:colcon.colcon_core.shell:Creating environment hook '/home/carl/Desktop/d2lros2/chapt2/fishbot_ws/install/cartographer/share/cartographer/hook/cmake_prefix_path.ps1'
[214.982s] INFO:colcon.colcon_core.shell:Creating environment descriptor '/home/carl/Desktop/d2lros2/chapt2/fishbot_ws/install/cartographer/share/cartographer/hook/cmake_prefix_path.dsv'
[214.982s] INFO:colcon.colcon_core.shell:Creating environment hook '/home/carl/Desktop/d2lros2/chapt2/fishbot_ws/install/cartographer/share/cartographer/hook/cmake_prefix_path.sh'
[214.982s] Level 1:colcon.colcon_core.environment:checking '/home/carl/Desktop/d2lros2/chapt2/fishbot_ws/install/cartographer/lib'
[214.982s] Level 1:colcon.colcon_core.environment:checking '/home/carl/Desktop/d2lros2/chapt2/fishbot_ws/install/cartographer/bin'
[214.982s] Level 1:colcon.colcon_core.shell:create_environment_hook('cartographer', 'path')
[214.983s] INFO:colcon.colcon_core.shell:Creating environment hook '/home/carl/Desktop/d2lros2/chapt2/fishbot_ws/install/cartographer/share/cartographer/hook/path.ps1'
[214.984s] INFO:colcon.colcon_core.shell:Creating environment descriptor '/home/carl/Desktop/d2lros2/chapt2/fishbot_ws/install/cartographer/share/cartographer/hook/path.dsv'
[214.984s] INFO:colcon.colcon_core.shell:Creating environment hook '/home/carl/Desktop/d2lros2/chapt2/fishbot_ws/install/cartographer/share/cartographer/hook/path.sh'
[214.984s] Level 1:colcon.colcon_core.environment:checking '/home/carl/Desktop/d2lros2/chapt2/fishbot_ws/install/cartographer/lib/pkgconfig/cartographer.pc'
[214.984s] Level 1:colcon.colcon_core.environment:checking '/home/carl/Desktop/d2lros2/chapt2/fishbot_ws/install/cartographer/lib/python3.10/site-packages'
[214.984s] Level 1:colcon.colcon_core.environment:checking '/home/carl/Desktop/d2lros2/chapt2/fishbot_ws/install/cartographer/bin'
[214.984s] Level 1:colcon.colcon_core.shell:create_environment_hook('cartographer', 'pythonscriptspath')
[214.985s] INFO:colcon.colcon_core.shell:Creating environment hook '/home/carl/Desktop/d2lros2/chapt2/fishbot_ws/install/cartographer/share/cartographer/hook/pythonscriptspath.ps1'
[214.986s] INFO:colcon.colcon_core.shell:Creating environment descriptor '/home/carl/Desktop/d2lros2/chapt2/fishbot_ws/install/cartographer/share/cartographer/hook/pythonscriptspath.dsv'
[214.986s] INFO:colcon.colcon_core.shell:Creating environment hook '/home/carl/Desktop/d2lros2/chapt2/fishbot_ws/install/cartographer/share/cartographer/hook/pythonscriptspath.sh'
[214.987s] INFO:colcon.colcon_core.shell:Creating package script '/home/carl/Desktop/d2lros2/chapt2/fishbot_ws/install/cartographer/share/cartographer/package.ps1'
[214.988s] INFO:colcon.colcon_core.shell:Creating package descriptor '/home/carl/Desktop/d2lros2/chapt2/fishbot_ws/install/cartographer/share/cartographer/package.dsv'
[214.988s] INFO:colcon.colcon_core.shell:Creating package script '/home/carl/Desktop/d2lros2/chapt2/fishbot_ws/install/cartographer/share/cartographer/package.sh'
[214.988s] INFO:colcon.colcon_core.shell:Creating package script '/home/carl/Desktop/d2lros2/chapt2/fishbot_ws/install/cartographer/share/cartographer/package.bash'
[214.988s] INFO:colcon.colcon_core.shell:Creating package script '/home/carl/Desktop/d2lros2/chapt2/fishbot_ws/install/cartographer/share/cartographer/package.zsh'
[214.989s] Level 1:colcon.colcon_core.environment:create_file_with_runtime_dependencies(/home/carl/Desktop/d2lros2/chapt2/fishbot_ws/install/cartographer/share/colcon-core/packages/cartographer)
[214.989s] INFO:colcon.colcon_ros.task.ament_cmake.build:Building ROS package in '/home/carl/Desktop/d2lros2/chapt2/fishbot_ws/src/cartographer_ros/cartographer_ros' with build type 'ament_cmake'
[214.989s] INFO:colcon.colcon_cmake.task.cmake.build:Building CMake package in '/home/carl/Desktop/d2lros2/chapt2/fishbot_ws/src/cartographer_ros/cartographer_ros'
[214.990s] INFO:colcon.colcon_core.shell:Skip shell extension 'powershell' for command environment: Not usable outside of PowerShell
[214.990s] DEBUG:colcon.colcon_core.shell:Skip shell extension 'dsv' for command environment
[214.999s] DEBUG:colcon.colcon_core.event_handler.log_command:Invoking command in '/home/carl/Desktop/d2lros2/chapt2/fishbot_ws/build/cartographer_ros': AMENT_PREFIX_PATH=/home/carl/Desktop/d2lros2/chapt2/fishbot_ws/install/cartographer_ros_msgs:${AMENT_PREFIX_PATH} CMAKE_PREFIX_PATH=/home/carl/Desktop/d2lros2/chapt2/fishbot_ws/install/cartographer_ros_msgs:/home/carl/Desktop/d2lros2/chapt2/fishbot_ws/install/cartographer:/opt/ros/humble LD_LIBRARY_PATH=/home/carl/Desktop/d2lros2/chapt2/fishbot_ws/install/cartographer_ros_msgs/lib:${LD_LIBRARY_PATH} PATH=/home/carl/Desktop/d2lros2/chapt2/fishbot_ws/install/cartographer/bin:${PATH} PKG_CONFIG_PATH=/home/carl/Desktop/d2lros2/chapt2/fishbot_ws/install/cartographer/lib/x86_64-linux-gnu/pkgconfig:/home/carl/Desktop/d2lros2/chapt2/fishbot_ws/install/cartographer/lib/pkgconfig PYTHONPATH=/home/carl/Desktop/d2lros2/chapt2/fishbot_ws/install/cartographer_ros_msgs/local/lib/python3.10/dist-packages:${PYTHONPATH} /usr/bin/cmake /home/carl/Desktop/d2lros2/chapt2/fishbot_ws/src/cartographer_ros/cartographer_ros -DCMAKE_INSTALL_PREFIX=/home/carl/Desktop/d2lros2/chapt2/fishbot_ws/install/cartographer_ros
[217.918s] DEBUG:colcon.colcon_core.event_handler.log_command:Invoked command in '/home/carl/Desktop/d2lros2/chapt2/fishbot_ws/build/cartographer_ros' returned '0': AMENT_PREFIX_PATH=/home/carl/Desktop/d2lros2/chapt2/fishbot_ws/install/cartographer_ros_msgs:${AMENT_PREFIX_PATH} CMAKE_PREFIX_PATH=/home/carl/Desktop/d2lros2/chapt2/fishbot_ws/install/cartographer_ros_msgs:/home/carl/Desktop/d2lros2/chapt2/fishbot_ws/install/cartographer:/opt/ros/humble LD_LIBRARY_PATH=/home/carl/Desktop/d2lros2/chapt2/fishbot_ws/install/cartographer_ros_msgs/lib:${LD_LIBRARY_PATH} PATH=/home/carl/Desktop/d2lros2/chapt2/fishbot_ws/install/cartographer/bin:${PATH} PKG_CONFIG_PATH=/home/carl/Desktop/d2lros2/chapt2/fishbot_ws/install/cartographer/lib/x86_64-linux-gnu/pkgconfig:/home/carl/Desktop/d2lros2/chapt2/fishbot_ws/install/cartographer/lib/pkgconfig PYTHONPATH=/home/carl/Desktop/d2lros2/chapt2/fishbot_ws/install/cartographer_ros_msgs/local/lib/python3.10/dist-packages:${PYTHONPATH} /usr/bin/cmake /home/carl/Desktop/d2lros2/chapt2/fishbot_ws/src/cartographer_ros/cartographer_ros -DCMAKE_INSTALL_PREFIX=/home/carl/Desktop/d2lros2/chapt2/fishbot_ws/install/cartographer_ros
[217.919s] DEBUG:colcon.colcon_core.event_handler.log_command:Invoking command in '/home/carl/Desktop/d2lros2/chapt2/fishbot_ws/build/cartographer_ros': AMENT_PREFIX_PATH=/home/carl/Desktop/d2lros2/chapt2/fishbot_ws/install/cartographer_ros_msgs:${AMENT_PREFIX_PATH} CMAKE_PREFIX_PATH=/home/carl/Desktop/d2lros2/chapt2/fishbot_ws/install/cartographer_ros_msgs:/home/carl/Desktop/d2lros2/chapt2/fishbot_ws/install/cartographer:/opt/ros/humble LD_LIBRARY_PATH=/home/carl/Desktop/d2lros2/chapt2/fishbot_ws/install/cartographer_ros_msgs/lib:${LD_LIBRARY_PATH} PATH=/home/carl/Desktop/d2lros2/chapt2/fishbot_ws/install/cartographer/bin:${PATH} PKG_CONFIG_PATH=/home/carl/Desktop/d2lros2/chapt2/fishbot_ws/install/cartographer/lib/x86_64-linux-gnu/pkgconfig:/home/carl/Desktop/d2lros2/chapt2/fishbot_ws/install/cartographer/lib/pkgconfig PYTHONPATH=/home/carl/Desktop/d2lros2/chapt2/fishbot_ws/install/cartographer_ros_msgs/local/lib/python3.10/dist-packages:${PYTHONPATH} /usr/bin/cmake --build /home/carl/Desktop/d2lros2/chapt2/fishbot_ws/build/cartographer_ros -- -j8 -l8
[274.919s] DEBUG:colcon.colcon_core.event_handler.log_command:Invoked command in '/home/carl/Desktop/d2lros2/chapt2/fishbot_ws/build/cartographer_ros' returned '0': AMENT_PREFIX_PATH=/home/carl/Desktop/d2lros2/chapt2/fishbot_ws/install/cartographer_ros_msgs:${AMENT_PREFIX_PATH} CMAKE_PREFIX_PATH=/home/carl/Desktop/d2lros2/chapt2/fishbot_ws/install/cartographer_ros_msgs:/home/carl/Desktop/d2lros2/chapt2/fishbot_ws/install/cartographer:/opt/ros/humble LD_LIBRARY_PATH=/home/carl/Desktop/d2lros2/chapt2/fishbot_ws/install/cartographer_ros_msgs/lib:${LD_LIBRARY_PATH} PATH=/home/carl/Desktop/d2lros2/chapt2/fishbot_ws/install/cartographer/bin:${PATH} PKG_CONFIG_PATH=/home/carl/Desktop/d2lros2/chapt2/fishbot_ws/install/cartographer/lib/x86_64-linux-gnu/pkgconfig:/home/carl/Desktop/d2lros2/chapt2/fishbot_ws/install/cartographer/lib/pkgconfig PYTHONPATH=/home/carl/Desktop/d2lros2/chapt2/fishbot_ws/install/cartographer_ros_msgs/local/lib/python3.10/dist-packages:${PYTHONPATH} /usr/bin/cmake --build /home/carl/Desktop/d2lros2/chapt2/fishbot_ws/build/cartographer_ros -- -j8 -l8
[274.963s] DEBUG:colcon.colcon_core.event_handler.log_command:Invoking command in '/home/carl/Desktop/d2lros2/chapt2/fishbot_ws/build/cartographer_ros': AMENT_PREFIX_PATH=/home/carl/Desktop/d2lros2/chapt2/fishbot_ws/install/cartographer_ros_msgs:${AMENT_PREFIX_PATH} CMAKE_PREFIX_PATH=/home/carl/Desktop/d2lros2/chapt2/fishbot_ws/install/cartographer_ros_msgs:/home/carl/Desktop/d2lros2/chapt2/fishbot_ws/install/cartographer:/opt/ros/humble LD_LIBRARY_PATH=/home/carl/Desktop/d2lros2/chapt2/fishbot_ws/install/cartographer_ros_msgs/lib:${LD_LIBRARY_PATH} PATH=/home/carl/Desktop/d2lros2/chapt2/fishbot_ws/install/cartographer/bin:${PATH} PKG_CONFIG_PATH=/home/carl/Desktop/d2lros2/chapt2/fishbot_ws/install/cartographer/lib/x86_64-linux-gnu/pkgconfig:/home/carl/Desktop/d2lros2/chapt2/fishbot_ws/install/cartographer/lib/pkgconfig PYTHONPATH=/home/carl/Desktop/d2lros2/chapt2/fishbot_ws/install/cartographer_ros_msgs/local/lib/python3.10/dist-packages:${PYTHONPATH} /usr/bin/cmake --install /home/carl/Desktop/d2lros2/chapt2/fishbot_ws/build/cartographer_ros
[275.062s] Level 1:colcon.colcon_core.environment:create_environment_scripts_only(cartographer_ros)
[275.064s] Level 1:colcon.colcon_core.environment:checking '/home/carl/Desktop/d2lros2/chapt2/fishbot_ws/install/cartographer_ros' for CMake module files
[275.064s] DEBUG:colcon.colcon_core.event_handler.log_command:Invoked command in '/home/carl/Desktop/d2lros2/chapt2/fishbot_ws/build/cartographer_ros' returned '0': AMENT_PREFIX_PATH=/home/carl/Desktop/d2lros2/chapt2/fishbot_ws/install/cartographer_ros_msgs:${AMENT_PREFIX_PATH} CMAKE_PREFIX_PATH=/home/carl/Desktop/d2lros2/chapt2/fishbot_ws/install/cartographer_ros_msgs:/home/carl/Desktop/d2lros2/chapt2/fishbot_ws/install/cartographer:/opt/ros/humble LD_LIBRARY_PATH=/home/carl/Desktop/d2lros2/chapt2/fishbot_ws/install/cartographer_ros_msgs/lib:${LD_LIBRARY_PATH} PATH=/home/carl/Desktop/d2lros2/chapt2/fishbot_ws/install/cartographer/bin:${PATH} PKG_CONFIG_PATH=/home/carl/Desktop/d2lros2/chapt2/fishbot_ws/install/cartographer/lib/x86_64-linux-gnu/pkgconfig:/home/carl/Desktop/d2lros2/chapt2/fishbot_ws/install/cartographer/lib/pkgconfig PYTHONPATH=/home/carl/Desktop/d2lros2/chapt2/fishbot_ws/install/cartographer_ros_msgs/local/lib/python3.10/dist-packages:${PYTHONPATH} /usr/bin/cmake --install /home/carl/Desktop/d2lros2/chapt2/fishbot_ws/build/cartographer_ros
[275.065s] Level 1:colcon.colcon_core.environment:checking '/home/carl/Desktop/d2lros2/chapt2/fishbot_ws/install/cartographer_ros' for CMake config files
[275.065s] Level 1:colcon.colcon_core.shell:create_environment_hook('cartographer_ros', 'cmake_prefix_path')
[275.066s] INFO:colcon.colcon_core.shell:Creating environment hook '/home/carl/Desktop/d2lros2/chapt2/fishbot_ws/install/cartographer_ros/share/cartographer_ros/hook/cmake_prefix_path.ps1'
[275.066s] INFO:colcon.colcon_core.shell:Creating environment descriptor '/home/carl/Desktop/d2lros2/chapt2/fishbot_ws/install/cartographer_ros/share/cartographer_ros/hook/cmake_prefix_path.dsv'
[275.066s] INFO:colcon.colcon_core.shell:Creating environment hook '/home/carl/Desktop/d2lros2/chapt2/fishbot_ws/install/cartographer_ros/share/cartographer_ros/hook/cmake_prefix_path.sh'
[275.067s] Level 1:colcon.colcon_core.environment:checking '/home/carl/Desktop/d2lros2/chapt2/fishbot_ws/install/cartographer_ros/lib'
[275.067s] Level 1:colcon.colcon_core.environment:checking '/home/carl/Desktop/d2lros2/chapt2/fishbot_ws/install/cartographer_ros/bin'
[275.067s] Level 1:colcon.colcon_core.environment:checking '/home/carl/Desktop/d2lros2/chapt2/fishbot_ws/install/cartographer_ros/lib/pkgconfig/cartographer_ros.pc'
[275.067s] Level 1:colcon.colcon_core.environment:checking '/home/carl/Desktop/d2lros2/chapt2/fishbot_ws/install/cartographer_ros/lib/python3.10/site-packages'
[275.067s] Level 1:colcon.colcon_core.environment:checking '/home/carl/Desktop/d2lros2/chapt2/fishbot_ws/install/cartographer_ros/bin'
[275.068s] INFO:colcon.colcon_core.shell:Creating package script '/home/carl/Desktop/d2lros2/chapt2/fishbot_ws/install/cartographer_ros/share/cartographer_ros/package.ps1'
[275.069s] INFO:colcon.colcon_core.shell:Creating package descriptor '/home/carl/Desktop/d2lros2/chapt2/fishbot_ws/install/cartographer_ros/share/cartographer_ros/package.dsv'
[275.069s] INFO:colcon.colcon_core.shell:Creating package script '/home/carl/Desktop/d2lros2/chapt2/fishbot_ws/install/cartographer_ros/share/cartographer_ros/package.sh'
[275.069s] INFO:colcon.colcon_core.shell:Creating package script '/home/carl/Desktop/d2lros2/chapt2/fishbot_ws/install/cartographer_ros/share/cartographer_ros/package.bash'
[275.070s] INFO:colcon.colcon_core.shell:Creating package script '/home/carl/Desktop/d2lros2/chapt2/fishbot_ws/install/cartographer_ros/share/cartographer_ros/package.zsh'
[275.070s] Level 1:colcon.colcon_core.environment:create_file_with_runtime_dependencies(/home/carl/Desktop/d2lros2/chapt2/fishbot_ws/install/cartographer_ros/share/colcon-core/packages/cartographer_ros)
[275.113s] Level 1:colcon.colcon_core.environment:create_environment_scripts_only(cartographer_ros)
[275.115s] Level 1:colcon.colcon_core.environment:checking '/home/carl/Desktop/d2lros2/chapt2/fishbot_ws/install/cartographer_ros' for CMake module files
[275.115s] Level 1:colcon.colcon_core.environment:checking '/home/carl/Desktop/d2lros2/chapt2/fishbot_ws/install/cartographer_ros' for CMake config files
[275.115s] Level 1:colcon.colcon_core.shell:create_environment_hook('cartographer_ros', 'cmake_prefix_path')
[275.116s] INFO:colcon.colcon_core.shell:Creating environment hook '/home/carl/Desktop/d2lros2/chapt2/fishbot_ws/install/cartographer_ros/share/cartographer_ros/hook/cmake_prefix_path.ps1'
[275.117s] INFO:colcon.colcon_core.shell:Creating environment descriptor '/home/carl/Desktop/d2lros2/chapt2/fishbot_ws/install/cartographer_ros/share/cartographer_ros/hook/cmake_prefix_path.dsv'
[275.117s] INFO:colcon.colcon_core.shell:Creating environment hook '/home/carl/Desktop/d2lros2/chapt2/fishbot_ws/install/cartographer_ros/share/cartographer_ros/hook/cmake_prefix_path.sh'
[275.117s] Level 1:colcon.colcon_core.environment:checking '/home/carl/Desktop/d2lros2/chapt2/fishbot_ws/install/cartographer_ros/lib'
[275.117s] Level 1:colcon.colcon_core.environment:checking '/home/carl/Desktop/d2lros2/chapt2/fishbot_ws/install/cartographer_ros/bin'
[275.117s] Level 1:colcon.colcon_core.environment:checking '/home/carl/Desktop/d2lros2/chapt2/fishbot_ws/install/cartographer_ros/lib/pkgconfig/cartographer_ros.pc'
[275.118s] Level 1:colcon.colcon_core.environment:checking '/home/carl/Desktop/d2lros2/chapt2/fishbot_ws/install/cartographer_ros/lib/python3.10/site-packages'
[275.118s] Level 1:colcon.colcon_core.environment:checking '/home/carl/Desktop/d2lros2/chapt2/fishbot_ws/install/cartographer_ros/bin'
[275.119s] INFO:colcon.colcon_core.shell:Creating package script '/home/carl/Desktop/d2lros2/chapt2/fishbot_ws/install/cartographer_ros/share/cartographer_ros/package.ps1'
[275.119s] INFO:colcon.colcon_core.shell:Creating package descriptor '/home/carl/Desktop/d2lros2/chapt2/fishbot_ws/install/cartographer_ros/share/cartographer_ros/package.dsv'
[275.120s] INFO:colcon.colcon_core.shell:Creating package script '/home/carl/Desktop/d2lros2/chapt2/fishbot_ws/install/cartographer_ros/share/cartographer_ros/package.sh'
[275.120s] INFO:colcon.colcon_core.shell:Creating package script '/home/carl/Desktop/d2lros2/chapt2/fishbot_ws/install/cartographer_ros/share/cartographer_ros/package.bash'
[275.120s] INFO:colcon.colcon_core.shell:Creating package script '/home/carl/Desktop/d2lros2/chapt2/fishbot_ws/install/cartographer_ros/share/cartographer_ros/package.zsh'
[275.120s] Level 1:colcon.colcon_core.environment:create_file_with_runtime_dependencies(/home/carl/Desktop/d2lros2/chapt2/fishbot_ws/install/cartographer_ros/share/colcon-core/packages/cartographer_ros)
[275.121s] DEBUG:colcon.colcon_parallel_executor.executor.parallel:closing loop
[275.121s] DEBUG:colcon.colcon_parallel_executor.executor.parallel:loop closed
[275.121s] DEBUG:colcon.colcon_parallel_executor.executor.parallel:run_until_complete finished with '0'
[275.121s] DEBUG:colcon.colcon_core.event_reactor:joining thread
[275.127s] INFO:colcon.colcon_core.plugin_system:Skipping extension 'colcon_notification.desktop_notification.terminal_notifier': Not used on non-Darwin systems
[275.127s] INFO:colcon.colcon_core.plugin_system:Skipping extension 'colcon_notification.desktop_notification.win32': Not used on non-Windows systems
[275.127s] INFO:colcon.colcon_notification.desktop_notification:Sending desktop notification using 'notify2'
[275.137s] DEBUG:colcon.colcon_core.event_reactor:joined thread
[275.138s] INFO:colcon.colcon_core.shell:Creating prefix script '/home/carl/Desktop/d2lros2/chapt2/fishbot_ws/install/local_setup.ps1'
[275.139s] INFO:colcon.colcon_core.shell:Creating prefix util module '/home/carl/Desktop/d2lros2/chapt2/fishbot_ws/install/_local_setup_util_ps1.py'
[275.140s] INFO:colcon.colcon_core.shell:Creating prefix chain script '/home/carl/Desktop/d2lros2/chapt2/fishbot_ws/install/setup.ps1'
[275.140s] INFO:colcon.colcon_core.shell:Creating prefix script '/home/carl/Desktop/d2lros2/chapt2/fishbot_ws/install/local_setup.sh'
[275.141s] INFO:colcon.colcon_core.shell:Creating prefix util module '/home/carl/Desktop/d2lros2/chapt2/fishbot_ws/install/_local_setup_util_sh.py'
[275.141s] INFO:colcon.colcon_core.shell:Creating prefix chain script '/home/carl/Desktop/d2lros2/chapt2/fishbot_ws/install/setup.sh'
[275.142s] INFO:colcon.colcon_core.shell:Creating prefix script '/home/carl/Desktop/d2lros2/chapt2/fishbot_ws/install/local_setup.bash'
[275.142s] INFO:colcon.colcon_core.shell:Creating prefix chain script '/home/carl/Desktop/d2lros2/chapt2/fishbot_ws/install/setup.bash'
[275.143s] INFO:colcon.colcon_core.shell:Creating prefix script '/home/carl/Desktop/d2lros2/chapt2/fishbot_ws/install/local_setup.zsh'
[275.144s] INFO:colcon.colcon_core.shell:Creating prefix chain script '/home/carl/Desktop/d2lros2/chapt2/fishbot_ws/install/setup.zsh'
