[0.533s] Invoking command in '/home/carl/Desktop/d2lros2/chapt2/chapt8_ws/src/fishbot_description': CONDA_PROMPT_MODIFIER=(base) PYTHONPATH=/home/carl/Desktop/d2lros2/chapt2/chapt8_ws/src/build/fishbot_description/prefix_override:/home/carl/Desktop/d2lros2/chapt2/chapt8_ws/src/install/fishbot_description/lib/python3.10/site-packages:${PYTHONPATH} /usr/bin/python3 setup.py egg_info --egg-base ../build/fishbot_description build --build-base /home/carl/Desktop/d2lros2/chapt2/chapt8_ws/src/build/fishbot_description/build install --record /home/carl/Desktop/d2lros2/chapt2/chapt8_ws/src/build/fishbot_description/install.log --single-version-externally-managed
[0.735s] running egg_info
[0.735s] writing ../build/fishbot_description/fishbot_description.egg-info/PKG-INFO
[0.736s] writing dependency_links to ../build/fishbot_description/fishbot_description.egg-info/dependency_links.txt
[0.736s] writing entry points to ../build/fishbot_description/fishbot_description.egg-info/entry_points.txt
[0.736s] writing requirements to ../build/fishbot_description/fishbot_description.egg-info/requires.txt
[0.736s] writing top-level names to ../build/fishbot_description/fishbot_description.egg-info/top_level.txt
[0.738s] reading manifest file '../build/fishbot_description/fishbot_description.egg-info/SOURCES.txt'
[0.739s] writing manifest file '../build/fishbot_description/fishbot_description.egg-info/SOURCES.txt'
[0.739s] running build
[0.739s] running build_py
[0.739s] running install
[0.740s] running install_lib
[0.741s] running install_data
[0.741s] copying launch/gazebo.launch.py -> /home/carl/Desktop/d2lros2/chapt2/chapt8_ws/src/install/fishbot_description/share/fishbot_description/launch
[0.742s] running install_egg_info
[0.743s] removing '/home/carl/Desktop/d2lros2/chapt2/chapt8_ws/src/install/fishbot_description/lib/python3.10/site-packages/fishbot_description-0.0.0-py3.10.egg-info' (and everything under it)
[0.743s] Copying ../build/fishbot_description/fishbot_description.egg-info to /home/carl/Desktop/d2lros2/chapt2/chapt8_ws/src/install/fishbot_description/lib/python3.10/site-packages/fishbot_description-0.0.0-py3.10.egg-info
[0.744s] running install_scripts
[0.760s] Installing rotate_wheel script to /home/carl/Desktop/d2lros2/chapt2/chapt8_ws/src/install/fishbot_description/lib/fishbot_description
[0.760s] writing list of installed files to '/home/carl/Desktop/d2lros2/chapt2/chapt8_ws/src/build/fishbot_description/install.log'
[0.778s] Invoked command in '/home/carl/Desktop/d2lros2/chapt2/chapt8_ws/src/fishbot_description' returned '0': CONDA_PROMPT_MODIFIER=(base) PYTHONPATH=/home/carl/Desktop/d2lros2/chapt2/chapt8_ws/src/build/fishbot_description/prefix_override:/home/carl/Desktop/d2lros2/chapt2/chapt8_ws/src/install/fishbot_description/lib/python3.10/site-packages:${PYTHONPATH} /usr/bin/python3 setup.py egg_info --egg-base ../build/fishbot_description build --build-base /home/carl/Desktop/d2lros2/chapt2/chapt8_ws/src/build/fishbot_description/build install --record /home/carl/Desktop/d2lros2/chapt2/chapt8_ws/src/build/fishbot_description/install.log --single-version-externally-managed
