[0.446s] Invoking command in '/home/carl/Desktop/d2lros2/chapt2/chapt5_ws/src/robot_startup': PYTHONPATH=/home/carl/Desktop/d2lros2/chapt2/chapt5_ws/src/build/robot_startup/prefix_override:/home/carl/Desktop/d2lros2/chapt2/chapt5_ws/src/install/robot_startup/lib/python3.10/site-packages:${PYTHONPATH} /usr/bin/python3 setup.py egg_info --egg-base ../build/robot_startup build --build-base /home/carl/Desktop/d2lros2/chapt2/chapt5_ws/src/build/robot_startup/build install --record /home/carl/Desktop/d2lros2/chapt2/chapt5_ws/src/build/robot_startup/install.log --single-version-externally-managed
[0.627s] running egg_info
[0.627s] creating ../build/robot_startup/robot_startup.egg-info
[0.627s] writing ../build/robot_startup/robot_startup.egg-info/PKG-INFO
[0.627s] writing dependency_links to ../build/robot_startup/robot_startup.egg-info/dependency_links.txt
[0.628s] writing entry points to ../build/robot_startup/robot_startup.egg-info/entry_points.txt
[0.628s] writing requirements to ../build/robot_startup/robot_startup.egg-info/requires.txt
[0.628s] writing top-level names to ../build/robot_startup/robot_startup.egg-info/top_level.txt
[0.628s] writing manifest file '../build/robot_startup/robot_startup.egg-info/SOURCES.txt'
[0.629s] reading manifest file '../build/robot_startup/robot_startup.egg-info/SOURCES.txt'
[0.630s] writing manifest file '../build/robot_startup/robot_startup.egg-info/SOURCES.txt'
[0.630s] running build
[0.630s] running build_py
[0.630s] creating /home/carl/Desktop/d2lros2/chapt2/chapt5_ws/src/build/robot_startup/build
[0.630s] creating /home/carl/Desktop/d2lros2/chapt2/chapt5_ws/src/build/robot_startup/build/lib
[0.630s] creating /home/carl/Desktop/d2lros2/chapt2/chapt5_ws/src/build/robot_startup/build/lib/robot_startup
[0.630s] copying robot_startup/__init__.py -> /home/carl/Desktop/d2lros2/chapt2/chapt5_ws/src/build/robot_startup/build/lib/robot_startup
[0.630s] running install
[0.630s] /usr/lib/python3/dist-packages/setuptools/command/install.py:34: SetuptoolsDeprecationWarning: setup.py install is deprecated. Use build and pip and other standards-based tools.
[0.630s]   warnings.warn(
[0.630s] running install_lib
[0.631s] creating /home/carl/Desktop/d2lros2/chapt2/chapt5_ws/src/install/robot_startup/lib/python3.10/site-packages/robot_startup
[0.631s] copying /home/carl/Desktop/d2lros2/chapt2/chapt5_ws/src/build/robot_startup/build/lib/robot_startup/__init__.py -> /home/carl/Desktop/d2lros2/chapt2/chapt5_ws/src/install/robot_startup/lib/python3.10/site-packages/robot_startup
[0.631s] byte-compiling /home/carl/Desktop/d2lros2/chapt2/chapt5_ws/src/install/robot_startup/lib/python3.10/site-packages/robot_startup/__init__.py to __init__.cpython-310.pyc
[0.632s] running install_data
[0.632s] creating /home/carl/Desktop/d2lros2/chapt2/chapt5_ws/src/install/robot_startup/share/ament_index
[0.632s] creating /home/carl/Desktop/d2lros2/chapt2/chapt5_ws/src/install/robot_startup/share/ament_index/resource_index
[0.632s] creating /home/carl/Desktop/d2lros2/chapt2/chapt5_ws/src/install/robot_startup/share/ament_index/resource_index/packages
[0.632s] copying resource/robot_startup -> /home/carl/Desktop/d2lros2/chapt2/chapt5_ws/src/install/robot_startup/share/ament_index/resource_index/packages
[0.632s] copying package.xml -> /home/carl/Desktop/d2lros2/chapt2/chapt5_ws/src/install/robot_startup/share/robot_startup
[0.632s] creating /home/carl/Desktop/d2lros2/chapt2/chapt5_ws/src/install/robot_startup/share/robot_startup/launch
[0.632s] copying launch/example_action.launch.py -> /home/carl/Desktop/d2lros2/chapt2/chapt5_ws/src/install/robot_startup/share/robot_startup/launch
[0.632s] running install_egg_info
[0.633s] Copying ../build/robot_startup/robot_startup.egg-info to /home/carl/Desktop/d2lros2/chapt2/chapt5_ws/src/install/robot_startup/lib/python3.10/site-packages/robot_startup-0.0.0-py3.10.egg-info
[0.634s] running install_scripts
[0.650s] writing list of installed files to '/home/carl/Desktop/d2lros2/chapt2/chapt5_ws/src/build/robot_startup/install.log'
[0.670s] Invoked command in '/home/carl/Desktop/d2lros2/chapt2/chapt5_ws/src/robot_startup' returned '0': PYTHONPATH=/home/carl/Desktop/d2lros2/chapt2/chapt5_ws/src/build/robot_startup/prefix_override:/home/carl/Desktop/d2lros2/chapt2/chapt5_ws/src/install/robot_startup/lib/python3.10/site-packages:${PYTHONPATH} /usr/bin/python3 setup.py egg_info --egg-base ../build/robot_startup build --build-base /home/carl/Desktop/d2lros2/chapt2/chapt5_ws/src/build/robot_startup/build install --record /home/carl/Desktop/d2lros2/chapt2/chapt5_ws/src/build/robot_startup/install.log --single-version-externally-managed
