[0.011s] Invoking command in '/home/carl/Desktop/d2lros2/chapt2/chapt4_ws/build/robot_control_interfaces': CMAKE_PREFIX_PATH=/opt/ros/humble /usr/bin/cmake /home/carl/Desktop/d2lros2/chapt2/chapt4_ws/src/robot_control_interfaces -DCMAKE_INSTALL_PREFIX=/home/carl/Desktop/d2lros2/chapt2/chapt4_ws/install/robot_control_interfaces
[0.094s] -- The C compiler identification is GNU 11.3.0
[0.173s] -- The CXX compiler identification is GNU 11.3.0
[0.183s] -- Detecting C compiler ABI info
[0.230s] -- Detecting C compiler ABI info - done
[0.236s] -- Check for working C compiler: /usr/bin/cc - skipped
[0.236s] -- Detecting C compile features
[0.237s] -- Detecting C compile features - done
[0.240s] -- Detecting CXX compiler ABI info
[0.295s] -- Detecting CXX compiler ABI info - done
[0.302s] -- Check for working CXX compiler: /usr/bin/c++ - skipped
[0.302s] -- Detecting CXX compile features
[0.302s] -- Detecting CXX compile features - done
[0.308s] -- Found ament_cmake: 1.3.3 (/opt/ros/humble/share/ament_cmake/cmake)
[0.437s] -- Found Python3: /usr/bin/python3.10 (found version "3.10.6") found components: Interpreter 
[0.523s] -- Found rosidl_default_generators: 1.2.0 (/opt/ros/humble/share/rosidl_default_generators/cmake)
[0.531s] -- Using all available rosidl_typesupport_c: rosidl_typesupport_fastrtps_c;rosidl_typesupport_introspection_c
[0.538s] -- Found rosidl_adapter: 3.1.4 (/opt/ros/humble/share/rosidl_adapter/cmake)
[0.578s] -- Using all available rosidl_typesupport_cpp: rosidl_typesupport_fastrtps_cpp;rosidl_typesupport_introspection_cpp
[0.891s] -- Found ament_cmake_ros: 0.10.0 (/opt/ros/humble/share/ament_cmake_ros/cmake)
[1.044s] -- Using all available rosidl_typesupport_c: rosidl_typesupport_fastrtps_c;rosidl_typesupport_introspection_c
[1.234s] -- Using all available rosidl_typesupport_cpp: rosidl_typesupport_fastrtps_cpp;rosidl_typesupport_introspection_cpp
[1.250s] -- Found PythonInterp: /usr/bin/python3 (found suitable version "3.10.6", minimum required is "3.6") 
[1.251s] -- Found python_cmake_module: 0.10.0 (/opt/ros/humble/share/python_cmake_module/cmake)
[1.272s] -- Found PythonLibs: /usr/lib/x86_64-linux-gnu/libpython3.10.so (found suitable version "3.10.6", minimum required is "3.5") 
[1.272s] -- Using PYTHON_EXECUTABLE: /usr/bin/python3
[1.273s] -- Using PYTHON_INCLUDE_DIRS: /usr/include/python3.10
[1.273s] -- Using PYTHON_LIBRARIES: /usr/lib/x86_64-linux-gnu/libpython3.10.so
[1.287s] -- Found PythonExtra: .so  
[1.324s] -- Found ament_lint_auto: 0.12.5 (/opt/ros/humble/share/ament_lint_auto/cmake)
[1.345s] -- Added test 'lint_cmake' to check CMake code style
[1.346s] -- Added test 'xmllint' to check XML markup files
[1.348s] -- Configuring done
[1.372s] -- Generating done
[1.374s] -- Build files have been written to: /home/carl/Desktop/d2lros2/chapt2/chapt4_ws/build/robot_control_interfaces
[1.378s] Invoked command in '/home/carl/Desktop/d2lros2/chapt2/chapt4_ws/build/robot_control_interfaces' returned '0': CMAKE_PREFIX_PATH=/opt/ros/humble /usr/bin/cmake /home/carl/Desktop/d2lros2/chapt2/chapt4_ws/src/robot_control_interfaces -DCMAKE_INSTALL_PREFIX=/home/carl/Desktop/d2lros2/chapt2/chapt4_ws/install/robot_control_interfaces
[1.380s] Invoking command in '/home/carl/Desktop/d2lros2/chapt2/chapt4_ws/build/robot_control_interfaces': CMAKE_PREFIX_PATH=/opt/ros/humble /usr/bin/cmake --build /home/carl/Desktop/d2lros2/chapt2/chapt4_ws/build/robot_control_interfaces -- -j8 -l8
[1.403s] [  3%] [34m[1mGenerating C code for ROS interfaces[0m
[1.409s] [  6%] [34m[1mGenerating C++ code for ROS interfaces[0m
[1.415s] [  6%] Built target ament_cmake_python_copy_robot_control_interfaces
[1.707s] running egg_info
[1.708s] creating robot_control_interfaces.egg-info
[1.708s] writing robot_control_interfaces.egg-info/PKG-INFO
[1.708s] writing dependency_links to robot_control_interfaces.egg-info/dependency_links.txt
[1.709s] writing top-level names to robot_control_interfaces.egg-info/top_level.txt
[1.709s] writing manifest file 'robot_control_interfaces.egg-info/SOURCES.txt'
[1.713s] reading manifest file 'robot_control_interfaces.egg-info/SOURCES.txt'
[1.714s] writing manifest file 'robot_control_interfaces.egg-info/SOURCES.txt'
[1.735s] [  6%] Built target ament_cmake_python_build_robot_control_interfaces_egg
[1.819s] [  9%] [32mBuilding C object CMakeFiles/robot_control_interfaces__rosidl_generator_c.dir/rosidl_generator_c/robot_control_interfaces/action/detail/move_robot__functions.c.o[0m
[1.909s] [  9%] Built target robot_control_interfaces__cpp
[1.915s] [ 19%] [34m[1mGenerating C++ type support dispatch for ROS interfaces[0m
[1.916s] [ 19%] [34m[1mGenerating C++ introspection for ROS interfaces[0m
[1.916s] [ 19%] [34m[1mGenerating C++ type support for eProsima Fast-RTPS[0m
[1.938s] [ 22%] [32m[1mLinking C shared library librobot_control_interfaces__rosidl_generator_c.so[0m
[1.967s] [ 22%] Built target robot_control_interfaces__rosidl_generator_c
[1.974s] [ 25%] [34m[1mGenerating C type support for eProsima Fast-RTPS[0m
[1.975s] [ 32%] [34m[1mGenerating C introspection for ROS interfaces[0m
[1.975s] [ 32%] [34m[1mGenerating C type support dispatch for ROS interfaces[0m
[2.196s] [ 35%] [32mBuilding CXX object CMakeFiles/robot_control_interfaces__rosidl_typesupport_cpp.dir/rosidl_typesupport_cpp/robot_control_interfaces/action/move_robot__type_support.cpp.o[0m
[2.321s] [ 38%] [32mBuilding CXX object CMakeFiles/robot_control_interfaces__rosidl_typesupport_fastrtps_c.dir/rosidl_typesupport_fastrtps_c/robot_control_interfaces/action/detail/move_robot__type_support_c.cpp.o[0m
[2.409s] [ 41%] [32mBuilding CXX object CMakeFiles/robot_control_interfaces__rosidl_typesupport_c.dir/rosidl_typesupport_c/robot_control_interfaces/action/move_robot__type_support.cpp.o[0m
[2.418s] [ 45%] [32mBuilding CXX object CMakeFiles/robot_control_interfaces__rosidl_typesupport_introspection_cpp.dir/rosidl_typesupport_introspection_cpp/robot_control_interfaces/action/detail/move_robot__type_support.cpp.o[0m
[2.457s] [ 48%] [32m[1mLinking CXX shared library librobot_control_interfaces__rosidl_typesupport_c.so[0m
[2.489s] [ 48%] Built target robot_control_interfaces__rosidl_typesupport_c
[2.494s] [ 51%] [32mBuilding CXX object CMakeFiles/robot_control_interfaces__rosidl_typesupport_fastrtps_cpp.dir/rosidl_typesupport_fastrtps_cpp/robot_control_interfaces/action/detail/dds_fastrtps/move_robot__type_support.cpp.o[0m
[2.525s] [ 54%] [32mBuilding C object CMakeFiles/robot_control_interfaces__rosidl_typesupport_introspection_c.dir/rosidl_typesupport_introspection_c/robot_control_interfaces/action/detail/move_robot__type_support.c.o[0m
[2.562s] [ 58%] [32m[1mLinking C shared library librobot_control_interfaces__rosidl_typesupport_introspection_c.so[0m
[2.583s] [ 58%] Built target robot_control_interfaces__rosidl_typesupport_introspection_c
[2.660s] [ 61%] [32m[1mLinking CXX shared library librobot_control_interfaces__rosidl_typesupport_cpp.so[0m
[2.688s] [ 61%] Built target robot_control_interfaces__rosidl_typesupport_cpp
[2.737s] [ 64%] [32m[1mLinking CXX shared library librobot_control_interfaces__rosidl_typesupport_fastrtps_c.so[0m
[2.805s] [ 64%] Built target robot_control_interfaces__rosidl_typesupport_fastrtps_c
[2.954s] [ 67%] [32m[1mLinking CXX shared library librobot_control_interfaces__rosidl_typesupport_fastrtps_cpp.so[0m
[3.001s] [ 70%] [32m[1mLinking CXX shared library librobot_control_interfaces__rosidl_typesupport_introspection_cpp.so[0m
[3.011s] [ 70%] Built target robot_control_interfaces__rosidl_typesupport_fastrtps_cpp
[3.060s] [ 70%] Built target robot_control_interfaces__rosidl_typesupport_introspection_cpp
[3.071s] [ 70%] Built target robot_control_interfaces
[3.083s] [ 74%] [34m[1mGenerating Python code for ROS interfaces[0m
[3.727s] [ 74%] Built target robot_control_interfaces__py
[3.740s] [ 77%] [32mBuilding C object CMakeFiles/robot_control_interfaces__rosidl_generator_py.dir/rosidl_generator_py/robot_control_interfaces/action/_move_robot_s.c.o[0m
[3.876s] [ 80%] [32m[1mLinking C shared library rosidl_generator_py/robot_control_interfaces/librobot_control_interfaces__rosidl_generator_py.so[0m
[3.904s] [ 80%] Built target robot_control_interfaces__rosidl_generator_py
[3.917s] [ 90%] [32mBuilding C object CMakeFiles/robot_control_interfaces__rosidl_typesupport_introspection_c__pyext.dir/rosidl_generator_py/robot_control_interfaces/_robot_control_interfaces_s.ep.rosidl_typesupport_introspection_c.c.o[0m
[3.917s] [ 90%] [32mBuilding C object CMakeFiles/robot_control_interfaces__rosidl_typesupport_c__pyext.dir/rosidl_generator_py/robot_control_interfaces/_robot_control_interfaces_s.ep.rosidl_typesupport_c.c.o[0m
[3.918s] [ 90%] [32mBuilding C object CMakeFiles/robot_control_interfaces__rosidl_typesupport_fastrtps_c__pyext.dir/rosidl_generator_py/robot_control_interfaces/_robot_control_interfaces_s.ep.rosidl_typesupport_fastrtps_c.c.o[0m
[4.005s] [ 96%] [32m[1mLinking C shared library rosidl_generator_py/robot_control_interfaces/robot_control_interfaces_s__rosidl_typesupport_introspection_c.cpython-310-x86_64-linux-gnu.so[0m
[4.006s] [ 96%] [32m[1mLinking C shared library rosidl_generator_py/robot_control_interfaces/robot_control_interfaces_s__rosidl_typesupport_c.cpython-310-x86_64-linux-gnu.so[0m
[4.009s] [100%] [32m[1mLinking C shared library rosidl_generator_py/robot_control_interfaces/robot_control_interfaces_s__rosidl_typesupport_fastrtps_c.cpython-310-x86_64-linux-gnu.so[0m
[4.032s] [100%] Built target robot_control_interfaces__rosidl_typesupport_c__pyext
[4.033s] [100%] Built target robot_control_interfaces__rosidl_typesupport_introspection_c__pyext
[4.037s] [100%] Built target robot_control_interfaces__rosidl_typesupport_fastrtps_c__pyext
[4.045s] Invoked command in '/home/carl/Desktop/d2lros2/chapt2/chapt4_ws/build/robot_control_interfaces' returned '0': CMAKE_PREFIX_PATH=/opt/ros/humble /usr/bin/cmake --build /home/carl/Desktop/d2lros2/chapt2/chapt4_ws/build/robot_control_interfaces -- -j8 -l8
[4.079s] Invoking command in '/home/carl/Desktop/d2lros2/chapt2/chapt4_ws/build/robot_control_interfaces': CMAKE_PREFIX_PATH=/opt/ros/humble /usr/bin/cmake --install /home/carl/Desktop/d2lros2/chapt2/chapt4_ws/build/robot_control_interfaces
[4.084s] -- Install configuration: ""
[4.085s] -- Installing: /home/carl/Desktop/d2lros2/chapt2/chapt4_ws/install/robot_control_interfaces/share/ament_index/resource_index/rosidl_interfaces/robot_control_interfaces
[4.085s] -- Installing: /home/carl/Desktop/d2lros2/chapt2/chapt4_ws/install/robot_control_interfaces/include/robot_control_interfaces/robot_control_interfaces
[4.085s] -- Installing: /home/carl/Desktop/d2lros2/chapt2/chapt4_ws/install/robot_control_interfaces/include/robot_control_interfaces/robot_control_interfaces/msg
[4.085s] -- Installing: /home/carl/Desktop/d2lros2/chapt2/chapt4_ws/install/robot_control_interfaces/include/robot_control_interfaces/robot_control_interfaces/msg/rosidl_generator_c__visibility_control.h
[4.085s] -- Installing: /home/carl/Desktop/d2lros2/chapt2/chapt4_ws/install/robot_control_interfaces/include/robot_control_interfaces/robot_control_interfaces/action
[4.085s] -- Installing: /home/carl/Desktop/d2lros2/chapt2/chapt4_ws/install/robot_control_interfaces/include/robot_control_interfaces/robot_control_interfaces/action/move_robot.h
[4.085s] -- Installing: /home/carl/Desktop/d2lros2/chapt2/chapt4_ws/install/robot_control_interfaces/include/robot_control_interfaces/robot_control_interfaces/action/detail
[4.085s] -- Installing: /home/carl/Desktop/d2lros2/chapt2/chapt4_ws/install/robot_control_interfaces/include/robot_control_interfaces/robot_control_interfaces/action/detail/move_robot__struct.h
[4.085s] -- Installing: /home/carl/Desktop/d2lros2/chapt2/chapt4_ws/install/robot_control_interfaces/include/robot_control_interfaces/robot_control_interfaces/action/detail/move_robot__type_support.h
[4.085s] -- Installing: /home/carl/Desktop/d2lros2/chapt2/chapt4_ws/install/robot_control_interfaces/include/robot_control_interfaces/robot_control_interfaces/action/detail/move_robot__functions.c
[4.085s] -- Installing: /home/carl/Desktop/d2lros2/chapt2/chapt4_ws/install/robot_control_interfaces/include/robot_control_interfaces/robot_control_interfaces/action/detail/move_robot__functions.h
[4.086s] -- Installing: /home/carl/Desktop/d2lros2/chapt2/chapt4_ws/install/robot_control_interfaces/share/robot_control_interfaces/environment/library_path.sh
[4.086s] -- Installing: /home/carl/Desktop/d2lros2/chapt2/chapt4_ws/install/robot_control_interfaces/share/robot_control_interfaces/environment/library_path.dsv
[4.086s] -- Installing: /home/carl/Desktop/d2lros2/chapt2/chapt4_ws/install/robot_control_interfaces/lib/librobot_control_interfaces__rosidl_generator_c.so
[4.086s] -- Set runtime path of "/home/carl/Desktop/d2lros2/chapt2/chapt4_ws/install/robot_control_interfaces/lib/librobot_control_interfaces__rosidl_generator_c.so" to ""
[4.086s] -- Up-to-date: /home/carl/Desktop/d2lros2/chapt2/chapt4_ws/install/robot_control_interfaces/include/robot_control_interfaces/robot_control_interfaces
[4.086s] -- Up-to-date: /home/carl/Desktop/d2lros2/chapt2/chapt4_ws/install/robot_control_interfaces/include/robot_control_interfaces/robot_control_interfaces/msg
[4.086s] -- Installing: /home/carl/Desktop/d2lros2/chapt2/chapt4_ws/install/robot_control_interfaces/include/robot_control_interfaces/robot_control_interfaces/msg/rosidl_typesupport_fastrtps_c__visibility_control.h
[4.086s] -- Up-to-date: /home/carl/Desktop/d2lros2/chapt2/chapt4_ws/install/robot_control_interfaces/include/robot_control_interfaces/robot_control_interfaces/action
[4.086s] -- Up-to-date: /home/carl/Desktop/d2lros2/chapt2/chapt4_ws/install/robot_control_interfaces/include/robot_control_interfaces/robot_control_interfaces/action/detail
[4.086s] -- Installing: /home/carl/Desktop/d2lros2/chapt2/chapt4_ws/install/robot_control_interfaces/include/robot_control_interfaces/robot_control_interfaces/action/detail/move_robot__rosidl_typesupport_fastrtps_c.h
[4.086s] -- Installing: /home/carl/Desktop/d2lros2/chapt2/chapt4_ws/install/robot_control_interfaces/lib/librobot_control_interfaces__rosidl_typesupport_fastrtps_c.so
[4.086s] -- Set runtime path of "/home/carl/Desktop/d2lros2/chapt2/chapt4_ws/install/robot_control_interfaces/lib/librobot_control_interfaces__rosidl_typesupport_fastrtps_c.so" to ""
[4.087s] -- Up-to-date: /home/carl/Desktop/d2lros2/chapt2/chapt4_ws/install/robot_control_interfaces/include/robot_control_interfaces/robot_control_interfaces
[4.087s] -- Up-to-date: /home/carl/Desktop/d2lros2/chapt2/chapt4_ws/install/robot_control_interfaces/include/robot_control_interfaces/robot_control_interfaces/msg
[4.087s] -- Installing: /home/carl/Desktop/d2lros2/chapt2/chapt4_ws/install/robot_control_interfaces/include/robot_control_interfaces/robot_control_interfaces/msg/rosidl_typesupport_introspection_c__visibility_control.h
[4.087s] -- Up-to-date: /home/carl/Desktop/d2lros2/chapt2/chapt4_ws/install/robot_control_interfaces/include/robot_control_interfaces/robot_control_interfaces/action
[4.087s] -- Up-to-date: /home/carl/Desktop/d2lros2/chapt2/chapt4_ws/install/robot_control_interfaces/include/robot_control_interfaces/robot_control_interfaces/action/detail
[4.087s] -- Installing: /home/carl/Desktop/d2lros2/chapt2/chapt4_ws/install/robot_control_interfaces/include/robot_control_interfaces/robot_control_interfaces/action/detail/move_robot__rosidl_typesupport_introspection_c.h
[4.087s] -- Installing: /home/carl/Desktop/d2lros2/chapt2/chapt4_ws/install/robot_control_interfaces/include/robot_control_interfaces/robot_control_interfaces/action/detail/move_robot__type_support.c
[4.087s] -- Installing: /home/carl/Desktop/d2lros2/chapt2/chapt4_ws/install/robot_control_interfaces/lib/librobot_control_interfaces__rosidl_typesupport_introspection_c.so
[4.087s] -- Set runtime path of "/home/carl/Desktop/d2lros2/chapt2/chapt4_ws/install/robot_control_interfaces/lib/librobot_control_interfaces__rosidl_typesupport_introspection_c.so" to ""
[4.087s] -- Installing: /home/carl/Desktop/d2lros2/chapt2/chapt4_ws/install/robot_control_interfaces/lib/librobot_control_interfaces__rosidl_typesupport_c.so
[4.087s] -- Set runtime path of "/home/carl/Desktop/d2lros2/chapt2/chapt4_ws/install/robot_control_interfaces/lib/librobot_control_interfaces__rosidl_typesupport_c.so" to ""
[4.087s] -- Up-to-date: /home/carl/Desktop/d2lros2/chapt2/chapt4_ws/install/robot_control_interfaces/include/robot_control_interfaces/robot_control_interfaces
[4.087s] -- Up-to-date: /home/carl/Desktop/d2lros2/chapt2/chapt4_ws/install/robot_control_interfaces/include/robot_control_interfaces/robot_control_interfaces/action
[4.088s] -- Installing: /home/carl/Desktop/d2lros2/chapt2/chapt4_ws/install/robot_control_interfaces/include/robot_control_interfaces/robot_control_interfaces/action/move_robot.hpp
[4.088s] -- Up-to-date: /home/carl/Desktop/d2lros2/chapt2/chapt4_ws/install/robot_control_interfaces/include/robot_control_interfaces/robot_control_interfaces/action/detail
[4.088s] -- Installing: /home/carl/Desktop/d2lros2/chapt2/chapt4_ws/install/robot_control_interfaces/include/robot_control_interfaces/robot_control_interfaces/action/detail/move_robot__struct.hpp
[4.088s] -- Installing: /home/carl/Desktop/d2lros2/chapt2/chapt4_ws/install/robot_control_interfaces/include/robot_control_interfaces/robot_control_interfaces/action/detail/move_robot__builder.hpp
[4.088s] -- Installing: /home/carl/Desktop/d2lros2/chapt2/chapt4_ws/install/robot_control_interfaces/include/robot_control_interfaces/robot_control_interfaces/action/detail/move_robot__traits.hpp
[4.088s] -- Up-to-date: /home/carl/Desktop/d2lros2/chapt2/chapt4_ws/install/robot_control_interfaces/include/robot_control_interfaces/robot_control_interfaces
[4.088s] -- Up-to-date: /home/carl/Desktop/d2lros2/chapt2/chapt4_ws/install/robot_control_interfaces/include/robot_control_interfaces/robot_control_interfaces/msg
[4.088s] -- Installing: /home/carl/Desktop/d2lros2/chapt2/chapt4_ws/install/robot_control_interfaces/include/robot_control_interfaces/robot_control_interfaces/msg/rosidl_typesupport_fastrtps_cpp__visibility_control.h
[4.088s] -- Up-to-date: /home/carl/Desktop/d2lros2/chapt2/chapt4_ws/install/robot_control_interfaces/include/robot_control_interfaces/robot_control_interfaces/action
[4.088s] -- Up-to-date: /home/carl/Desktop/d2lros2/chapt2/chapt4_ws/install/robot_control_interfaces/include/robot_control_interfaces/robot_control_interfaces/action/detail
[4.088s] -- Installing: /home/carl/Desktop/d2lros2/chapt2/chapt4_ws/install/robot_control_interfaces/include/robot_control_interfaces/robot_control_interfaces/action/detail/dds_fastrtps
[4.088s] -- Installing: /home/carl/Desktop/d2lros2/chapt2/chapt4_ws/install/robot_control_interfaces/include/robot_control_interfaces/robot_control_interfaces/action/detail/move_robot__rosidl_typesupport_fastrtps_cpp.hpp
[4.088s] -- Installing: /home/carl/Desktop/d2lros2/chapt2/chapt4_ws/install/robot_control_interfaces/lib/librobot_control_interfaces__rosidl_typesupport_fastrtps_cpp.so
[4.088s] -- Set runtime path of "/home/carl/Desktop/d2lros2/chapt2/chapt4_ws/install/robot_control_interfaces/lib/librobot_control_interfaces__rosidl_typesupport_fastrtps_cpp.so" to ""
[4.088s] -- Up-to-date: /home/carl/Desktop/d2lros2/chapt2/chapt4_ws/install/robot_control_interfaces/include/robot_control_interfaces/robot_control_interfaces
[4.089s] -- Up-to-date: /home/carl/Desktop/d2lros2/chapt2/chapt4_ws/install/robot_control_interfaces/include/robot_control_interfaces/robot_control_interfaces/action
[4.089s] -- Up-to-date: /home/carl/Desktop/d2lros2/chapt2/chapt4_ws/install/robot_control_interfaces/include/robot_control_interfaces/robot_control_interfaces/action/detail
[4.089s] -- Installing: /home/carl/Desktop/d2lros2/chapt2/chapt4_ws/install/robot_control_interfaces/include/robot_control_interfaces/robot_control_interfaces/action/detail/move_robot__type_support.cpp
[4.089s] -- Installing: /home/carl/Desktop/d2lros2/chapt2/chapt4_ws/install/robot_control_interfaces/include/robot_control_interfaces/robot_control_interfaces/action/detail/move_robot__rosidl_typesupport_introspection_cpp.hpp
[4.089s] -- Installing: /home/carl/Desktop/d2lros2/chapt2/chapt4_ws/install/robot_control_interfaces/lib/librobot_control_interfaces__rosidl_typesupport_introspection_cpp.so
[4.089s] -- Set runtime path of "/home/carl/Desktop/d2lros2/chapt2/chapt4_ws/install/robot_control_interfaces/lib/librobot_control_interfaces__rosidl_typesupport_introspection_cpp.so" to ""
[4.089s] -- Installing: /home/carl/Desktop/d2lros2/chapt2/chapt4_ws/install/robot_control_interfaces/lib/librobot_control_interfaces__rosidl_typesupport_cpp.so
[4.089s] -- Set runtime path of "/home/carl/Desktop/d2lros2/chapt2/chapt4_ws/install/robot_control_interfaces/lib/librobot_control_interfaces__rosidl_typesupport_cpp.so" to ""
[4.089s] -- Installing: /home/carl/Desktop/d2lros2/chapt2/chapt4_ws/install/robot_control_interfaces/share/robot_control_interfaces/environment/pythonpath.sh
[4.090s] -- Installing: /home/carl/Desktop/d2lros2/chapt2/chapt4_ws/install/robot_control_interfaces/share/robot_control_interfaces/environment/pythonpath.dsv
[4.090s] -- Installing: /home/carl/Desktop/d2lros2/chapt2/chapt4_ws/install/robot_control_interfaces/local/lib/python3.10/dist-packages/robot_control_interfaces-0.0.0-py3.10.egg-info
[4.090s] -- Installing: /home/carl/Desktop/d2lros2/chapt2/chapt4_ws/install/robot_control_interfaces/local/lib/python3.10/dist-packages/robot_control_interfaces-0.0.0-py3.10.egg-info/PKG-INFO
[4.090s] -- Installing: /home/carl/Desktop/d2lros2/chapt2/chapt4_ws/install/robot_control_interfaces/local/lib/python3.10/dist-packages/robot_control_interfaces-0.0.0-py3.10.egg-info/top_level.txt
[4.090s] -- Installing: /home/carl/Desktop/d2lros2/chapt2/chapt4_ws/install/robot_control_interfaces/local/lib/python3.10/dist-packages/robot_control_interfaces-0.0.0-py3.10.egg-info/dependency_links.txt
[4.090s] -- Installing: /home/carl/Desktop/d2lros2/chapt2/chapt4_ws/install/robot_control_interfaces/local/lib/python3.10/dist-packages/robot_control_interfaces-0.0.0-py3.10.egg-info/SOURCES.txt
[4.090s] -- Installing: /home/carl/Desktop/d2lros2/chapt2/chapt4_ws/install/robot_control_interfaces/local/lib/python3.10/dist-packages/robot_control_interfaces
[4.091s] -- Installing: /home/carl/Desktop/d2lros2/chapt2/chapt4_ws/install/robot_control_interfaces/local/lib/python3.10/dist-packages/robot_control_interfaces/__init__.py
[4.091s] -- Installing: /home/carl/Desktop/d2lros2/chapt2/chapt4_ws/install/robot_control_interfaces/local/lib/python3.10/dist-packages/robot_control_interfaces/action
[4.091s] -- Installing: /home/carl/Desktop/d2lros2/chapt2/chapt4_ws/install/robot_control_interfaces/local/lib/python3.10/dist-packages/robot_control_interfaces/action/__init__.py
[4.091s] -- Installing: /home/carl/Desktop/d2lros2/chapt2/chapt4_ws/install/robot_control_interfaces/local/lib/python3.10/dist-packages/robot_control_interfaces/action/_move_robot_s.c
[4.091s] -- Installing: /home/carl/Desktop/d2lros2/chapt2/chapt4_ws/install/robot_control_interfaces/local/lib/python3.10/dist-packages/robot_control_interfaces/action/_move_robot.py
[4.091s] -- Installing: /home/carl/Desktop/d2lros2/chapt2/chapt4_ws/install/robot_control_interfaces/local/lib/python3.10/dist-packages/robot_control_interfaces/librobot_control_interfaces__rosidl_generator_py.so
[4.091s] -- Installing: /home/carl/Desktop/d2lros2/chapt2/chapt4_ws/install/robot_control_interfaces/local/lib/python3.10/dist-packages/robot_control_interfaces/robot_control_interfaces_s__rosidl_typesupport_introspection_c.cpython-310-x86_64-linux-gnu.so
[4.091s] -- Installing: /home/carl/Desktop/d2lros2/chapt2/chapt4_ws/install/robot_control_interfaces/local/lib/python3.10/dist-packages/robot_control_interfaces/_robot_control_interfaces_s.ep.rosidl_typesupport_c.c
[4.091s] -- Installing: /home/carl/Desktop/d2lros2/chapt2/chapt4_ws/install/robot_control_interfaces/local/lib/python3.10/dist-packages/robot_control_interfaces/robot_control_interfaces_s__rosidl_typesupport_c.cpython-310-x86_64-linux-gnu.so
[4.091s] -- Installing: /home/carl/Desktop/d2lros2/chapt2/chapt4_ws/install/robot_control_interfaces/local/lib/python3.10/dist-packages/robot_control_interfaces/_robot_control_interfaces_s.ep.rosidl_typesupport_introspection_c.c
[4.091s] -- Installing: /home/carl/Desktop/d2lros2/chapt2/chapt4_ws/install/robot_control_interfaces/local/lib/python3.10/dist-packages/robot_control_interfaces/robot_control_interfaces_s__rosidl_typesupport_fastrtps_c.cpython-310-x86_64-linux-gnu.so
[4.092s] -- Installing: /home/carl/Desktop/d2lros2/chapt2/chapt4_ws/install/robot_control_interfaces/local/lib/python3.10/dist-packages/robot_control_interfaces/_robot_control_interfaces_s.ep.rosidl_typesupport_fastrtps_c.c
[4.124s] Listing '/home/carl/Desktop/d2lros2/chapt2/chapt4_ws/install/robot_control_interfaces/local/lib/python3.10/dist-packages/robot_control_interfaces'...
[4.124s] Compiling '/home/carl/Desktop/d2lros2/chapt2/chapt4_ws/install/robot_control_interfaces/local/lib/python3.10/dist-packages/robot_control_interfaces/__init__.py'...
[4.124s] Listing '/home/carl/Desktop/d2lros2/chapt2/chapt4_ws/install/robot_control_interfaces/local/lib/python3.10/dist-packages/robot_control_interfaces/action'...
[4.124s] Compiling '/home/carl/Desktop/d2lros2/chapt2/chapt4_ws/install/robot_control_interfaces/local/lib/python3.10/dist-packages/robot_control_interfaces/action/__init__.py'...
[4.124s] Compiling '/home/carl/Desktop/d2lros2/chapt2/chapt4_ws/install/robot_control_interfaces/local/lib/python3.10/dist-packages/robot_control_interfaces/action/_move_robot.py'...
[4.128s] -- Installing: /home/carl/Desktop/d2lros2/chapt2/chapt4_ws/install/robot_control_interfaces/local/lib/python3.10/dist-packages/robot_control_interfaces/robot_control_interfaces_s__rosidl_typesupport_fastrtps_c.cpython-310-x86_64-linux-gnu.so
[4.128s] -- Set runtime path of "/home/carl/Desktop/d2lros2/chapt2/chapt4_ws/install/robot_control_interfaces/local/lib/python3.10/dist-packages/robot_control_interfaces/robot_control_interfaces_s__rosidl_typesupport_fastrtps_c.cpython-310-x86_64-linux-gnu.so" to ""
[4.129s] -- Installing: /home/carl/Desktop/d2lros2/chapt2/chapt4_ws/install/robot_control_interfaces/local/lib/python3.10/dist-packages/robot_control_interfaces/robot_control_interfaces_s__rosidl_typesupport_introspection_c.cpython-310-x86_64-linux-gnu.so
[4.129s] -- Set runtime path of "/home/carl/Desktop/d2lros2/chapt2/chapt4_ws/install/robot_control_interfaces/local/lib/python3.10/dist-packages/robot_control_interfaces/robot_control_interfaces_s__rosidl_typesupport_introspection_c.cpython-310-x86_64-linux-gnu.so" to ""
[4.129s] -- Installing: /home/carl/Desktop/d2lros2/chapt2/chapt4_ws/install/robot_control_interfaces/local/lib/python3.10/dist-packages/robot_control_interfaces/robot_control_interfaces_s__rosidl_typesupport_c.cpython-310-x86_64-linux-gnu.so
[4.129s] -- Set runtime path of "/home/carl/Desktop/d2lros2/chapt2/chapt4_ws/install/robot_control_interfaces/local/lib/python3.10/dist-packages/robot_control_interfaces/robot_control_interfaces_s__rosidl_typesupport_c.cpython-310-x86_64-linux-gnu.so" to ""
[4.129s] -- Installing: /home/carl/Desktop/d2lros2/chapt2/chapt4_ws/install/robot_control_interfaces/lib/librobot_control_interfaces__rosidl_generator_py.so
[4.129s] -- Set runtime path of "/home/carl/Desktop/d2lros2/chapt2/chapt4_ws/install/robot_control_interfaces/lib/librobot_control_interfaces__rosidl_generator_py.so" to ""
[4.130s] -- Installing: /home/carl/Desktop/d2lros2/chapt2/chapt4_ws/install/robot_control_interfaces/share/robot_control_interfaces/action/MoveRobot.idl
[4.130s] -- Installing: /home/carl/Desktop/d2lros2/chapt2/chapt4_ws/install/robot_control_interfaces/share/robot_control_interfaces/action/MoveRobot.action
[4.130s] -- Installing: /home/carl/Desktop/d2lros2/chapt2/chapt4_ws/install/robot_control_interfaces/share/ament_index/resource_index/package_run_dependencies/robot_control_interfaces
[4.130s] -- Installing: /home/carl/Desktop/d2lros2/chapt2/chapt4_ws/install/robot_control_interfaces/share/ament_index/resource_index/parent_prefix_path/robot_control_interfaces
[4.130s] -- Installing: /home/carl/Desktop/d2lros2/chapt2/chapt4_ws/install/robot_control_interfaces/share/robot_control_interfaces/environment/ament_prefix_path.sh
[4.130s] -- Installing: /home/carl/Desktop/d2lros2/chapt2/chapt4_ws/install/robot_control_interfaces/share/robot_control_interfaces/environment/ament_prefix_path.dsv
[4.130s] -- Installing: /home/carl/Desktop/d2lros2/chapt2/chapt4_ws/install/robot_control_interfaces/share/robot_control_interfaces/environment/path.sh
[4.130s] -- Installing: /home/carl/Desktop/d2lros2/chapt2/chapt4_ws/install/robot_control_interfaces/share/robot_control_interfaces/environment/path.dsv
[4.130s] -- Installing: /home/carl/Desktop/d2lros2/chapt2/chapt4_ws/install/robot_control_interfaces/share/robot_control_interfaces/local_setup.bash
[4.130s] -- Installing: /home/carl/Desktop/d2lros2/chapt2/chapt4_ws/install/robot_control_interfaces/share/robot_control_interfaces/local_setup.sh
[4.131s] -- Installing: /home/carl/Desktop/d2lros2/chapt2/chapt4_ws/install/robot_control_interfaces/share/robot_control_interfaces/local_setup.zsh
[4.131s] -- Installing: /home/carl/Desktop/d2lros2/chapt2/chapt4_ws/install/robot_control_interfaces/share/robot_control_interfaces/local_setup.dsv
[4.131s] -- Installing: /home/carl/Desktop/d2lros2/chapt2/chapt4_ws/install/robot_control_interfaces/share/robot_control_interfaces/package.dsv
[4.131s] -- Installing: /home/carl/Desktop/d2lros2/chapt2/chapt4_ws/install/robot_control_interfaces/share/ament_index/resource_index/packages/robot_control_interfaces
[4.131s] -- Installing: /home/carl/Desktop/d2lros2/chapt2/chapt4_ws/install/robot_control_interfaces/share/robot_control_interfaces/cmake/export_robot_control_interfaces__rosidl_generator_cExport.cmake
[4.131s] -- Installing: /home/carl/Desktop/d2lros2/chapt2/chapt4_ws/install/robot_control_interfaces/share/robot_control_interfaces/cmake/export_robot_control_interfaces__rosidl_generator_cExport-noconfig.cmake
[4.131s] -- Installing: /home/carl/Desktop/d2lros2/chapt2/chapt4_ws/install/robot_control_interfaces/share/robot_control_interfaces/cmake/export_robot_control_interfaces__rosidl_typesupport_fastrtps_cExport.cmake
[4.131s] -- Installing: /home/carl/Desktop/d2lros2/chapt2/chapt4_ws/install/robot_control_interfaces/share/robot_control_interfaces/cmake/export_robot_control_interfaces__rosidl_typesupport_fastrtps_cExport-noconfig.cmake
[4.131s] -- Installing: /home/carl/Desktop/d2lros2/chapt2/chapt4_ws/install/robot_control_interfaces/share/robot_control_interfaces/cmake/robot_control_interfaces__rosidl_typesupport_introspection_cExport.cmake
[4.131s] -- Installing: /home/carl/Desktop/d2lros2/chapt2/chapt4_ws/install/robot_control_interfaces/share/robot_control_interfaces/cmake/robot_control_interfaces__rosidl_typesupport_introspection_cExport-noconfig.cmake
[4.132s] -- Installing: /home/carl/Desktop/d2lros2/chapt2/chapt4_ws/install/robot_control_interfaces/share/robot_control_interfaces/cmake/robot_control_interfaces__rosidl_typesupport_cExport.cmake
[4.132s] -- Installing: /home/carl/Desktop/d2lros2/chapt2/chapt4_ws/install/robot_control_interfaces/share/robot_control_interfaces/cmake/robot_control_interfaces__rosidl_typesupport_cExport-noconfig.cmake
[4.132s] -- Installing: /home/carl/Desktop/d2lros2/chapt2/chapt4_ws/install/robot_control_interfaces/share/robot_control_interfaces/cmake/export_robot_control_interfaces__rosidl_generator_cppExport.cmake
[4.132s] -- Installing: /home/carl/Desktop/d2lros2/chapt2/chapt4_ws/install/robot_control_interfaces/share/robot_control_interfaces/cmake/export_robot_control_interfaces__rosidl_typesupport_fastrtps_cppExport.cmake
[4.132s] -- Installing: /home/carl/Desktop/d2lros2/chapt2/chapt4_ws/install/robot_control_interfaces/share/robot_control_interfaces/cmake/export_robot_control_interfaces__rosidl_typesupport_fastrtps_cppExport-noconfig.cmake
[4.132s] -- Installing: /home/carl/Desktop/d2lros2/chapt2/chapt4_ws/install/robot_control_interfaces/share/robot_control_interfaces/cmake/robot_control_interfaces__rosidl_typesupport_introspection_cppExport.cmake
[4.132s] -- Installing: /home/carl/Desktop/d2lros2/chapt2/chapt4_ws/install/robot_control_interfaces/share/robot_control_interfaces/cmake/robot_control_interfaces__rosidl_typesupport_introspection_cppExport-noconfig.cmake
[4.132s] -- Installing: /home/carl/Desktop/d2lros2/chapt2/chapt4_ws/install/robot_control_interfaces/share/robot_control_interfaces/cmake/robot_control_interfaces__rosidl_typesupport_cppExport.cmake
[4.132s] -- Installing: /home/carl/Desktop/d2lros2/chapt2/chapt4_ws/install/robot_control_interfaces/share/robot_control_interfaces/cmake/robot_control_interfaces__rosidl_typesupport_cppExport-noconfig.cmake
[4.132s] -- Installing: /home/carl/Desktop/d2lros2/chapt2/chapt4_ws/install/robot_control_interfaces/share/robot_control_interfaces/cmake/export_robot_control_interfaces__rosidl_generator_pyExport.cmake
[4.132s] -- Installing: /home/carl/Desktop/d2lros2/chapt2/chapt4_ws/install/robot_control_interfaces/share/robot_control_interfaces/cmake/export_robot_control_interfaces__rosidl_generator_pyExport-noconfig.cmake
[4.133s] -- Installing: /home/carl/Desktop/d2lros2/chapt2/chapt4_ws/install/robot_control_interfaces/share/robot_control_interfaces/cmake/rosidl_cmake-extras.cmake
[4.133s] -- Installing: /home/carl/Desktop/d2lros2/chapt2/chapt4_ws/install/robot_control_interfaces/share/robot_control_interfaces/cmake/ament_cmake_export_dependencies-extras.cmake
[4.133s] -- Installing: /home/carl/Desktop/d2lros2/chapt2/chapt4_ws/install/robot_control_interfaces/share/robot_control_interfaces/cmake/ament_cmake_export_include_directories-extras.cmake
[4.133s] -- Installing: /home/carl/Desktop/d2lros2/chapt2/chapt4_ws/install/robot_control_interfaces/share/robot_control_interfaces/cmake/ament_cmake_export_libraries-extras.cmake
[4.133s] -- Installing: /home/carl/Desktop/d2lros2/chapt2/chapt4_ws/install/robot_control_interfaces/share/robot_control_interfaces/cmake/ament_cmake_export_targets-extras.cmake
[4.133s] -- Installing: /home/carl/Desktop/d2lros2/chapt2/chapt4_ws/install/robot_control_interfaces/share/robot_control_interfaces/cmake/rosidl_cmake_export_typesupport_targets-extras.cmake
[4.133s] -- Installing: /home/carl/Desktop/d2lros2/chapt2/chapt4_ws/install/robot_control_interfaces/share/robot_control_interfaces/cmake/rosidl_cmake_export_typesupport_libraries-extras.cmake
[4.133s] -- Installing: /home/carl/Desktop/d2lros2/chapt2/chapt4_ws/install/robot_control_interfaces/share/robot_control_interfaces/cmake/robot_control_interfacesConfig.cmake
[4.133s] -- Installing: /home/carl/Desktop/d2lros2/chapt2/chapt4_ws/install/robot_control_interfaces/share/robot_control_interfaces/cmake/robot_control_interfacesConfig-version.cmake
[4.133s] -- Installing: /home/carl/Desktop/d2lros2/chapt2/chapt4_ws/install/robot_control_interfaces/share/robot_control_interfaces/package.xml
[4.136s] Invoked command in '/home/carl/Desktop/d2lros2/chapt2/chapt4_ws/build/robot_control_interfaces' returned '0': CMAKE_PREFIX_PATH=/opt/ros/humble /usr/bin/cmake --install /home/carl/Desktop/d2lros2/chapt2/chapt4_ws/build/robot_control_interfaces
