[0.011s] Invoking command in '/home/carl/Desktop/d2lros2/chapt2/fishbot_ws/src/build/fishbot_cartographer': CMAKE_PREFIX_PATH=/opt/ros/humble /usr/bin/cmake /home/carl/Desktop/d2lros2/chapt2/fishbot_ws/src/fishbot_cartographer -DCMAKE_INSTALL_PREFIX=/home/carl/Desktop/d2lros2/chapt2/fishbot_ws/src/install/fishbot_cartographer
[0.098s] -- The C compiler identification is GNU 11.3.0
[0.164s] -- The CXX compiler identification is GNU 11.3.0
[0.173s] -- Detecting C compiler ABI info
[0.223s] -- Detecting C compiler ABI info - done
[0.229s] -- Check for working C compiler: /usr/bin/cc - skipped
[0.230s] -- Detecting C compile features
[0.230s] -- Detecting C compile features - done
[0.233s] -- Detecting CXX compiler ABI info
[0.287s] -- Detecting CXX compiler ABI info - done
[0.293s] -- Check for working CXX compiler: /usr/bin/c++ - skipped
[0.293s] -- Detecting CXX compile features
[0.294s] -- Detecting CXX compile features - done
[0.299s] -- Found ament_cmake: 1.3.3 (/opt/ros/humble/share/ament_cmake/cmake)
[0.430s] -- Found Python3: /usr/bin/python3.10 (found version "3.10.6") found components: Interpreter 
[0.509s] -- Found ament_lint_auto: 0.12.5 (/opt/ros/humble/share/ament_lint_auto/cmake)
[0.578s] -- Added test 'flake8' to check Python code syntax and style conventions
[0.579s] -- Added test 'lint_cmake' to check CMake code style
[0.579s] -- Added test 'pep257' to check Python code against some of the docstring style conventions in PEP 257
[0.580s] -- Added test 'xmllint' to check XML markup files
[0.581s] -- Configuring done
[0.583s] -- Generating done
[0.584s] -- Build files have been written to: /home/carl/Desktop/d2lros2/chapt2/fishbot_ws/src/build/fishbot_cartographer
[0.587s] Invoked command in '/home/carl/Desktop/d2lros2/chapt2/fishbot_ws/src/build/fishbot_cartographer' returned '0': CMAKE_PREFIX_PATH=/opt/ros/humble /usr/bin/cmake /home/carl/Desktop/d2lros2/chapt2/fishbot_ws/src/fishbot_cartographer -DCMAKE_INSTALL_PREFIX=/home/carl/Desktop/d2lros2/chapt2/fishbot_ws/src/install/fishbot_cartographer
[0.588s] Invoking command in '/home/carl/Desktop/d2lros2/chapt2/fishbot_ws/src/build/fishbot_cartographer': CMAKE_PREFIX_PATH=/opt/ros/humble /usr/bin/cmake --build /home/carl/Desktop/d2lros2/chapt2/fishbot_ws/src/build/fishbot_cartographer -- -j8 -l8
[0.613s] Invoked command in '/home/carl/Desktop/d2lros2/chapt2/fishbot_ws/src/build/fishbot_cartographer' returned '0': CMAKE_PREFIX_PATH=/opt/ros/humble /usr/bin/cmake --build /home/carl/Desktop/d2lros2/chapt2/fishbot_ws/src/build/fishbot_cartographer -- -j8 -l8
[0.632s] Invoking command in '/home/carl/Desktop/d2lros2/chapt2/fishbot_ws/src/build/fishbot_cartographer': CMAKE_PREFIX_PATH=/opt/ros/humble /usr/bin/cmake --install /home/carl/Desktop/d2lros2/chapt2/fishbot_ws/src/build/fishbot_cartographer
[0.636s] -- Install configuration: ""
[0.637s] -- Installing: /home/carl/Desktop/d2lros2/chapt2/fishbot_ws/src/install/fishbot_cartographer/share/fishbot_cartographer/config
[0.637s] -- Installing: /home/carl/Desktop/d2lros2/chapt2/fishbot_ws/src/install/fishbot_cartographer/share/fishbot_cartographer/config/fishbot_2d.lua
[0.637s] -- Installing: /home/carl/Desktop/d2lros2/chapt2/fishbot_ws/src/install/fishbot_cartographer/share/fishbot_cartographer/launch
[0.637s] -- Installing: /home/carl/Desktop/d2lros2/chapt2/fishbot_ws/src/install/fishbot_cartographer/share/fishbot_cartographer/launch/cartographer.launch.py
[0.637s] -- Installing: /home/carl/Desktop/d2lros2/chapt2/fishbot_ws/src/install/fishbot_cartographer/share/fishbot_cartographer/rviz
[0.637s] -- Installing: /home/carl/Desktop/d2lros2/chapt2/fishbot_ws/src/install/fishbot_cartographer/share/ament_index/resource_index/package_run_dependencies/fishbot_cartographer
[0.637s] -- Installing: /home/carl/Desktop/d2lros2/chapt2/fishbot_ws/src/install/fishbot_cartographer/share/ament_index/resource_index/parent_prefix_path/fishbot_cartographer
[0.637s] -- Installing: /home/carl/Desktop/d2lros2/chapt2/fishbot_ws/src/install/fishbot_cartographer/share/fishbot_cartographer/environment/ament_prefix_path.sh
[0.637s] -- Installing: /home/carl/Desktop/d2lros2/chapt2/fishbot_ws/src/install/fishbot_cartographer/share/fishbot_cartographer/environment/ament_prefix_path.dsv
[0.637s] -- Installing: /home/carl/Desktop/d2lros2/chapt2/fishbot_ws/src/install/fishbot_cartographer/share/fishbot_cartographer/environment/path.sh
[0.637s] -- Installing: /home/carl/Desktop/d2lros2/chapt2/fishbot_ws/src/install/fishbot_cartographer/share/fishbot_cartographer/environment/path.dsv
[0.638s] -- Installing: /home/carl/Desktop/d2lros2/chapt2/fishbot_ws/src/install/fishbot_cartographer/share/fishbot_cartographer/local_setup.bash
[0.638s] -- Installing: /home/carl/Desktop/d2lros2/chapt2/fishbot_ws/src/install/fishbot_cartographer/share/fishbot_cartographer/local_setup.sh
[0.638s] -- Installing: /home/carl/Desktop/d2lros2/chapt2/fishbot_ws/src/install/fishbot_cartographer/share/fishbot_cartographer/local_setup.zsh
[0.638s] -- Installing: /home/carl/Desktop/d2lros2/chapt2/fishbot_ws/src/install/fishbot_cartographer/share/fishbot_cartographer/local_setup.dsv
[0.638s] -- Installing: /home/carl/Desktop/d2lros2/chapt2/fishbot_ws/src/install/fishbot_cartographer/share/fishbot_cartographer/package.dsv
[0.638s] -- Installing: /home/carl/Desktop/d2lros2/chapt2/fishbot_ws/src/install/fishbot_cartographer/share/ament_index/resource_index/packages/fishbot_cartographer
[0.638s] -- Installing: /home/carl/Desktop/d2lros2/chapt2/fishbot_ws/src/install/fishbot_cartographer/share/fishbot_cartographer/cmake/fishbot_cartographerConfig.cmake
[0.638s] -- Installing: /home/carl/Desktop/d2lros2/chapt2/fishbot_ws/src/install/fishbot_cartographer/share/fishbot_cartographer/cmake/fishbot_cartographerConfig-version.cmake
[0.638s] -- Installing: /home/carl/Desktop/d2lros2/chapt2/fishbot_ws/src/install/fishbot_cartographer/share/fishbot_cartographer/package.xml
[0.640s] Invoked command in '/home/carl/Desktop/d2lros2/chapt2/fishbot_ws/src/build/fishbot_cartographer' returned '0': CMAKE_PREFIX_PATH=/opt/ros/humble /usr/bin/cmake --install /home/carl/Desktop/d2lros2/chapt2/fishbot_ws/src/build/fishbot_cartographer
