[0.521s] Invoking command in '/home/carl/Desktop/d2lros2/chapt2/fishbot_ws/src/fishbot_description': PYTHONPATH=/home/carl/Desktop/d2lros2/chapt2/fishbot_ws/src/build/fishbot_description/prefix_override:/home/carl/Desktop/d2lros2/chapt2/fishbot_ws/src/install/fishbot_description/lib/python3.10/site-packages:${PYTHONPATH} /usr/bin/python3 setup.py egg_info --egg-base ../build/fishbot_description build --build-base /home/carl/Desktop/d2lros2/chapt2/fishbot_ws/src/build/fishbot_description/build install --record /home/carl/Desktop/d2lros2/chapt2/fishbot_ws/src/build/fishbot_description/install.log --single-version-externally-managed
[0.753s] running egg_info
[0.753s] writing ../build/fishbot_description/fishbot_description.egg-info/PKG-INFO
[0.753s] writing dependency_links to ../build/fishbot_description/fishbot_description.egg-info/dependency_links.txt
[0.754s] writing entry points to ../build/fishbot_description/fishbot_description.egg-info/entry_points.txt
[0.754s] writing requirements to ../build/fishbot_description/fishbot_description.egg-info/requires.txt
[0.754s] writing top-level names to ../build/fishbot_description/fishbot_description.egg-info/top_level.txt
[0.756s] reading manifest file '../build/fishbot_description/fishbot_description.egg-info/SOURCES.txt'
[0.757s] writing manifest file '../build/fishbot_description/fishbot_description.egg-info/SOURCES.txt'
[0.757s] running build
[0.757s] running build_py
[0.757s] running install
[0.757s] running install_lib
[0.759s] running install_data
[0.760s] copying urdf/fishbot_gazebo.urdf -> /home/carl/Desktop/d2lros2/chapt2/fishbot_ws/src/install/fishbot_description/share/fishbot_description/urdf
[0.760s] running install_egg_info
[0.762s] removing '/home/carl/Desktop/d2lros2/chapt2/fishbot_ws/src/install/fishbot_description/lib/python3.10/site-packages/fishbot_description-0.0.0-py3.10.egg-info' (and everything under it)
[0.762s] Copying ../build/fishbot_description/fishbot_description.egg-info to /home/carl/Desktop/d2lros2/chapt2/fishbot_ws/src/install/fishbot_description/lib/python3.10/site-packages/fishbot_description-0.0.0-py3.10.egg-info
[0.763s] running install_scripts
[0.781s] Installing rotate_wheel script to /home/carl/Desktop/d2lros2/chapt2/fishbot_ws/src/install/fishbot_description/lib/fishbot_description
[0.781s] writing list of installed files to '/home/carl/Desktop/d2lros2/chapt2/fishbot_ws/src/build/fishbot_description/install.log'
[0.822s] Invoked command in '/home/carl/Desktop/d2lros2/chapt2/fishbot_ws/src/fishbot_description' returned '0': PYTHONPATH=/home/carl/Desktop/d2lros2/chapt2/fishbot_ws/src/build/fishbot_description/prefix_override:/home/carl/Desktop/d2lros2/chapt2/fishbot_ws/src/install/fishbot_description/lib/python3.10/site-packages:${PYTHONPATH} /usr/bin/python3 setup.py egg_info --egg-base ../build/fishbot_description build --build-base /home/carl/Desktop/d2lros2/chapt2/fishbot_ws/src/build/fishbot_description/build install --record /home/carl/Desktop/d2lros2/chapt2/fishbot_ws/src/build/fishbot_description/install.log --single-version-externally-managed
